#
# There is insufficient memory for the Java Runtime Environment to continue.
# Native memory allocation (mmap) failed to map 130023424 bytes for committing reserved memory.
# Possible reasons:
#   The system is out of physical RAM or swap space
#   In 32 bit mode, the process size limit was hit
# Possible solutions:
#   Reduce memory load on the system
#   Increase physical memory or swap space
#   Check if swap backing store is full
#   Use 64 bit Java on a 64 bit OS
#   Decrease Java heap size (-Xmx/-Xms)
#   Decrease number of Java threads
#   Decrease Java thread stack sizes (-Xss)
#   Set larger code cache with -XX:ReservedCodeCacheSize=
# This output file may be truncated or incomplete.
#
#  Out of Memory Error (os_linux.cpp:2627), pid=7843, tid=0x00007fb914773700
#
# JRE version: Java(TM) SE Runtime Environment (8.0_111-b14) (build 1.8.0_111-b14)
# Java VM: Java HotSpot(TM) 64-Bit Server VM (25.111-b14 mixed mode linux-amd64 compressed oops)
# Failed to write core dump. Core dumps have been disabled. To enable core dumping, try "ulimit -c unlimited" before starting Java again
#

---------------  T H R E A D  ---------------

Current thread (0x00007fb9281c8000):  VMThread [stack: 0x00007fb914673000,0x00007fb914774000] [id=7853]

Stack: [0x00007fb914673000,0x00007fb914774000],  sp=0x00007fb9147721a0,  free space=1020k
Native frames: (J=compiled Java code, j=interpreted, Vv=VM code, C=native code)
V  [libjvm.so+0xac5c2a]  VMError::report_and_die()+0x2ba
V  [libjvm.so+0x4fc50b]  report_vm_out_of_memory(char const*, int, unsigned long, VMErrorType, char const*)+0x8b
V  [libjvm.so+0x922ae3]  os::Linux::commit_memory_impl(char*, unsigned long, bool)+0x103
V  [libjvm.so+0x923039]  os::pd_commit_memory(char*, unsigned long, unsigned long, bool)+0x29
V  [libjvm.so+0x91d33a]  os::commit_memory(char*, unsigned long, unsigned long, bool)+0x2a
V  [libjvm.so+0x991ac3]  PSVirtualSpace::expand_by(unsigned long)+0x53
V  [libjvm.so+0x992ec8]  PSYoungGen::resize_generation(unsigned long, unsigned long)+0xf8
V  [libjvm.so+0x992022]  PSYoungGen::resize(unsigned long, unsigned long)+0x22
V  [libjvm.so+0x98f2fb]  PSScavenge::invoke_no_policy()+0xf3b
V  [libjvm.so+0x98fa81]  PSScavenge::invoke()+0x41
V  [libjvm.so+0x9467d0]  ParallelScavengeHeap::failed_mem_allocate(unsigned long)+0x70
V  [libjvm.so+0xac7647]  VM_ParallelGCFailedAllocation::doit()+0x97
V  [libjvm.so+0xacf125]  VM_Operation::evaluate()+0x55
V  [libjvm.so+0xacd4fa]  VMThread::evaluate_operation(VM_Operation*)+0xba
V  [libjvm.so+0xacd87e]  VMThread::loop()+0x1ce
V  [libjvm.so+0xacdcf0]  VMThread::run()+0x70
V  [libjvm.so+0x924ea8]  java_start(Thread*)+0x108

VM_Operation (0x00007fb92e4d2b80): ParallelGCFailedAllocation, mode: safepoint, requested by thread 0x00007fb92800b000


---------------  P R O C E S S  ---------------

Java Threads: ( => current thread )
  0x00007fb929425000 JavaThread "Abandoned connection cleanup thread" daemon [_thread_blocked, id=7865, stack(0x00007fb905af1000,0x00007fb905bf2000)]
  0x00007fb928c53800 JavaThread "Service Thread" daemon [_thread_blocked, id=7861, stack(0x00007fb906f5a000,0x00007fb90705b000)]
  0x00007fb928b59000 JavaThread "C1 CompilerThread3" daemon [_thread_blocked, id=7860, stack(0x00007fb90705b000,0x00007fb90715c000)]
  0x00007fb928bc4000 JavaThread "C2 CompilerThread2" daemon [_thread_blocked, id=7859, stack(0x00007fb90715c000,0x00007fb90725d000)]
  0x00007fb928bc0000 JavaThread "C2 CompilerThread1" daemon [_thread_blocked, id=7858, stack(0x00007fb90725d000,0x00007fb90735e000)]
  0x00007fb928bc2800 JavaThread "C2 CompilerThread0" daemon [_thread_blocked, id=7857, stack(0x00007fb90735e000,0x00007fb90745f000)]
  0x00007fb928208000 JavaThread "Signal Dispatcher" daemon [_thread_blocked, id=7856, stack(0x00007fb914097000,0x00007fb914198000)]
  0x00007fb9281d4000 JavaThread "Finalizer" daemon [_thread_blocked, id=7855, stack(0x00007fb914471000,0x00007fb914572000)]
  0x00007fb9281cf800 JavaThread "Reference Handler" daemon [_thread_blocked, id=7854, stack(0x00007fb914572000,0x00007fb914673000)]
  0x00007fb92800b000 JavaThread "main" [_thread_blocked, id=7844, stack(0x00007fb92e3d9000,0x00007fb92e4da000)]

Other Threads:
=>0x00007fb9281c8000 VMThread [stack: 0x00007fb914673000,0x00007fb914774000] [id=7853]
  0x00007fb928bda800 WatcherThread [stack: 0x00007fb906e59000,0x00007fb906f5a000] [id=7862]

VM state:at safepoint (normal execution)

VM Mutex/Monitor currently owned by a thread:  ([mutex/lock_event])
[0x00007fb928007290] Threads_lock - owner thread: 0x00007fb9281c8000
[0x00007fb928007790] Heap_lock - owner thread: 0x00007fb92800b000

Heap:
 PSYoungGen      total 262144K, used 10734K [0x00000000d7000000, 0x00000000e7b00000, 0x0000000100000000)
  eden space 251392K, 0% used [0x00000000d7000000,0x00000000d7000000,0x00000000e6580000)
  from space 10752K, 99% used [0x00000000e6580000,0x00000000e6ffbaa8,0x00000000e7000000)
  to   space 10240K, 0% used [0x00000000e7000000,0x00000000e7000000,0x00000000e7a00000)
 ParOldGen       total 51200K, used 10964K [0x0000000085000000, 0x0000000088200000, 0x00000000d7000000)
  object space 51200K, 21% used [0x0000000085000000,0x0000000085ab5398,0x0000000088200000)
 Metaspace       used 28832K, capacity 29048K, committed 29440K, reserved 1075200K
  class space    used 3210K, capacity 3266K, committed 3328K, reserved 1048576K

Card table byte_map: [0x00007fb9179d6000,0x00007fb917daf000] byte_map_base: 0x00007fb9175ae000

Marking Bits: (ParMarkBitMap*) 0x00007fb92d8b2220
 Begin Bits: [0x00007fb90c280000, 0x00007fb90e140000)
 End Bits:   [0x00007fb90e140000, 0x00007fb910000000)

Polling page: 0x00007fb92e501000

CodeCache: size=245760Kb used=11777Kb max_used=11780Kb free=233982Kb
 bounds [0x00007fb91816f000, 0x00007fb918d0f000, 0x00007fb92716f000]
 total_blobs=3336 nmethods=2947 adapters=302
 compilation: enabled

Compilation events (10 events):
Event: 31,793 Thread 0x00007fb928bc0000 nmethod 3358 0x00007fb918c73ed0 code [0x00007fb918c74020, 0x00007fb918c74128]
Event: 31,794 Thread 0x00007fb928b59000 nmethod 3360 0x00007fb918cdc150 code [0x00007fb918cdc2c0, 0x00007fb918cdc528]
Event: 31,797 Thread 0x00007fb928b59000 3361       3       java.util.Formatter::checkText (58 bytes)
Event: 31,798 Thread 0x00007fb928b59000 nmethod 3361 0x00007fb918cdafd0 code [0x00007fb918cdb1c0, 0x00007fb918cdbb68]
Event: 31,798 Thread 0x00007fb928b59000 3362       3       java.util.regex.Pattern$Ctype::isSatisfiedBy (24 bytes)
Event: 31,798 Thread 0x00007fb928b59000 nmethod 3362 0x00007fb918cd9fd0 code [0x00007fb918cda160, 0x00007fb918cda4f0]
Event: 31,800 Thread 0x00007fb928b59000 3363       3       java.util.Formatter$Conversion::isGeneral (64 bytes)
Event: 31,835 Thread 0x00007fb928b59000 nmethod 3363 0x00007fb918cccf90 code [0x00007fb918ccd0e0, 0x00007fb918ccd250]
Event: 31,835 Thread 0x00007fb928b59000 3364       1       java.util.Formatter$FormatSpecifier::index (5 bytes)
Event: 31,835 Thread 0x00007fb928b59000 nmethod 3364 0x00007fb918c51b90 code [0x00007fb918c51ce0, 0x00007fb918c51df0]

GC Heap History (10 events):
Event: 3,028 GC heap after
Heap after GC invocations=5 (full 0):
 PSYoungGen      total 68608K, used 5098K [0x00000000d7000000, 0x00000000df700000, 0x0000000100000000)
  eden space 63488K, 0% used [0x00000000d7000000,0x00000000d7000000,0x00000000dae00000)
  from space 5120K, 99% used [0x00000000dae00000,0x00000000db2faa28,0x00000000db300000)
  to   space 5632K, 0% used [0x00000000df180000,0x00000000df180000,0x00000000df700000)
 ParOldGen       total 84992K, used 290K [0x0000000085000000, 0x000000008a300000, 0x00000000d7000000)
  object space 84992K, 0% used [0x0000000085000000,0x0000000085048900,0x000000008a300000)
 Metaspace       used 15027K, capacity 15170K, committed 15232K, reserved 1062912K
  class space    used 1636K, capacity 1657K, committed 1664K, reserved 1048576K
}
Event: 3,657 GC heap before
{Heap before GC invocations=6 (full 0):
 PSYoungGen      total 68608K, used 68586K [0x00000000d7000000, 0x00000000df700000, 0x0000000100000000)
  eden space 63488K, 100% used [0x00000000d7000000,0x00000000dae00000,0x00000000dae00000)
  from space 5120K, 99% used [0x00000000dae00000,0x00000000db2faa28,0x00000000db300000)
  to   space 5632K, 0% used [0x00000000df180000,0x00000000df180000,0x00000000df700000)
 ParOldGen       total 84992K, used 290K [0x0000000085000000, 0x000000008a300000, 0x00000000d7000000)
  object space 84992K, 0% used [0x0000000085000000,0x0000000085048900,0x000000008a300000)
 Metaspace       used 17378K, capacity 17602K, committed 17792K, reserved 1064960K
  class space    used 1870K, capacity 1913K, committed 1920K, reserved 1048576K
Event: 3,667 GC heap after
Heap after GC invocations=6 (full 0):
 PSYoungGen      total 131584K, used 5631K [0x00000000d7000000, 0x00000000df900000, 0x0000000100000000)
  eden space 125952K, 0% used [0x00000000d7000000,0x00000000d7000000,0x00000000deb00000)
  from space 5632K, 99% used [0x00000000df180000,0x00000000df6ffdd0,0x00000000df700000)
  to   space 6656K, 0% used [0x00000000deb00000,0x00000000deb00000,0x00000000df180000)
 ParOldGen       total 84992K, used 756K [0x0000000085000000, 0x000000008a300000, 0x00000000d7000000)
  object space 84992K, 0% used [0x0000000085000000,0x00000000850bd3c0,0x000000008a300000)
 Metaspace       used 17378K, capacity 17602K, committed 17792K, reserved 1064960K
  class space    used 1870K, capacity 1913K, committed 1920K, reserved 1048576K
}
Event: 4,853 GC heap before
{Heap before GC invocations=7 (full 0):
 PSYoungGen      total 131584K, used 131583K [0x00000000d7000000, 0x00000000df900000, 0x0000000100000000)
  eden space 125952K, 100% used [0x00000000d7000000,0x00000000deb00000,0x00000000deb00000)
  from space 5632K, 99% used [0x00000000df180000,0x00000000df6ffdd0,0x00000000df700000)
  to   space 6656K, 0% used [0x00000000deb00000,0x00000000deb00000,0x00000000df180000)
 ParOldGen       total 84992K, used 756K [0x0000000085000000, 0x000000008a300000, 0x00000000d7000000)
  object space 84992K, 0% used [0x0000000085000000,0x00000000850bd3c0,0x000000008a300000)
 Metaspace       used 20244K, capacity 20436K, committed 20736K, reserved 1067008K
  class space    used 2200K, capacity 2236K, committed 2304K, reserved 1048576K
Event: 4,891 GC heap after
Heap after GC invocations=7 (full 0):
 PSYoungGen      total 132608K, used 6635K [0x00000000d7000000, 0x00000000e7a00000, 0x0000000100000000)
  eden space 125952K, 0% used [0x00000000d7000000,0x00000000d7000000,0x00000000deb00000)
  from space 6656K, 99% used [0x00000000deb00000,0x00000000df17acd0,0x00000000df180000)
  to   space 10240K, 0% used [0x00000000e7000000,0x00000000e7000000,0x00000000e7a00000)
 ParOldGen       total 84992K, used 6473K [0x0000000085000000, 0x000000008a300000, 0x00000000d7000000)
  object space 84992K, 7% used [0x0000000085000000,0x0000000085652600,0x000000008a300000)
 Metaspace       used 20244K, capacity 20436K, committed 20736K, reserved 1067008K
  class space    used 2200K, capacity 2236K, committed 2304K, reserved 1048576K
}
Event: 5,750 GC heap before
{Heap before GC invocations=8 (full 0):
 PSYoungGen      total 132608K, used 107078K [0x00000000d7000000, 0x00000000e7a00000, 0x0000000100000000)
  eden space 125952K, 79% used [0x00000000d7000000,0x00000000dd216db8,0x00000000deb00000)
  from space 6656K, 99% used [0x00000000deb00000,0x00000000df17acd0,0x00000000df180000)
  to   space 10240K, 0% used [0x00000000e7000000,0x00000000e7000000,0x00000000e7a00000)
 ParOldGen       total 84992K, used 6473K [0x0000000085000000, 0x000000008a300000, 0x00000000d7000000)
  object space 84992K, 7% used [0x0000000085000000,0x0000000085652600,0x000000008a300000)
 Metaspace       used 20951K, capacity 21108K, committed 21296K, reserved 1069056K
  class space    used 2289K, capacity 2332K, committed 2432K, reserved 1048576K
Event: 5,778 GC heap after
Heap after GC invocations=8 (full 0):
 PSYoungGen      total 261632K, used 8078K [0x00000000d7000000, 0x00000000e7b00000, 0x0000000100000000)
  eden space 251392K, 0% used [0x00000000d7000000,0x00000000d7000000,0x00000000e6580000)
  from space 10240K, 78% used [0x00000000e7000000,0x00000000e77e3988,0x00000000e7a00000)
  to   space 10752K, 0% used [0x00000000e6580000,0x00000000e6580000,0x00000000e7000000)
 ParOldGen       total 84992K, used 6896K [0x0000000085000000, 0x000000008a300000, 0x00000000d7000000)
  object space 84992K, 8% used [0x0000000085000000,0x00000000856bc3a0,0x000000008a300000)
 Metaspace       used 20951K, capacity 21108K, committed 21296K, reserved 1069056K
  class space    used 2289K, capacity 2332K, committed 2432K, reserved 1048576K
}
Event: 5,778 GC heap before
{Heap before GC invocations=9 (full 1):
 PSYoungGen      total 261632K, used 8078K [0x00000000d7000000, 0x00000000e7b00000, 0x0000000100000000)
  eden space 251392K, 0% used [0x00000000d7000000,0x00000000d7000000,0x00000000e6580000)
  from space 10240K, 78% used [0x00000000e7000000,0x00000000e77e3988,0x00000000e7a00000)
  to   space 10752K, 0% used [0x00000000e6580000,0x00000000e6580000,0x00000000e7000000)
 ParOldGen       total 84992K, used 6896K [0x0000000085000000, 0x000000008a300000, 0x00000000d7000000)
  object space 84992K, 8% used [0x0000000085000000,0x00000000856bc3a0,0x000000008a300000)
 Metaspace       used 20951K, capacity 21108K, committed 21296K, reserved 1069056K
  class space    used 2289K, capacity 2332K, committed 2432K, reserved 1048576K
Event: 5,812 GC heap after
Heap after GC invocations=9 (full 1):
 PSYoungGen      total 261632K, used 0K [0x00000000d7000000, 0x00000000e7b00000, 0x0000000100000000)
  eden space 251392K, 0% used [0x00000000d7000000,0x00000000d7000000,0x00000000e6580000)
  from space 10240K, 0% used [0x00000000e7000000,0x00000000e7000000,0x00000000e7a00000)
  to   space 10752K, 0% used [0x00000000e6580000,0x00000000e6580000,0x00000000e7000000)
 ParOldGen       total 51200K, used 10446K [0x0000000085000000, 0x0000000088200000, 0x00000000d7000000)
  object space 51200K, 20% used [0x0000000085000000,0x0000000085a339b0,0x0000000088200000)
 Metaspace       used 20951K, capacity 21108K, committed 21296K, reserved 1069056K
  class space    used 2289K, capacity 2332K, committed 2432K, reserved 1048576K
}
Event: 33,673 GC heap before
{Heap before GC invocations=10 (full 1):
 PSYoungGen      total 261632K, used 251392K [0x00000000d7000000, 0x00000000e7b00000, 0x0000000100000000)
  eden space 251392K, 100% used [0x00000000d7000000,0x00000000e6580000,0x00000000e6580000)
  from space 10240K, 0% used [0x00000000e7000000,0x00000000e7000000,0x00000000e7a00000)
  to   space 10752K, 0% used [0x00000000e6580000,0x00000000e6580000,0x00000000e7000000)
 ParOldGen       total 51200K, used 10446K [0x0000000085000000, 0x0000000088200000, 0x00000000d7000000)
  object space 51200K, 20% used [0x0000000085000000,0x0000000085a339b0,0x0000000088200000)
 Metaspace       used 28832K, capacity 29048K, committed 29440K, reserved 1075200K
  class space    used 3210K, capacity 3266K, committed 3328K, reserved 1048576K

Deoptimization events (10 events):
Event: 8,165 Thread 0x00007fb92800b000 Uncommon trap: reason=unstable_if action=reinterpret pc=0x00007fb918b3d138 method=java.util.AbstractCollection.isEmpty()Z @ 4
Event: 8,219 Thread 0x00007fb92800b000 Uncommon trap: reason=unstable_if action=reinterpret pc=0x00007fb9182b6a58 method=java.util.zip.ZipCoder.getBytes(Ljava/lang/String;)[B @ 32
Event: 8,219 Thread 0x00007fb92800b000 Uncommon trap: reason=unstable_if action=reinterpret pc=0x00007fb9184ab058 method=java.util.zip.ZipCoder.getBytes(Ljava/lang/String;)[B @ 32
Event: 8,219 Thread 0x00007fb92800b000 Uncommon trap: reason=unstable_if action=reinterpret pc=0x00007fb918a609a0 method=java.net.URL.<init>(Ljava/net/URL;Ljava/lang/String;Ljava/net/URLStreamHandler;)V @ 57
Event: 8,219 Thread 0x00007fb92800b000 Uncommon trap: reason=unstable_if action=reinterpret pc=0x00007fb91884c47c method=java.net.URLStreamHandler.parseURL(Ljava/net/URL;Ljava/lang/String;II)V @ 57
Event: 8,219 Thread 0x00007fb92800b000 Uncommon trap: reason=unstable_if action=reinterpret pc=0x00007fb918b6a0f0 method=java.io.UnixFileSystem.resolve(Ljava/lang/String;Ljava/lang/String;)Ljava/lang/String; @ 6
Event: 19,476 Thread 0x00007fb92800b000 Uncommon trap: reason=unstable_if action=reinterpret pc=0x00007fb9188dd50c method=org.jacoco.agent.rt.internal_6da5971.asm.ClassReader.readMethod(Lorg/jacoco/agent/rt/internal_6da5971/asm/ClassVisitor;Lorg/jacoco/agent/rt/internal_6da5971/asm/Context;I)I 
Event: 19,476 Thread 0x00007fb92800b000 Uncommon trap: reason=unstable_if action=reinterpret pc=0x00007fb9184de6c4 method=org.jacoco.agent.rt.internal_6da5971.asm.tree.MethodNode.accept(Lorg/jacoco/agent/rt/internal_6da5971/asm/MethodVisitor;)V @ 164
Event: 19,477 Thread 0x00007fb92800b000 Uncommon trap: reason=unstable_if action=reinterpret pc=0x00007fb9188989c4 method=org.jacoco.agent.rt.internal_6da5971.asm.MethodWriter.getSize()I @ 582
Event: 19,477 Thread 0x00007fb92800b000 Uncommon trap: reason=unstable_if action=reinterpret pc=0x00007fb918918774 method=org.jacoco.agent.rt.internal_6da5971.asm.MethodWriter.put(Lorg/jacoco/agent/rt/internal_6da5971/asm/ByteVector;)V @ 202

Internal exceptions (10 events):
Event: 7,392 Thread 0x00007fb92800b000 Implicit null exception at 0x00007fb9182cf6a1 to 0x00007fb9182cf8c1
Event: 7,444 Thread 0x00007fb92800b000 Exception <a 'java/lang/NoClassDefFoundError': oracle/security/pki/OraclePKIProvider> (0x00000000df865f30) thrown at [/HUDSON3/workspace/8-2-build-linux-amd64/jdk8u111/7883/hotspot/src/share/vm/classfile/systemDictionary.cpp, line 199]
Event: 7,808 Thread 0x00007fb92800b000 Exception <a 'java/lang/ClassNotFoundException': org/springframework/orm/jpa/vendor/HibernateJpaVendorAdapterBeanInfo> (0x00000000e1e1b9c8) thrown at [/HUDSON3/workspace/8-2-build-linux-amd64/jdk8u111/7883/hotspot/src/share/vm/classfile/systemDictionary.c
Event: 7,808 Thread 0x00007fb92800b000 Exception <a 'java/lang/ClassNotFoundException': org/springframework/orm/jpa/vendor/AbstractJpaVendorAdapterBeanInfo> (0x00000000e1e51c98) thrown at [/HUDSON3/workspace/8-2-build-linux-amd64/jdk8u111/7883/hotspot/src/share/vm/classfile/systemDictionary.cp
Event: 7,808 Thread 0x00007fb92800b000 Exception <a 'java/lang/ClassNotFoundException': org/springframework/orm/jpa/vendor/AbstractJpaVendorAdapterCustomizer> (0x00000000e1e88bf0) thrown at [/HUDSON3/workspace/8-2-build-linux-amd64/jdk8u111/7883/hotspot/src/share/vm/classfile/systemDictionary.
Event: 7,809 Thread 0x00007fb92800b000 Exception <a 'java/lang/ClassNotFoundException': org/springframework/orm/jpa/vendor/HibernateJpaVendorAdapterCustomizer> (0x00000000e1ecdc10) thrown at [/HUDSON3/workspace/8-2-build-linux-amd64/jdk8u111/7883/hotspot/src/share/vm/classfile/systemDictionary
Event: 7,840 Thread 0x00007fb92800b000 Exception <a 'java/security/PrivilegedActionException'> (0x00000000e207eba8) thrown at [/HUDSON3/workspace/8-2-build-linux-amd64/jdk8u111/7883/hotspot/src/share/vm/prims/jvm.cpp, line 1386]
Event: 7,841 Thread 0x00007fb92800b000 Exception <a 'java/security/PrivilegedActionException'> (0x00000000e207f188) thrown at [/HUDSON3/workspace/8-2-build-linux-amd64/jdk8u111/7883/hotspot/src/share/vm/prims/jvm.cpp, line 1386]
Event: 8,165 Thread 0x00007fb92800b000 Exception <a 'java/security/PrivilegedActionException'> (0x00000000e461c328) thrown at [/HUDSON3/workspace/8-2-build-linux-amd64/jdk8u111/7883/hotspot/src/share/vm/prims/jvm.cpp, line 1386]
Event: 8,165 Thread 0x00007fb92800b000 Exception <a 'java/security/PrivilegedActionException'> (0x00000000e461c908) thrown at [/HUDSON3/workspace/8-2-build-linux-amd64/jdk8u111/7883/hotspot/src/share/vm/prims/jvm.cpp, line 1386]

Events (10 events):
Event: 31,799 loading class org/hibernate/dialect/MimerSQLDialect done
Event: 31,800 loading class org/hibernate/dialect/MySQL5Dialect
Event: 31,800 loading class org/hibernate/dialect/MySQL5Dialect done
Event: 31,800 loading class org/hibernate/dialect/MySQLDialect
Event: 31,800 loading class org/hibernate/dialect/MySQLDialect done
Event: 31,802 loading class org/hibernate/dialect/MySQL5InnoDBDialect
Event: 31,802 loading class org/hibernate/dialect/MySQL5InnoDBDialect done
Event: 31,803 loading class org/hibernate/dialect/Oracle8iDialect
Event: 31,803 loading class org/hibernate/dialect/Oracle8iDialect done
Event: 31,997 Executing VM operation: ParallelGCFailedAllocation


Dynamic libraries:
00400000-00401000 r-xp 00000000 08:02 298814                             /opt/java/jdk1.8.0_111/jre/bin/java
00600000-00601000 rw-p 00000000 08:02 298814                             /opt/java/jdk1.8.0_111/jre/bin/java
00b03000-00b24000 rw-p 00000000 00:00 0                                  [heap]
85000000-88200000 rw-p 00000000 00:00 0 
88200000-d7000000 ---p 00000000 00:00 0 
d7000000-e7b00000 rw-p 00000000 00:00 0 
ef700000-100000000 ---p 00000000 00:00 0 
100000000-100340000 rw-p 00000000 00:00 0 
100340000-140000000 ---p 00000000 00:00 0 
7fb8b8000000-7fb8b8021000 rw-p 00000000 00:00 0 
7fb8b8021000-7fb8bc000000 ---p 00000000 00:00 0 
7fb8c0000000-7fb8c0021000 rw-p 00000000 00:00 0 
7fb8c0021000-7fb8c4000000 ---p 00000000 00:00 0 
7fb8c4000000-7fb8c4021000 rw-p 00000000 00:00 0 
7fb8c4021000-7fb8c8000000 ---p 00000000 00:00 0 
7fb8c8000000-7fb8c99ef000 rw-p 00000000 00:00 0 
7fb8c99ef000-7fb8cc000000 ---p 00000000 00:00 0 
7fb8cc000000-7fb8cc734000 rw-p 00000000 00:00 0 
7fb8cc734000-7fb8d0000000 ---p 00000000 00:00 0 
7fb8d0000000-7fb8d103f000 rw-p 00000000 00:00 0 
7fb8d103f000-7fb8d4000000 ---p 00000000 00:00 0 
7fb8d4000000-7fb8d5303000 rw-p 00000000 00:00 0 
7fb8d5303000-7fb8d8000000 ---p 00000000 00:00 0 
7fb8d8000000-7fb8d8021000 rw-p 00000000 00:00 0 
7fb8d8021000-7fb8dc000000 ---p 00000000 00:00 0 
7fb8dc000000-7fb8dc021000 rw-p 00000000 00:00 0 
7fb8dc021000-7fb8e0000000 ---p 00000000 00:00 0 
7fb8e0000000-7fb8e028e000 rw-p 00000000 00:00 0 
7fb8e028e000-7fb8e4000000 ---p 00000000 00:00 0 
7fb8e4000000-7fb8e4021000 rw-p 00000000 00:00 0 
7fb8e4021000-7fb8e8000000 ---p 00000000 00:00 0 
7fb8e8000000-7fb8e8021000 rw-p 00000000 00:00 0 
7fb8e8021000-7fb8ec000000 ---p 00000000 00:00 0 
7fb8ec000000-7fb8ec021000 rw-p 00000000 00:00 0 
7fb8ec021000-7fb8f0000000 ---p 00000000 00:00 0 
7fb8f0000000-7fb8f0021000 rw-p 00000000 00:00 0 
7fb8f0021000-7fb8f4000000 ---p 00000000 00:00 0 
7fb8f4000000-7fb8f4021000 rw-p 00000000 00:00 0 
7fb8f4021000-7fb8f8000000 ---p 00000000 00:00 0 
7fb8f8000000-7fb8f8021000 rw-p 00000000 00:00 0 
7fb8f8021000-7fb8fc000000 ---p 00000000 00:00 0 
7fb900000000-7fb900021000 rw-p 00000000 00:00 0 
7fb900021000-7fb904000000 ---p 00000000 00:00 0 
7fb9058f1000-7fb905a71000 rw-p 00000000 00:00 0 
7fb905a71000-7fb905af1000 ---p 00000000 00:00 0 
7fb905af1000-7fb905af4000 ---p 00000000 00:00 0 
7fb905af4000-7fb905bf2000 rw-p 00000000 00:00 0 
7fb905bf2000-7fb905bfb000 r-xp 00000000 08:02 298575                     /opt/java/jdk1.8.0_111/jre/lib/amd64/libmanagement.so
7fb905bfb000-7fb905dfa000 ---p 00009000 08:02 298575                     /opt/java/jdk1.8.0_111/jre/lib/amd64/libmanagement.so
7fb905dfa000-7fb905dfb000 rw-p 00008000 08:02 298575                     /opt/java/jdk1.8.0_111/jre/lib/amd64/libmanagement.so
7fb905dfb000-7fb905ffb000 rw-p 00000000 00:00 0 
7fb905ffb000-7fb9061fb000 rw-p 00000000 00:00 0 
7fb9061fb000-7fb9063fb000 rw-p 00000000 00:00 0 
7fb9063fb000-7fb9065fb000 rw-p 00000000 00:00 0 
7fb9065fb000-7fb9067fb000 rw-p 00000000 00:00 0 
7fb9067fb000-7fb9069fb000 rw-p 00000000 00:00 0 
7fb9069fb000-7fb906bfb000 rw-p 00000000 00:00 0 
7fb906c57000-7fb906e57000 rw-p 00000000 00:00 0 
7fb906e57000-7fb906e59000 r--s 00007000 08:02 338328                     /home/nataniel/.m2/repository/org/apache/maven/surefire/surefire-junit4/2.10/surefire-junit4-2.10.jar
7fb906e59000-7fb906e5a000 ---p 00000000 00:00 0 
7fb906e5a000-7fb906f5a000 rw-p 00000000 00:00 0 
7fb906f5a000-7fb906f5d000 ---p 00000000 00:00 0 
7fb906f5d000-7fb90705b000 rw-p 00000000 00:00 0 
7fb90705b000-7fb90705e000 ---p 00000000 00:00 0 
7fb90705e000-7fb90715c000 rw-p 00000000 00:00 0 
7fb90715c000-7fb90715f000 ---p 00000000 00:00 0 
7fb90715f000-7fb90725d000 rw-p 00000000 00:00 0 
7fb90725d000-7fb907260000 ---p 00000000 00:00 0 
7fb907260000-7fb90735e000 rw-p 00000000 00:00 0 
7fb90735e000-7fb907361000 ---p 00000000 00:00 0 
7fb907361000-7fb90745f000 rw-p 00000000 00:00 0 
7fb90745f000-7fb907470000 r-xp 00000000 08:02 298564                     /opt/java/jdk1.8.0_111/jre/lib/amd64/libnio.so
7fb907470000-7fb90766f000 ---p 00011000 08:02 298564                     /opt/java/jdk1.8.0_111/jre/lib/amd64/libnio.so
7fb90766f000-7fb907670000 rw-p 00010000 08:02 298564                     /opt/java/jdk1.8.0_111/jre/lib/amd64/libnio.so
7fb907670000-7fb907971000 rw-p 00000000 00:00 0 
7fb907971000-7fb907987000 r-xp 00000000 08:02 298539                     /opt/java/jdk1.8.0_111/jre/lib/amd64/libnet.so
7fb907987000-7fb907b87000 ---p 00016000 08:02 298539                     /opt/java/jdk1.8.0_111/jre/lib/amd64/libnet.so
7fb907b87000-7fb907b88000 rw-p 00016000 08:02 298539                     /opt/java/jdk1.8.0_111/jre/lib/amd64/libnet.so
7fb907b88000-7fb907b8b000 r--s 0001a000 08:02 298793                     /opt/java/jdk1.8.0_111/jre/lib/jce.jar
7fb907b8b000-7fb907b8f000 r--s 00097000 08:02 298483                     /opt/java/jdk1.8.0_111/jre/lib/jsse.jar
7fb907b8f000-7fb907b95000 r--s 0003d000 08:02 333909                     /home/nataniel/.m2/repository/org/jacoco/org.jacoco.agent/0.7.7.201606060606/org.jacoco.agent-0.7.7.201606060606-runtime.jar
7fb907b95000-7fb907ba1000 r--s 00071000 08:02 377319                     /home/nataniel/.m2/repository/org/modelmapper/modelmapper/0.7.5/modelmapper-0.7.5.jar
7fb907ba1000-7fb907ba5000 r--s 00024000 08:02 340226                     /home/nataniel/.m2/repository/com/orientechnologies/orientdb-client/2.2.7/orientdb-client-2.2.7.jar
7fb907ba5000-7fb907ba9000 r--s 0002f000 08:02 340219                     /home/nataniel/.m2/repository/commons-beanutils/commons-beanutils-core/1.8.0/commons-beanutils-core-1.8.0.jar
7fb907ba9000-7fb907bad000 r--s 00020000 08:02 340218                     /home/nataniel/.m2/repository/commons-digester/commons-digester/1.8/commons-digester-1.8.jar
7fb907bad000-7fb907bb3000 r--s 00043000 08:02 340214                     /home/nataniel/.m2/repository/commons-configuration/commons-configuration/1.6/commons-configuration-1.6.jar
7fb907bb3000-7fb907bcc000 r--s 00127000 08:02 340213                     /home/nataniel/.m2/repository/com/carrotsearch/hppc/0.6.0/hppc-0.6.0.jar
7fb907bcc000-7fb907bce000 r--s 00005000 08:02 340212                     /home/nataniel/.m2/repository/stax/stax-api/1.0.1/stax-api-1.0.1.jar
7fb907bce000-7fb907bd0000 r--s 00012000 08:02 340211                     /home/nataniel/.m2/repository/org/codehaus/jettison/jettison/1.3.3/jettison-1.3.3.jar
7fb907bd0000-7fb907bd7000 r--s 0003c000 08:02 340207                     /home/nataniel/.m2/repository/com/tinkerpop/blueprints/blueprints-core/2.6.0/blueprints-core-2.6.0.jar
7fb907bd7000-7fb907bdb000 r--s 00019000 08:02 340205                     /home/nataniel/.m2/repository/com/googlecode/concurrentlinkedhashmap/concurrentlinkedhashmap-lru/1.4.1/concurrentlinkedhashmap-lru-1.4.1.jar
7fb907bdb000-7fb907bde000 r--s 00067000 08:02 340202                     /home/nataniel/.m2/repository/org/xerial/snappy/snappy-java/1.1.0.1/snappy-java-1.1.0.1.jar
7fb907bde000-7fb907c19000 r--s 00336000 08:02 340198                     /home/nataniel/.m2/repository/com/orientechnologies/orientdb-core/2.2.7/orientdb-core-2.2.7.jar
7fb907c19000-7fb907c1c000 r--s 0001c000 08:02 340197                     /home/nataniel/.m2/repository/com/orientechnologies/orientdb-tools/2.2.7/orientdb-tools-2.2.7.jar
7fb907c1c000-7fb907c25000 r--s 00071000 08:02 340195                     /home/nataniel/.m2/repository/com/orientechnologies/orientdb-server/2.2.7/orientdb-server-2.2.7.jar
7fb907c25000-7fb907c2b000 r--s 00049000 08:02 340196                     /home/nataniel/.m2/repository/com/orientechnologies/orientdb-graphdb/2.2.7/orientdb-graphdb-2.2.7.jar
7fb907c2b000-7fb907c2d000 r--s 0000b000 08:02 340191                     /home/nataniel/.m2/repository/com/orientechnologies/orientdb-jdbc/2.2.7/orientdb-jdbc-2.2.7.jar
7fb907c2d000-7fb907c2e000 r--s 00002000 08:02 340190                     /home/nataniel/.m2/repository/org/slf4j/slf4j-log4j12/1.7.21/slf4j-log4j12-1.7.21.jar
7fb907c2e000-7fb907c31000 r--s 00012000 08:02 340189                     /home/nataniel/.m2/repository/commons-httpclient/commons-httpclient/20020423/commons-httpclient-20020423.jar
7fb907c31000-7fb907c33000 r--s 0001e000 08:02 340184                     /home/nataniel/.m2/repository/org/codehaus/groovy/groovy-json/2.3.9/groovy-json-2.3.9.jar
7fb907c33000-7fb907c37000 r--s 00034000 08:02 340183                     /home/nataniel/.m2/repository/org/codehaus/groovy/groovy-xml/2.3.9/groovy-xml-2.3.9.jar
7fb907c37000-7fb907c81000 r--s 00406000 08:02 340181                     /home/nataniel/.m2/repository/org/codehaus/groovy/groovy/2.3.9/groovy-2.3.9.jar
7fb907c81000-7fb907c95000 r--s 001bf000 08:02 340180                     /home/nataniel/.m2/repository/com/predic8/soa-model-core/1.5.0/soa-model-core-1.5.0.jar
7fb907c95000-7fb907c9a000 r--s 00034000 08:02 340177                     /home/nataniel/.m2/repository/com/google/code/gson/gson/2.5/gson-2.5.jar
7fb907c9a000-7fb907c9d000 r--s 00011000 08:02 340175                     /home/nataniel/.m2/repository/commons-dbutils/commons-dbutils/1.6/commons-dbutils-1.6.jar
7fb907c9d000-7fb907ca0000 r--s 00018000 08:02 340172                     /home/nataniel/.m2/repository/org/apache/commons/commons-pool2/2.3/commons-pool2-2.3.jar
7fb907ca0000-7fb907cac000 r--s 00077000 08:02 340171                     /home/nataniel/.m2/repository/redis/clients/jedis/2.8.0/jedis-2.8.0.jar
7fb907cac000-7fb907cd7000 r--s 001fc000 08:02 340169                     /home/nataniel/.m2/repository/com/google/guava/guava/18.0/guava-18.0.jar
7fb907cd7000-7fb907ce8000 r--s 00155000 08:02 340167                     /home/nataniel/.m2/repository/net/java/dev/jna/jna-platform/4.1.0/jna-platform-4.1.0.jar
7fb907ce8000-7fb907cec000 r--s 000dc000 08:02 340164                     /home/nataniel/.m2/repository/net/java/dev/jna/jna/4.1.0/jna-4.1.0.jar
7fb907cec000-7fb907cee000 r--s 0000d000 08:02 340161                     /home/nataniel/.m2/repository/com/github/dblock/waffle/waffle-jna/1.7/waffle-jna-1.7.jar
7fb907cee000-7fb907cf6000 r--s 00097000 08:02 340162                     /home/nataniel/.m2/repository/org/postgresql/postgresql/9.4-1200-jdbc41/postgresql-9.4-1200-jdbc41.jar
7fb907cf6000-7fb907d00000 r--s 000e7000 08:02 340163                     /home/nataniel/.m2/repository/mysql/mysql-connector-java/5.1.38/mysql-connector-java-5.1.38.jar
7fb907d00000-7fb907d03000 r--s 00012000 08:02 340158                     /home/nataniel/.m2/repository/com/codahale/metrics/metrics-core/3.0.2/metrics-core-3.0.2.jar
7fb907d03000-7fb907d1b000 r--s 00115000 08:02 340153                     /home/nataniel/.m2/repository/io/netty/netty/3.9.0.Final/netty-3.9.0.Final.jar
7fb907d1b000-7fb907d26000 r--s 00089000 08:02 340154                     /home/nataniel/.m2/repository/com/datastax/cassandra/cassandra-driver-core/2.1.1/cassandra-driver-core-2.1.1.jar
7fb907d26000-7fb907d28000 r--s 00003000 08:02 340155                     /home/nataniel/.m2/repository/org/apache/metamodel/MetaModel-cassandra/4.3.4/MetaModel-cassandra-4.3.4.jar
7fb907d28000-7fb907d2a000 r--s 00008000 08:02 340148                     /home/nataniel/.m2/repository/org/ow2/asm/asm-commons/4.1/asm-commons-4.1.jar
7fb907d2a000-7fb907d2b000 r--s 0000b000 08:02 340147                     /home/nataniel/.m2/repository/org/ow2/asm/asm/4.1/asm-4.1.jar
7fb907d2b000-7fb907d2e000 r--s 00026000 08:02 340146                     /home/nataniel/.m2/repository/org/antlr/antlr-runtime/3.5/antlr-runtime-3.5.jar
7fb907d2e000-7fb907d30000 r--s 00017000 08:02 340145                     /home/nataniel/.m2/repository/com/spatial4j/spatial4j/0.4.1/spatial4j-0.4.1.jar
7fb907d30000-7fb907d33000 r--s 0001c000 08:02 340140                     /home/nataniel/.m2/repository/org/apache/lucene/lucene-spatial/4.10.3/lucene-spatial-4.10.3.jar
7fb907d33000-7fb907d36000 r--s 00018000 08:02 340139                     /home/nataniel/.m2/repository/org/apache/lucene/lucene-grouping/4.10.3/lucene-grouping-4.10.3.jar
7fb907d36000-7fb907d38000 r--s 0000e000 08:02 340138                     /home/nataniel/.m2/repository/org/apache/lucene/lucene-join/4.10.3/lucene-join-4.10.3.jar
7fb907d38000-7fb907d3a000 r--s 00016000 08:02 340135                     /home/nataniel/.m2/repository/org/apache/lucene/lucene-misc/4.10.3/lucene-misc-4.10.3.jar
7fb907d3a000-7fb907d3d000 r--s 00029000 08:02 340133                     /home/nataniel/.m2/repository/org/apache/lucene/lucene-suggest/4.10.3/lucene-suggest-4.10.3.jar
7fb907d3d000-7fb907d40000 r--s 0001b000 08:02 340132                     /home/nataniel/.m2/repository/org/apache/lucene/lucene-sandbox/4.10.3/lucene-sandbox-4.10.3.jar
7fb907d40000-7fb907d49000 r--s 00057000 08:02 340128                     /home/nataniel/.m2/repository/org/apache/lucene/lucene-queryparser/4.10.3/lucene-queryparser-4.10.3.jar
7fb907d49000-7fb907d4c000 r--s 0001f000 08:02 340127                     /home/nataniel/.m2/repository/org/apache/lucene/lucene-highlighter/4.10.3/lucene-highlighter-4.10.3.jar
7fb907d4c000-7fb907d4d000 r--s 00008000 08:02 340124                     /home/nataniel/.m2/repository/org/apache/lucene/lucene-memory/4.10.3/lucene-memory-4.10.3.jar
7fb907d4d000-7fb907e59000 r--s 00bdc000 08:02 340114                     /home/nataniel/.m2/repository/org/elasticsearch/elasticsearch/1.4.4/elasticsearch-1.4.4.jar
7fb907e59000-7fb907e5b000 r--s 00007000 08:02 340118                     /home/nataniel/.m2/repository/org/apache/metamodel/MetaModel-elasticsearch/4.3.4/MetaModel-elasticsearch-4.3.4.jar
7fb907e5b000-7fb907e64000 r--s 000a4000 08:02 340113                     /home/nataniel/.m2/repository/hsqldb/hsqldb/1.8.0.10/hsqldb-1.8.0.10.jar
7fb907e64000-7fb907e65000 r--s 00002000 08:02 340116                     /home/nataniel/.m2/repository/org/apache/metamodel/MetaModel-openoffice/4.3.4/MetaModel-openoffice-4.3.4.jar
7fb907e65000-7fb907e66000 r--s 00002000 08:02 340112                     /home/nataniel/.m2/repository/net/sourceforge/findbugs/annotations/1.3.2/annotations-1.3.2.jar
7fb907e66000-7fb907e6a000 r--s 00021000 08:02 340105                     /home/nataniel/.m2/repository/org/apache/httpcomponents/httpclient-cache/4.3/httpclient-cache-4.3.jar
7fb907e6a000-7fb907e70000 r--s 00040000 08:02 340106                     /home/nataniel/.m2/repository/org/ektorp/org.ektorp/1.4.2/org.ektorp-1.4.2.jar
7fb907e70000-7fb907e72000 r--s 00006000 08:02 340104                     /home/nataniel/.m2/repository/org/apache/metamodel/MetaModel-couchdb/4.3.4/MetaModel-couchdb-4.3.4.jar
7fb907e72000-7fb907e75000 r--s 00019000 08:02 340100                     /home/nataniel/.m2/repository/commons-pool/commons-pool/1.6/commons-pool-1.6.jar
7fb907e75000-7fb907e77000 r--s 00014000 08:02 340103                     /home/nataniel/.m2/repository/org/apache/metamodel/MetaModel-jdbc/4.3.4/MetaModel-jdbc-4.3.4.jar
7fb907e77000-7fb907eb4000 r--s 0024f000 08:02 340095                     /home/nataniel/.m2/repository/org/apache/xmlbeans/xmlbeans/2.3.0/xmlbeans-2.3.0.jar
7fb907eb4000-7fb907f48000 r--s 00401000 08:02 340094                     /home/nataniel/.m2/repository/org/apache/poi/poi-ooxml-schemas/3.9/poi-ooxml-schemas-3.9.jar
7fb907f48000-7fb907f68000 r--s 001a9000 08:02 340091                     /home/nataniel/.m2/repository/org/apache/poi/poi/3.9/poi-3.9.jar
7fb907f68000-7fb907f74000 r--s 000d9000 08:02 340088                     /home/nataniel/.m2/repository/org/apache/poi/poi-ooxml/3.9/poi-ooxml-3.9.jar
7fb907f74000-7fb907f76000 r--s 0000d000 08:02 340087                     /home/nataniel/.m2/repository/org/apache/metamodel/MetaModel-excel/4.3.4/MetaModel-excel-4.3.4.jar
7fb907f76000-7fb907f7a000 r--s 0001e000 08:02 340086                     /home/nataniel/.m2/repository/org/apache/metamodel/MetaModel-sugarcrm/4.3.4/MetaModel-sugarcrm-4.3.4.jar
7fb907f7a000-7fb907f7e000 r--s 00042000 08:02 340084                     /home/nataniel/.m2/repository/com/force/api/force-wsc/24.0.0/force-wsc-24.0.0.jar
7fb907f7e000-7fb907f84000 r--s 00056000 08:02 340082                     /home/nataniel/.m2/repository/com/force/api/force-partner-api/24.0.0/force-partner-api-24.0.0.jar
7fb907f84000-7fb907f86000 r--s 00007000 08:02 340080                     /home/nataniel/.m2/repository/org/apache/metamodel/MetaModel-salesforce/4.3.4/MetaModel-salesforce-4.3.4.jar
7fb907f86000-7fb907f8d000 r--s 00058000 08:02 340077                     /home/nataniel/.m2/repository/org/mongodb/mongo-java-driver/2.9.1/mongo-java-driver-2.9.1.jar
7fb907f8d000-7fb907f8e000 r--s 00006000 08:02 340075                     /home/nataniel/.m2/repository/org/apache/metamodel/MetaModel-mongodb/4.3.4/MetaModel-mongodb-4.3.4.jar
7fb907f8e000-7fb907f90000 r--s 00003000 08:02 340078                     /home/nataniel/.m2/repository/org/apache/metamodel/MetaModel-fixedwidth/4.3.4/MetaModel-fixedwidth-4.3.4.jar
7fb907f90000-7fb907f92000 r--s 00003000 08:02 340069                     /home/nataniel/.m2/repository/net/sf/opencsv/opencsv/2.1/opencsv-2.1.jar
7fb907f92000-7fb907f94000 r--s 00008000 08:02 340070                     /home/nataniel/.m2/repository/org/apache/metamodel/MetaModel-csv/4.3.4/MetaModel-csv-4.3.4.jar
7fb907f94000-7fb907f95000 r--s 00005000 08:02 340067                     /home/nataniel/.m2/repository/org/apache/metamodel/MetaModel-pojo/4.3.4/MetaModel-pojo-4.3.4.jar
7fb907f95000-7fb907f96000 r--s 00003000 08:02 340068                     /home/nataniel/.m2/repository/org/apache/metamodel/MetaModel-full/4.3.4/MetaModel-full-4.3.4.jar
7fb907f96000-7fb907f97000 r--s 00002000 08:02 340064                     /home/nataniel/.m2/repository/org/apache/metamodel/MetaModel-json/4.3.4/MetaModel-json-4.3.4.jar
7fb907f97000-7fb907fa7000 r--s 000a1000 08:02 339579                     /home/nataniel/.m2/repository/org/springframework/spring-web/4.1.7.RELEASE/spring-web-4.1.7.RELEASE.jar
7fb907fa7000-7fb907fa8000 r--s 00007000 08:02 339577                     /home/nataniel/.m2/repository/org/apache/metamodel/MetaModel-xml/4.3.4/MetaModel-xml-4.3.4.jar
7fb907fa8000-7fb907fb1000 r--s 0005c000 08:02 339578                     /home/nataniel/.m2/repository/org/apache/metamodel/MetaModel-core/4.3.4/MetaModel-core-4.3.4.jar
7fb907fb1000-7fb907fb5000 r--s 0002a000 08:02 339575                     /home/nataniel/.m2/repository/wsdl4j/wsdl4j/1.6.3/wsdl4j-1.6.3.jar
7fb907fb5000-7fb907ff5000 r--s 00277000 08:02 339572                     /home/nataniel/.m2/repository/org/bouncycastle/bcprov-jdk15on/1.51/bcprov-jdk15on-1.51.jar
7fb907ff5000-7fb907ff8000 r--s 00028000 08:02 339571                     /home/nataniel/.m2/repository/com/nimbusds/nimbus-jose-jwt/3.1.2/nimbus-jose-jwt-3.1.2.jar
7fb907ff8000-7fb907ff9000 r--s 00002000 08:02 339570                     /home/nataniel/.m2/repository/com/nimbusds/lang-tag/1.4/lang-tag-1.4.jar
7fb907ff9000-7fb908000000 r--s 0005e000 08:02 339569                     /home/nataniel/.m2/repository/org/apache/commons/commons-lang3/3.3.1/commons-lang3-3.3.1.jar
7fb908000000-7fb908021000 rw-p 00000000 00:00 0 
7fb908021000-7fb90c000000 ---p 00000000 00:00 0 
7fb90c000000-7fb90c001000 r--s 00000000 08:02 339563                     /home/nataniel/.m2/repository/net/jcip/jcip-annotations/1.0/jcip-annotations-1.0.jar
7fb90c001000-7fb90c006000 r--s 00037000 08:02 339560                     /home/nataniel/.m2/repository/com/nimbusds/oauth2-oidc-sdk/4.5/oauth2-oidc-sdk-4.5.jar
7fb90c006000-7fb90c008000 r--s 0000f000 08:02 339561                     /home/nataniel/.m2/repository/com/microsoft/azure/adal4j/1.0.0/adal4j-1.0.0.jar
7fb90c008000-7fb90c009000 r--s 00000000 08:02 339559                     /home/nataniel/.m2/repository/javax/inject/javax.inject/1/javax.inject-1.jar
7fb90c009000-7fb90c00a000 r--s 00006000 08:02 339558                     /home/nataniel/.m2/repository/org/codehaus/jackson/jackson-xc/1.9.2/jackson-xc-1.9.2.jar
7fb90c00a000-7fb90c00b000 r--s 00004000 08:02 339552                     /home/nataniel/.m2/repository/org/codehaus/jackson/jackson-jaxrs/1.9.2/jackson-jaxrs-1.9.2.jar
7fb90c00b000-7fb90c00d000 r--s 00004000 08:02 339550                     /home/nataniel/.m2/repository/javax/xml/stream/stax-api/1.0-2/stax-api-1.0-2.jar
7fb90c00d000-7fb90c010000 r--s 00017000 08:02 339547                     /home/nataniel/.m2/repository/javax/xml/bind/jaxb-api/2.2.2/jaxb-api-2.2.2.jar
7fb90c010000-7fb90c023000 r--s 000c7000 08:02 339548                     /home/nataniel/.m2/repository/com/sun/xml/bind/jaxb-impl/2.2.3-1/jaxb-impl-2.2.3-1.jar
7fb90c023000-7fb90c027000 r--s 00024000 08:02 339528                     /home/nataniel/.m2/repository/com/sun/jersey/jersey-json/1.13/jersey-json-1.13.jar
7fb90c027000-7fb90c032000 r--s 00067000 08:02 339525                     /home/nataniel/.m2/repository/com/sun/jersey/jersey-core/1.13/jersey-core-1.13.jar
7fb90c032000-7fb90c036000 r--s 0001d000 08:02 339522                     /home/nataniel/.m2/repository/com/sun/jersey/jersey-client/1.13/jersey-client-1.13.jar
7fb90c036000-7fb90c03e000 r--s 00075000 08:02 339519                     /home/nataniel/.m2/repository/javax/mail/mail/1.4.5/mail-1.4.5.jar
7fb90c03e000-7fb90c043000 r--s 00024000 08:02 339520                     /home/nataniel/.m2/repository/com/microsoft/azure/azure-core/0.9.3/azure-core-0.9.3.jar
7fb90c043000-7fb90c046000 r--s 0001b000 08:02 339523                     /home/nataniel/.m2/repository/com/microsoft/azure/azure-keyvault/0.9.3/azure-keyvault-0.9.3.jar
7fb90c046000-7fb90c04f000 r--s 000b3000 08:02 339521                     /home/nataniel/.m2/repository/com/microsoft/sqlserver/mssql-jdbc/6.1.0.jre8/mssql-jdbc-6.1.0.jre8.jar
7fb90c04f000-7fb90c076000 r--s 00361000 08:02 339400                     /home/nataniel/.m2/repository/com/oracle/ojdbc7/12.1.0.2/ojdbc7-12.1.0.2.jar
7fb90c076000-7fb90c08b000 r--s 000c3000 08:02 1707221                    /home/nataniel/.m2/repository/br/com/cds/connecta/framework/connecta-connectors/0.10.0-SNAPSHOT/connecta-connectors-0.10.0-SNAPSHOT.jar
7fb90c08b000-7fb90c099000 r--s 0007f000 08:02 338002                     /home/nataniel/.m2/repository/commons-collections/commons-collections/3.2.1/commons-collections-3.2.1.jar
7fb90c099000-7fb90c0a1000 r--s 00066000 08:02 338001                     /home/nataniel/.m2/repository/org/apache/velocity/velocity/1.7/velocity-1.7.jar
7fb90c0a1000-7fb90c0a3000 r--s 0000e000 08:02 338000                     /home/nataniel/.m2/repository/javax/activation/activation/1.1/activation-1.1.jar
7fb90c0a3000-7fb90c0ac000 r--s 0008c000 08:02 335433                     /home/nataniel/.m2/repository/com/sun/mail/javax.mail/1.5.6/javax.mail-1.5.6.jar
7fb90c0ac000-7fb90c0b3000 r--s 0003f000 08:02 335432                     /home/nataniel/.m2/repository/commons-codec/commons-codec/1.10/commons-codec-1.10.jar
7fb90c0b3000-7fb90c0b5000 r--s 00009000 08:02 335431                     /home/nataniel/.m2/repository/org/slf4j/slf4j-api/1.7.21/slf4j-api-1.7.21.jar
7fb90c0b5000-7fb90c0be000 r--s 0006f000 08:02 335427                     /home/nataniel/.m2/repository/log4j/log4j/1.2.17/log4j-1.2.17.jar
7fb90c0be000-7fb90c0c1000 r--s 00009000 08:02 335424                     /home/nataniel/.m2/repository/com/fasterxml/jackson/core/jackson-annotations/2.6.1/jackson-annotations-2.6.1.jar
7fb90c0c1000-7fb90c0d2000 r--s 0010c000 08:02 335425                     /home/nataniel/.m2/repository/com/fasterxml/jackson/core/jackson-databind/2.6.1/jackson-databind-2.6.1.jar
7fb90c0d2000-7fb90c0d6000 r--s 0003c000 08:02 335423                     /home/nataniel/.m2/repository/com/fasterxml/jackson/core/jackson-core/2.6.1/jackson-core-2.6.1.jar
7fb90c0d6000-7fb90c0f4000 r--s 00110000 08:02 335422                     /home/nataniel/.m2/repository/org/mockito/mockito-all/1.10.19/mockito-all-1.10.19.jar
7fb90c0f4000-7fb90c0f5000 r--s 0000c000 08:02 335416                     /home/nataniel/.m2/repository/org/hamcrest/hamcrest-library/1.3/hamcrest-library-1.3.jar
7fb90c0f5000-7fb90c0f7000 r--s 00009000 08:02 335417                     /home/nataniel/.m2/repository/org/hamcrest/hamcrest-core/1.3/hamcrest-core-1.3.jar
7fb90c0f7000-7fb90c0f8000 r--s 00007000 08:02 335415                     /home/nataniel/.m2/repository/org/exparity/hamcrest-date/1.1.0/hamcrest-date-1.1.0.jar
7fb90c0f8000-7fb90c0fe000 r--s 00045000 08:02 335411                     /home/nataniel/.m2/repository/org/hamcrest/hamcrest-all/1.3/hamcrest-all-1.3.jar
7fb90c0fe000-7fb90c106000 r--s 00045000 08:02 335410                     /home/nataniel/.m2/repository/junit/junit/4.12/junit-4.12.jar
7fb90c106000-7fb90c113000 r--s 0018f000 08:02 335408                     /home/nataniel/.m2/repository/com/h2database/h2/1.4.185/h2-1.4.185.jar
7fb90c113000-7fb90c115000 r--s 0000c000 08:02 335407                     /home/nataniel/.m2/repository/net/minidev/json-smart/1.2/json-smart-1.2.jar
7fb90c115000-7fb90c118000 r--s 00015000 08:02 335404                     /home/nataniel/.m2/repository/com/jayway/jsonpath/json-path/0.9.1/json-path-0.9.1.jar
7fb90c118000-7fb90c119000 r--s 00005000 08:02 335402                     /home/nataniel/.m2/repository/org/noggit/noggit/0.5/noggit-0.5.jar
7fb90c119000-7fb90c120000 r--s 00079000 08:02 335398                     /home/nataniel/.m2/repository/org/codehaus/woodstox/wstx-asl/3.2.7/wstx-asl-3.2.7.jar
7fb90c120000-7fb90c12c000 r--s 000b3000 08:02 335397                     /home/nataniel/.m2/repository/org/apache/zookeeper/zookeeper/3.4.5/zookeeper-3.4.5.jar
7fb90c12c000-7fb90c12e000 r--s 00008000 08:02 335399                     /home/nataniel/.m2/repository/org/apache/httpcomponents/httpmime/4.3.1/httpmime-4.3.1.jar
7fb90c12e000-7fb90c134000 r--s 0003f000 08:02 335393                     /home/nataniel/.m2/repository/org/apache/httpcomponents/httpcore/4.3/httpcore-4.3.jar
7fb90c134000-7fb90c13f000 r--s 00084000 08:02 335392                     /home/nataniel/.m2/repository/org/apache/httpcomponents/httpclient/4.3.1/httpclient-4.3.1.jar
7fb90c13f000-7fb90c147000 r--s 0005e000 08:02 335391                     /home/nataniel/.m2/repository/org/apache/solr/solr-solrj/4.7.0/solr-solrj-4.7.0.jar
7fb90c147000-7fb90c14d000 r--s 0002f000 08:02 335388                     /home/nataniel/.m2/repository/org/apache/lucene/lucene-queries/4.10.4/lucene-queries-4.10.4.jar
7fb90c14d000-7fb90c151000 r--s 00028000 08:02 335384                     /home/nataniel/.m2/repository/org/apache/lucene/lucene-facet/4.10.4/lucene-facet-4.10.4.jar
7fb90c151000-7fb90c162000 r--s 0018f000 08:02 335386                     /home/nataniel/.m2/repository/org/apache/lucene/lucene-analyzers-common/4.10.4/lucene-analyzers-common-4.10.4.jar
7fb90c162000-7fb90c18c000 r--s 00248000 08:02 335387                     /home/nataniel/.m2/repository/org/apache/lucene/lucene-core/4.10.4/lucene-core-4.10.4.jar
7fb90c18c000-7fb90c1a2000 r--s 000da000 08:02 335379                     /home/nataniel/.m2/repository/org/hibernate/hibernate-search-engine/5.3.0.Final/hibernate-search-engine-5.3.0.Final.jar
7fb90c1a2000-7fb90c1a5000 r--s 0001f000 08:02 335376                     /home/nataniel/.m2/repository/org/hibernate/hibernate-search-orm/5.3.0.Final/hibernate-search-orm-5.3.0.Final.jar
7fb90c1a5000-7fb90c1a7000 r--s 00003000 08:02 335377                     /home/nataniel/.m2/repository/com/fasterxml/jackson/datatype/jackson-datatype-hibernate4/2.6.1/jackson-datatype-hibernate4-2.6.1.jar
7fb90c1a7000-7fb90c1ab000 r--s 00035000 08:02 335374                     /home/nataniel/.m2/repository/org/codehaus/jackson/jackson-core-asl/1.9.13/jackson-core-asl-1.9.13.jar
7fb90c1ab000-7fb90c1b9000 r--s 000b1000 08:02 335373                     /home/nataniel/.m2/repository/org/codehaus/jackson/jackson-mapper-asl/1.9.13/jackson-mapper-asl-1.9.13.jar
7fb90c1b9000-7fb90c1be000 r--s 00034000 08:02 335371                     /home/nataniel/.m2/repository/commons-beanutils/commons-beanutils/1.8.3/commons-beanutils-1.8.3.jar
7fb90c1be000-7fb90c1c3000 r--s 00041000 08:02 335368                     /home/nataniel/.m2/repository/commons-lang/commons-lang/2.6/commons-lang-2.6.jar
7fb90c1c3000-7fb90c1c5000 r--s 0000f000 08:02 335366                     /home/nataniel/.m2/repository/commons-fileupload/commons-fileupload/1.3.1/commons-fileupload-1.3.1.jar
7fb90c1c5000-7fb90c1c9000 r--s 00029000 08:02 335367                     /home/nataniel/.m2/repository/commons-io/commons-io/2.3/commons-io-2.3.jar
7fb90c1c9000-7fb90c1cb000 r--s 00007000 08:02 335360                     /home/nataniel/.m2/repository/javax/websocket/javax.websocket-api/1.0/javax.websocket-api-1.0.jar
7fb90c1cb000-7fb90c1ce000 r--s 00012000 08:02 335361                     /home/nataniel/.m2/repository/javax/servlet/javax.servlet-api/3.0.1/javax.servlet-api-3.0.1.jar
7fb90c1ce000-7fb90c1e6000 r--s 001ac000 08:02 335358                     /home/nataniel/.m2/repository/org/aspectj/aspectjweaver/1.7.4/aspectjweaver-1.7.4.jar
7fb90c1e6000-7fb90c1e9000 r--s 0001a000 08:02 335359                     /home/nataniel/.m2/repository/org/glassfish/web/javax.el/2.2.5/javax.el-2.2.5.jar
7fb90c1e9000-7fb90c1eb000 r--s 00008000 08:02 335353                     /home/nataniel/.m2/repository/javax/el/javax.el-api/2.2.5/javax.el-api-2.2.5.jar
7fb90c1eb000-7fb90c1ef000 r--s 0000c000 08:02 335352                     /home/nataniel/.m2/repository/javax/validation/validation-api/1.1.0.Final/validation-api-1.1.0.Final.jar
7fb90c1ef000-7fb90c1f1000 r--s 0000d000 08:02 335351                     /home/nataniel/.m2/repository/com/fasterxml/classmate/1.0.0/classmate-1.0.0.jar
7fb90c1f1000-7fb90c1ff000 r--s 0008d000 08:02 335347                     /home/nataniel/.m2/repository/org/hibernate/hibernate-validator/5.1.3.Final/hibernate-validator-5.1.3.Final.jar
7fb90c1ff000-7fb90c201000 r--s 0000c000 08:02 335346                     /home/nataniel/.m2/repository/org/jboss/logging/jboss-logging/3.1.3.GA/jboss-logging-3.1.3.GA.jar
7fb90c201000-7fb90c204000 r--s 00010000 08:02 335343                     /home/nataniel/.m2/repository/org/hibernate/common/hibernate-commons-annotations/4.0.5.Final/hibernate-commons-annotations-4.0.5.Final.jar
7fb90c204000-7fb90c212000 r--s 00091000 08:02 335342                     /home/nataniel/.m2/repository/org/hibernate/hibernate-entitymanager/4.3.10.Final/hibernate-entitymanager-4.3.10.Final.jar
7fb90c212000-7fb90c217000 r--s 00068000 08:02 335338                     /home/nataniel/.m2/repository/antlr/antlr/2.7.7/antlr-2.7.7.jar
7fb90c217000-7fb90c221000 r--s 000a5000 08:02 335337                     /home/nataniel/.m2/repository/org/javassist/javassist/3.18.1-GA/javassist-3.18.1-GA.jar
7fb90c221000-7fb90c280000 r--s 004ab000 08:02 335327                     /home/nataniel/.m2/repository/org/hibernate/hibernate-core/4.3.10.Final/hibernate-core-4.3.10.Final.jar
7fb90c280000-7fb910000000 rw-p 00000000 00:00 0 
7fb910000000-7fb910021000 rw-p 00000000 00:00 0 
7fb910021000-7fb914000000 ---p 00000000 00:00 0 
7fb914000000-7fb914002000 r--s 00011000 08:02 335339                     /home/nataniel/.m2/repository/org/jboss/jandex/1.1.0.Final/jandex-1.1.0.Final.jar
7fb914002000-7fb914007000 r--s 00017000 08:02 335334                     /home/nataniel/.m2/repository/org/hibernate/javax/persistence/hibernate-jpa-2.1-api/1.0.0.Final/hibernate-jpa-2.1-api-1.0.0.Final.jar
7fb914007000-7fb91400c000 r--s 00016000 08:02 333091                     /home/nataniel/.m2/repository/xml-apis/xml-apis/1.0.b2/xml-apis-1.0.b2.jar
7fb91400c000-7fb914011000 r--s 00048000 08:02 335333                     /home/nataniel/.m2/repository/dom4j/dom4j/1.6.1/dom4j-1.6.1.jar
7fb914011000-7fb91401c000 r--s 0008a000 08:02 335325                     /home/nataniel/.m2/repository/c3p0/c3p0/0.9.1.1/c3p0-0.9.1.1.jar
7fb91401c000-7fb914026000 r--s 00098000 08:02 335320                     /home/nataniel/.m2/repository/org/quartz-scheduler/quartz/2.2.1/quartz-2.2.1.jar
7fb914026000-7fb914030000 r--s 0004a000 08:02 335319                     /home/nataniel/.m2/repository/org/springframework/security/spring-security-web/3.2.5.RELEASE/spring-security-web-3.2.5.RELEASE.jar
7fb914030000-7fb914038000 r--s 0005c000 08:02 335318                     /home/nataniel/.m2/repository/org/springframework/security/spring-security-config/3.2.5.RELEASE/spring-security-config-3.2.5.RELEASE.jar
7fb914038000-7fb914044000 r--s 0005c000 08:02 335317                     /home/nataniel/.m2/repository/org/springframework/security/oauth/spring-security-oauth2/2.0.5.RELEASE/spring-security-oauth2-2.0.5.RELEASE.jar
7fb914044000-7fb91404f000 r--s 0004f000 08:02 335312                     /home/nataniel/.m2/repository/org/springframework/security/spring-security-core/3.2.6.RELEASE/spring-security-core-3.2.6.RELEASE.jar
7fb91404f000-7fb914054000 r--s 00027000 08:02 335311                     /home/nataniel/.m2/repository/org/springframework/spring-context-support/4.1.5.RELEASE/spring-context-support-4.1.5.RELEASE.jar
7fb914054000-7fb91405b000 r--s 00037000 08:02 335309                     /home/nataniel/.m2/repository/org/springframework/spring-tx/4.1.5.RELEASE/spring-tx-4.1.5.RELEASE.jar
7fb91405b000-7fb914062000 r--s 0003f000 08:02 335306                     /home/nataniel/.m2/repository/org/springframework/spring-messaging/4.1.5.RELEASE/spring-messaging-4.1.5.RELEASE.jar
7fb914062000-7fb91406a000 r--s 00057000 08:02 335307                     /home/nataniel/.m2/repository/org/springframework/spring-websocket/4.1.5.RELEASE/spring-websocket-4.1.5.RELEASE.jar
7fb91406a000-7fb914076000 r--s 0006f000 08:02 335302                     /home/nataniel/.m2/repository/org/springframework/spring-test/4.1.5.RELEASE/spring-test-4.1.5.RELEASE.jar
7fb914076000-7fb91407a000 r--s 00019000 08:02 335301                     /home/nataniel/.m2/repository/org/aspectj/aspectjrt/1.8.4/aspectjrt-1.8.4.jar
7fb91407a000-7fb914087000 r--s 0006e000 08:02 335296                     /home/nataniel/.m2/repository/org/springframework/data/spring-data-commons/1.9.2.RELEASE/spring-data-commons-1.9.2.RELEASE.jar
7fb914087000-7fb91408d000 r--s 00031000 08:02 335297                     /home/nataniel/.m2/repository/org/springframework/data/spring-data-jpa/1.7.2.RELEASE/spring-data-jpa-1.7.2.RELEASE.jar
7fb91408d000-7fb914097000 r--s 0005f000 08:02 335293                     /home/nataniel/.m2/repository/org/springframework/spring-jdbc/4.1.5.RELEASE/spring-jdbc-4.1.5.RELEASE.jar
7fb914097000-7fb91409a000 ---p 00000000 00:00 0 
7fb91409a000-7fb914198000 rw-p 00000000 00:00 0 
7fb914198000-7fb914471000 r--p 00000000 08:02 159                        /usr/lib/locale/locale-archive
7fb914471000-7fb914474000 ---p 00000000 00:00 0 
7fb914474000-7fb914572000 rw-p 00000000 00:00 0 
7fb914572000-7fb914575000 ---p 00000000 00:00 0 
7fb914575000-7fb914673000 rw-p 00000000 00:00 0 
7fb914673000-7fb914674000 ---p 00000000 00:00 0 
7fb914674000-7fb91628f000 rw-p 00000000 00:00 0 
7fb91628f000-7fb916467000 r--s 03d2a000 08:02 298531                     /opt/java/jdk1.8.0_111/jre/lib/rt.jar
7fb916467000-7fb91703f000 rw-p 00000000 00:00 0 
7fb91703f000-7fb917040000 ---p 00000000 00:00 0 
7fb917040000-7fb917140000 rw-p 00000000 00:00 0 
7fb917140000-7fb917141000 ---p 00000000 00:00 0 
7fb917141000-7fb917241000 rw-p 00000000 00:00 0 
7fb917241000-7fb917242000 ---p 00000000 00:00 0 
7fb917242000-7fb917342000 rw-p 00000000 00:00 0 
7fb917342000-7fb917343000 ---p 00000000 00:00 0 
7fb917343000-7fb917443000 rw-p 00000000 00:00 0 
7fb917443000-7fb917444000 ---p 00000000 00:00 0 
7fb917444000-7fb917544000 rw-p 00000000 00:00 0 
7fb917544000-7fb917545000 ---p 00000000 00:00 0 
7fb917545000-7fb917645000 rw-p 00000000 00:00 0 
7fb917645000-7fb917646000 ---p 00000000 00:00 0 
7fb917646000-7fb91775f000 rw-p 00000000 00:00 0 
7fb91775f000-7fb9179d6000 ---p 00000000 00:00 0 
7fb9179d6000-7fb9179ef000 rw-p 00000000 00:00 0 
7fb9179ef000-7fb917c66000 ---p 00000000 00:00 0 
7fb917c66000-7fb917cec000 rw-p 00000000 00:00 0 
7fb917cec000-7fb917dae000 ---p 00000000 00:00 0 
7fb917dae000-7fb917dde000 rw-p 00000000 00:00 0 
7fb917dde000-7fb91816f000 ---p 00000000 00:00 0 
7fb91816f000-7fb918d0f000 rwxp 00000000 00:00 0 
7fb918d0f000-7fb92716f000 ---p 00000000 00:00 0 
7fb92716f000-7fb927189000 r-xp 00000000 08:02 298562                     /opt/java/jdk1.8.0_111/jre/lib/amd64/libzip.so
7fb927189000-7fb927389000 ---p 0001a000 08:02 298562                     /opt/java/jdk1.8.0_111/jre/lib/amd64/libzip.so
7fb927389000-7fb92738a000 rw-p 0001a000 08:02 298562                     /opt/java/jdk1.8.0_111/jre/lib/amd64/libzip.so
7fb92738a000-7fb927395000 r-xp 00000000 08:02 5768534                    /lib/x86_64-linux-gnu/libnss_files-2.23.so
7fb927395000-7fb927594000 ---p 0000b000 08:02 5768534                    /lib/x86_64-linux-gnu/libnss_files-2.23.so
7fb927594000-7fb927595000 r--p 0000a000 08:02 5768534                    /lib/x86_64-linux-gnu/libnss_files-2.23.so
7fb927595000-7fb927596000 rw-p 0000b000 08:02 5768534                    /lib/x86_64-linux-gnu/libnss_files-2.23.so
7fb927596000-7fb92759c000 rw-p 00000000 00:00 0 
7fb92759c000-7fb9275a7000 r-xp 00000000 08:02 5768484                    /lib/x86_64-linux-gnu/libnss_nis-2.23.so
7fb9275a7000-7fb9277a6000 ---p 0000b000 08:02 5768484                    /lib/x86_64-linux-gnu/libnss_nis-2.23.so
7fb9277a6000-7fb9277a7000 r--p 0000a000 08:02 5768484                    /lib/x86_64-linux-gnu/libnss_nis-2.23.so
7fb9277a7000-7fb9277a8000 rw-p 0000b000 08:02 5768484                    /lib/x86_64-linux-gnu/libnss_nis-2.23.so
7fb9277a8000-7fb9277be000 r-xp 00000000 08:02 5768526                    /lib/x86_64-linux-gnu/libnsl-2.23.so
7fb9277be000-7fb9279bd000 ---p 00016000 08:02 5768526                    /lib/x86_64-linux-gnu/libnsl-2.23.so
7fb9279bd000-7fb9279be000 r--p 00015000 08:02 5768526                    /lib/x86_64-linux-gnu/libnsl-2.23.so
7fb9279be000-7fb9279bf000 rw-p 00016000 08:02 5768526                    /lib/x86_64-linux-gnu/libnsl-2.23.so
7fb9279bf000-7fb9279c1000 rw-p 00000000 00:00 0 
7fb9279c1000-7fb9279c9000 r-xp 00000000 08:02 5768531                    /lib/x86_64-linux-gnu/libnss_compat-2.23.so
7fb9279c9000-7fb927bc8000 ---p 00008000 08:02 5768531                    /lib/x86_64-linux-gnu/libnss_compat-2.23.so
7fb927bc8000-7fb927bc9000 r--p 00007000 08:02 5768531                    /lib/x86_64-linux-gnu/libnss_compat-2.23.so
7fb927bc9000-7fb927bca000 rw-p 00008000 08:02 5768531                    /lib/x86_64-linux-gnu/libnss_compat-2.23.so
7fb927bca000-7fb927bd4000 r-xp 00000000 08:02 298600                     /opt/java/jdk1.8.0_111/jre/lib/amd64/libinstrument.so
7fb927bd4000-7fb927dd3000 ---p 0000a000 08:02 298600                     /opt/java/jdk1.8.0_111/jre/lib/amd64/libinstrument.so
7fb927dd3000-7fb927dd4000 rw-p 00009000 08:02 298600                     /opt/java/jdk1.8.0_111/jre/lib/amd64/libinstrument.so
7fb927dd4000-7fb927dff000 r-xp 00000000 08:02 298589                     /opt/java/jdk1.8.0_111/jre/lib/amd64/libjava.so
7fb927dff000-7fb927ffe000 ---p 0002b000 08:02 298589                     /opt/java/jdk1.8.0_111/jre/lib/amd64/libjava.so
7fb927ffe000-7fb928000000 rw-p 0002a000 08:02 298589                     /opt/java/jdk1.8.0_111/jre/lib/amd64/libjava.so
7fb928000000-7fb9295aa000 rw-p 00000000 00:00 0 
7fb9295aa000-7fb92c000000 ---p 00000000 00:00 0 
7fb92c000000-7fb92c002000 r--s 00007000 08:02 335326                     /home/nataniel/.m2/repository/org/quartz-scheduler/quartz-jobs/2.2.1/quartz-jobs-2.2.1.jar
7fb92c002000-7fb92c00b000 r--s 0004f000 08:02 335288                     /home/nataniel/.m2/repository/org/springframework/spring-aop/4.1.5.RELEASE/spring-aop-4.1.5.RELEASE.jar
7fb92c00b000-7fb92c018000 r--s 000a0000 08:02 335285                     /home/nataniel/.m2/repository/org/springframework/spring-beans/4.1.5.RELEASE/spring-beans-4.1.5.RELEASE.jar
7fb92c018000-7fb92c027000 r--s 000b0000 08:02 335283                     /home/nataniel/.m2/repository/org/springframework/spring-webmvc/4.1.5.RELEASE/spring-webmvc-4.1.5.RELEASE.jar
7fb92c027000-7fb92c02c000 r--s 0003b000 08:02 335277                     /home/nataniel/.m2/repository/org/springframework/spring-expression/4.1.5.RELEASE/spring-expression-4.1.5.RELEASE.jar
7fb92c02c000-7fb92c044000 r--s 000e3000 08:02 335276                     /home/nataniel/.m2/repository/org/springframework/spring-context/4.1.5.RELEASE/spring-context-4.1.5.RELEASE.jar
7fb92c044000-7fb92c059000 r--s 000e2000 08:02 335275                     /home/nataniel/.m2/repository/org/springframework/spring-core/4.1.5.RELEASE/spring-core-4.1.5.RELEASE.jar
7fb92c059000-7fb92c0cf000 rw-p 00000000 00:00 0 
7fb92c0cf000-7fb92c0d0000 ---p 00000000 00:00 0 
7fb92c0d0000-7fb92c1d0000 rw-p 00000000 00:00 0 
7fb92c1d0000-7fb92c1dd000 r-xp 00000000 08:02 298540                     /opt/java/jdk1.8.0_111/jre/lib/amd64/libverify.so
7fb92c1dd000-7fb92c3dc000 ---p 0000d000 08:02 298540                     /opt/java/jdk1.8.0_111/jre/lib/amd64/libverify.so
7fb92c3dc000-7fb92c3de000 rw-p 0000c000 08:02 298540                     /opt/java/jdk1.8.0_111/jre/lib/amd64/libverify.so
7fb92c3de000-7fb92c3e5000 r-xp 00000000 08:02 5768483                    /lib/x86_64-linux-gnu/librt-2.23.so
7fb92c3e5000-7fb92c5e4000 ---p 00007000 08:02 5768483                    /lib/x86_64-linux-gnu/librt-2.23.so
7fb92c5e4000-7fb92c5e5000 r--p 00006000 08:02 5768483                    /lib/x86_64-linux-gnu/librt-2.23.so
7fb92c5e5000-7fb92c5e6000 rw-p 00007000 08:02 5768483                    /lib/x86_64-linux-gnu/librt-2.23.so
7fb92c5e6000-7fb92c6ee000 r-xp 00000000 08:02 5768524                    /lib/x86_64-linux-gnu/libm-2.23.so
7fb92c6ee000-7fb92c8ed000 ---p 00108000 08:02 5768524                    /lib/x86_64-linux-gnu/libm-2.23.so
7fb92c8ed000-7fb92c8ee000 r--p 00107000 08:02 5768524                    /lib/x86_64-linux-gnu/libm-2.23.so
7fb92c8ee000-7fb92c8ef000 rw-p 00108000 08:02 5768524                    /lib/x86_64-linux-gnu/libm-2.23.so
7fb92c8ef000-7fb92d5bc000 r-xp 00000000 08:02 298593                     /opt/java/jdk1.8.0_111/jre/lib/amd64/server/libjvm.so
7fb92d5bc000-7fb92d7bb000 ---p 00ccd000 08:02 298593                     /opt/java/jdk1.8.0_111/jre/lib/amd64/server/libjvm.so
7fb92d7bb000-7fb92d894000 rw-p 00ccc000 08:02 298593                     /opt/java/jdk1.8.0_111/jre/lib/amd64/server/libjvm.so
7fb92d894000-7fb92d8df000 rw-p 00000000 00:00 0 
7fb92d8df000-7fb92da9e000 r-xp 00000000 08:02 5768497                    /lib/x86_64-linux-gnu/libc-2.23.so
7fb92da9e000-7fb92dc9e000 ---p 001bf000 08:02 5768497                    /lib/x86_64-linux-gnu/libc-2.23.so
7fb92dc9e000-7fb92dca2000 r--p 001bf000 08:02 5768497                    /lib/x86_64-linux-gnu/libc-2.23.so
7fb92dca2000-7fb92dca4000 rw-p 001c3000 08:02 5768497                    /lib/x86_64-linux-gnu/libc-2.23.so
7fb92dca4000-7fb92dca8000 rw-p 00000000 00:00 0 
7fb92dca8000-7fb92dcab000 r-xp 00000000 08:02 5768496                    /lib/x86_64-linux-gnu/libdl-2.23.so
7fb92dcab000-7fb92deaa000 ---p 00003000 08:02 5768496                    /lib/x86_64-linux-gnu/libdl-2.23.so
7fb92deaa000-7fb92deab000 r--p 00002000 08:02 5768496                    /lib/x86_64-linux-gnu/libdl-2.23.so
7fb92deab000-7fb92deac000 rw-p 00003000 08:02 5768496                    /lib/x86_64-linux-gnu/libdl-2.23.so
7fb92deac000-7fb92dec1000 r-xp 00000000 08:02 298578                     /opt/java/jdk1.8.0_111/jre/lib/amd64/jli/libjli.so
7fb92dec1000-7fb92e0c1000 ---p 00015000 08:02 298578                     /opt/java/jdk1.8.0_111/jre/lib/amd64/jli/libjli.so
7fb92e0c1000-7fb92e0c2000 rw-p 00015000 08:02 298578                     /opt/java/jdk1.8.0_111/jre/lib/amd64/jli/libjli.so
7fb92e0c2000-7fb92e0da000 r-xp 00000000 08:02 5768525                    /lib/x86_64-linux-gnu/libpthread-2.23.so
7fb92e0da000-7fb92e2d9000 ---p 00018000 08:02 5768525                    /lib/x86_64-linux-gnu/libpthread-2.23.so
7fb92e2d9000-7fb92e2da000 r--p 00017000 08:02 5768525                    /lib/x86_64-linux-gnu/libpthread-2.23.so
7fb92e2da000-7fb92e2db000 rw-p 00018000 08:02 5768525                    /lib/x86_64-linux-gnu/libpthread-2.23.so
7fb92e2db000-7fb92e2df000 rw-p 00000000 00:00 0 
7fb92e2df000-7fb92e305000 r-xp 00000000 08:02 5767197                    /lib/x86_64-linux-gnu/ld-2.23.so
7fb92e305000-7fb92e306000 r--s 00006000 08:02 335332                     /home/nataniel/.m2/repository/org/jboss/spec/javax/transaction/jboss-transaction-api_1.2_spec/1.0.0.Final/jboss-transaction-api_1.2_spec-1.0.0.Final.jar
7fb92e306000-7fb92e308000 r--s 00003000 08:02 335300                     /home/nataniel/.m2/repository/org/slf4j/jcl-over-slf4j/1.7.10/jcl-over-slf4j-1.7.10.jar
7fb92e308000-7fb92e3d9000 rw-p 00000000 00:00 0 
7fb92e3d9000-7fb92e3dc000 ---p 00000000 00:00 0 
7fb92e3dc000-7fb92e4de000 rw-p 00000000 00:00 0 
7fb92e4de000-7fb92e4df000 r--s 00002000 08:02 335328                     /home/nataniel/.m2/repository/org/jboss/logging/jboss-logging-annotations/1.2.0.Beta1/jboss-logging-annotations-1.2.0.Beta1.jar
7fb92e4df000-7fb92e4e1000 r--s 00000000 08:02 335289                     /home/nataniel/.m2/repository/aopalliance/aopalliance/1.0/aopalliance-1.0.jar
7fb92e4e1000-7fb92e4e9000 r--s 00054000 08:02 335278                     /home/nataniel/.m2/repository/org/springframework/spring-orm/4.1.5.RELEASE/spring-orm-4.1.5.RELEASE.jar
7fb92e4e9000-7fb92e4eb000 r--s 0000e000 08:02 335279                     /home/nataniel/.m2/repository/commons-logging/commons-logging/1.2/commons-logging-1.2.jar
7fb92e4eb000-7fb92e4f0000 r--s 0001c000 08:02 1578477                    /home/nataniel/.m2/repository/br/com/cds/connecta/framework/connecta-core/0.10.0-SNAPSHOT/connecta-core-0.10.0-SNAPSHOT.jar
7fb92e4f0000-7fb92e4f5000 r--s 00023000 08:02 338310                     /home/nataniel/.m2/repository/org/apache/maven/surefire/surefire-api/2.10/surefire-api-2.10.jar
7fb92e4f5000-7fb92e4f7000 r--s 00007000 08:02 338306                     /home/nataniel/.m2/repository/org/apache/maven/surefire/surefire-booter/2.10/surefire-booter-2.10.jar
7fb92e4f7000-7fb92e4f8000 r--s 00004000 08:02 2097396                    /home/nataniel/NetBeansProjects/connecta-portal/target/surefire/surefirebooter3482716002837688566.jar
7fb92e4f8000-7fb92e500000 rw-s 00000000 08:02 13893978                   /tmp/hsperfdata_nataniel/7843
7fb92e500000-7fb92e501000 rw-p 00000000 00:00 0 
7fb92e501000-7fb92e502000 ---p 00000000 00:00 0 
7fb92e502000-7fb92e504000 rw-p 00000000 00:00 0 
7fb92e504000-7fb92e505000 r--p 00025000 08:02 5767197                    /lib/x86_64-linux-gnu/ld-2.23.so
7fb92e505000-7fb92e506000 rw-p 00026000 08:02 5767197                    /lib/x86_64-linux-gnu/ld-2.23.so
7fb92e506000-7fb92e507000 rw-p 00000000 00:00 0 
7fffd2591000-7fffd25b2000 rw-p 00000000 00:00 0                          [stack]
7fffd25fa000-7fffd25fc000 r--p 00000000 00:00 0                          [vvar]
7fffd25fc000-7fffd25fe000 r-xp 00000000 00:00 0                          [vdso]
ffffffffff600000-ffffffffff601000 r-xp 00000000 00:00 0                  [vsyscall]

VM Arguments:
jvm_args: -javaagent:/home/nataniel/.m2/repository/org/jacoco/org.jacoco.agent/0.7.7.201606060606/org.jacoco.agent-0.7.7.201606060606-runtime.jar=destfile=/home/nataniel/NetBeansProjects/connecta-portal/target/jacoco.exec 
java_command: /home/nataniel/NetBeansProjects/connecta-portal/target/surefire/surefirebooter3482716002837688566.jar /home/nataniel/NetBeansProjects/connecta-portal/target/surefire/surefire5130244868351612284tmp /home/nataniel/NetBeansProjects/connecta-portal/target/surefire/surefire3985294823891519300tmp
java_class_path (initial): /home/nataniel/NetBeansProjects/connecta-portal/target/surefire/surefirebooter3482716002837688566.jar:/home/nataniel/.m2/repository/org/jacoco/org.jacoco.agent/0.7.7.201606060606/org.jacoco.agent-0.7.7.201606060606-runtime.jar
Launcher Type: SUN_STANDARD

Environment Variables:
JAVA_HOME=/opt/java/jdk1.8.0_111
PATH=/usr/local/sbin:/usr/local/bin:/usr/sbin:/usr/bin:/sbin:/bin:/usr/games:/usr/local/games
USERNAME=nataniel
LD_LIBRARY_PATH=/opt/java/jdk1.8.0_111/jre/lib/amd64:/opt/java/jdk1.8.0_111/jre/lib/i386:
SHELL=/bin/bash
DISPLAY=:0

Signal Handlers:
SIGSEGV: [libjvm.so+0xac64b0], sa_mask[0]=11111111011111111101111111111110, sa_flags=SA_RESTART|SA_SIGINFO
SIGBUS: [libjvm.so+0xac64b0], sa_mask[0]=11111111011111111101111111111110, sa_flags=SA_RESTART|SA_SIGINFO
SIGFPE: [libjvm.so+0x91f950], sa_mask[0]=11111111011111111101111111111110, sa_flags=SA_RESTART|SA_SIGINFO
SIGPIPE: [libjvm.so+0x91f950], sa_mask[0]=11111111011111111101111111111110, sa_flags=SA_RESTART|SA_SIGINFO
SIGXFSZ: [libjvm.so+0x91f950], sa_mask[0]=11111111011111111101111111111110, sa_flags=SA_RESTART|SA_SIGINFO
SIGILL: [libjvm.so+0x91f950], sa_mask[0]=11111111011111111101111111111110, sa_flags=SA_RESTART|SA_SIGINFO
SIGUSR1: SIG_DFL, sa_mask[0]=00000000000000000000000000000000, sa_flags=none
SIGUSR2: [libjvm.so+0x920f80], sa_mask[0]=00100000000000000000000000000000, sa_flags=SA_RESTART|SA_SIGINFO
SIGHUP: [libjvm.so+0x922380], sa_mask[0]=11111111011111111101111111111110, sa_flags=SA_RESTART|SA_SIGINFO
SIGINT: SIG_IGN, sa_mask[0]=00000000000000000000000000000000, sa_flags=none
SIGTERM: [libjvm.so+0x922380], sa_mask[0]=11111111011111111101111111111110, sa_flags=SA_RESTART|SA_SIGINFO
SIGQUIT: [libjvm.so+0x922380], sa_mask[0]=11111111011111111101111111111110, sa_flags=SA_RESTART|SA_SIGINFO


---------------  S Y S T E M  ---------------

OS:DISTRIB_ID=LinuxMint
DISTRIB_RELEASE=18.1
DISTRIB_CODENAME=serena
DISTRIB_DESCRIPTION="Linux Mint 18.1 Serena"

uname:Linux 4.4.0-62-generic #83-Ubuntu SMP Wed Jan 18 14:10:15 UTC 2017 x86_64
libc:glibc 2.23 NPTL 2.23 
rlimit: STACK 8192k, CORE 0k, NPROC 30605, NOFILE 65536, AS infinity
load average:15,07 6,11 3,75

/proc/meminfo:
MemTotal:        8057820 kB
MemFree:          141972 kB
MemAvailable:      66644 kB
Buffers:            2384 kB
Cached:           259172 kB
SwapCached:            0 kB
Active:          7349980 kB
Inactive:         232248 kB
Active(anon):    7324060 kB
Inactive(anon):   193324 kB
Active(file):      25920 kB
Inactive(file):    38924 kB
Unevictable:         616 kB
Mlocked:             616 kB
SwapTotal:             0 kB
SwapFree:              0 kB
Dirty:               332 kB
Writeback:             0 kB
AnonPages:       7307372 kB
Mapped:           311156 kB
Shmem:            195776 kB
Slab:             107360 kB
SReclaimable:      56380 kB
SUnreclaim:        50980 kB
KernelStack:       17136 kB
PageTables:        60020 kB
NFS_Unstable:          0 kB
Bounce:                0 kB
WritebackTmp:          0 kB
CommitLimit:     4028908 kB
Committed_AS:   12569784 kB
VmallocTotal:   34359738367 kB
VmallocUsed:           0 kB
VmallocChunk:          0 kB
HardwareCorrupted:     0 kB
AnonHugePages:   3151872 kB
CmaTotal:              0 kB
CmaFree:               0 kB
HugePages_Total:       0
HugePages_Free:        0
HugePages_Rsvd:        0
HugePages_Surp:        0
Hugepagesize:       2048 kB
DirectMap4k:      292868 kB
DirectMap2M:     7979008 kB


CPU:total 8 (4 cores per cpu, 2 threads per core) family 6 model 58 stepping 9, cmov, cx8, fxsr, mmx, sse, sse2, sse3, ssse3, sse4.1, sse4.2, popcnt, avx, aes, clmul, erms, ht, tsc, tscinvbit, tscinv

/proc/cpuinfo:
processor	: 0
vendor_id	: GenuineIntel
cpu family	: 6
model		: 58
model name	: Intel(R) Core(TM) i7-3610QM CPU @ 2.30GHz
stepping	: 9
microcode	: 0x12
cpu MHz		: 1268.593
cache size	: 6144 KB
physical id	: 0
siblings	: 8
core id		: 0
cpu cores	: 4
apicid		: 0
initial apicid	: 0
fpu		: yes
fpu_exception	: yes
cpuid level	: 13
wp		: yes
flags		: fpu vme de pse tsc msr pae mce cx8 apic sep mtrr pge mca cmov pat pse36 clflush dts acpi mmx fxsr sse sse2 ss ht tm pbe syscall nx rdtscp lm constant_tsc arch_perfmon pebs bts rep_good nopl xtopology nonstop_tsc aperfmperf eagerfpu pni pclmulqdq dtes64 monitor ds_cpl vmx est tm2 ssse3 cx16 xtpr pdcm pcid sse4_1 sse4_2 x2apic popcnt tsc_deadline_timer aes xsave avx f16c rdrand lahf_lm epb tpr_shadow vnmi flexpriority ept vpid fsgsbase smep erms xsaveopt dtherm ida arat pln pts
bugs		:
bogomips	: 4589.58
clflush size	: 64
cache_alignment	: 64
address sizes	: 36 bits physical, 48 bits virtual
power management:

processor	: 1
vendor_id	: GenuineIntel
cpu family	: 6
model		: 58
model name	: Intel(R) Core(TM) i7-3610QM CPU @ 2.30GHz
stepping	: 9
microcode	: 0x12
cpu MHz		: 1260.417
cache size	: 6144 KB
physical id	: 0
siblings	: 8
core id		: 1
cpu cores	: 4
apicid		: 2
initial apicid	: 2
fpu		: yes
fpu_exception	: yes
cpuid level	: 13
wp		: yes
flags		: fpu vme de pse tsc msr pae mce cx8 apic sep mtrr pge mca cmov pat pse36 clflush dts acpi mmx fxsr sse sse2 ss ht tm pbe syscall nx rdtscp lm constant_tsc arch_perfmon pebs bts rep_good nopl xtopology nonstop_tsc aperfmperf eagerfpu pni pclmulqdq dtes64 monitor ds_cpl vmx est tm2 ssse3 cx16 xtpr pdcm pcid sse4_1 sse4_2 x2apic popcnt tsc_deadline_timer aes xsave avx f16c rdrand lahf_lm epb tpr_shadow vnmi flexpriority ept vpid fsgsbase smep erms xsaveopt dtherm ida arat pln pts
bugs		:
bogomips	: 4589.58
clflush size	: 64
cache_alignment	: 64
address sizes	: 36 bits physical, 48 bits virtual
power management:

processor	: 2
vendor_id	: GenuineIntel
cpu family	: 6
model		: 58
model name	: Intel(R) Core(TM) i7-3610QM CPU @ 2.30GHz
stepping	: 9
microcode	: 0x12
cpu MHz		: 1217.652
cache size	: 6144 KB
physical id	: 0
siblings	: 8
core id		: 2
cpu cores	: 4
apicid		: 4
initial apicid	: 4
fpu		: yes
fpu_exception	: yes
cpuid level	: 13
wp		: yes
flags		: fpu vme de pse tsc msr pae mce cx8 apic sep mtrr pge mca cmov pat pse36 clflush dts acpi mmx fxsr sse sse2 ss ht tm pbe syscall nx rdtscp lm constant_tsc arch_perfmon pebs bts rep_good nopl xtopology nonstop_tsc aperfmperf eagerfpu pni pclmulqdq dtes64 monitor ds_cpl vmx est tm2 ssse3 cx16 xtpr pdcm pcid sse4_1 sse4_2 x2apic popcnt tsc_deadline_timer aes xsave avx f16c rdrand lahf_lm epb tpr_shadow vnmi flexpriority ept vpid fsgsbase smep erms xsaveopt dtherm ida arat pln pts
bugs		:
bogomips	: 4589.58
clflush size	: 64
cache_alignment	: 64
address sizes	: 36 bits physical, 48 bits virtual
power management:

processor	: 3
vendor_id	: GenuineIntel
cpu family	: 6
model		: 58
model name	: Intel(R) Core(TM) i7-3610QM CPU @ 2.30GHz
stepping	: 9
microcode	: 0x12
cpu MHz		: 1200.312
cache size	: 6144 KB
physical id	: 0
siblings	: 8
core id		: 3
cpu cores	: 4
apicid		: 6
initial apicid	: 6
fpu		: yes
fpu_exception	: yes
cpuid level	: 13
wp		: yes
flags		: fpu vme de pse tsc msr pae mce cx8 apic sep mtrr pge mca cmov pat pse36 clflush dts acpi mmx fxsr sse sse2 ss ht tm pbe syscall nx rdtscp lm constant_tsc arch_perfmon pebs bts rep_good nopl xtopology nonstop_tsc aperfmperf eagerfpu pni pclmulqdq dtes64 monitor ds_cpl vmx est tm2 ssse3 cx16 xtpr pdcm pcid sse4_1 sse4_2 x2apic popcnt tsc_deadline_timer aes xsave avx f16c rdrand lahf_lm epb tpr_shadow vnmi flexpriority ept vpid fsgsbase smep erms xsaveopt dtherm ida arat pln pts
bugs		:
bogomips	: 4589.58
clflush size	: 64
cache_alignment	: 64
address sizes	: 36 bits physical, 48 bits virtual
power management:

processor	: 4
vendor_id	: GenuineIntel
cpu family	: 6
model		: 58
model name	: Intel(R) Core(TM) i7-3610QM CPU @ 2.30GHz
stepping	: 9
microcode	: 0x12
cpu MHz		: 1287.820
cache size	: 6144 KB
physical id	: 0
siblings	: 8
core id		: 0
cpu cores	: 4
apicid		: 1
initial apicid	: 1
fpu		: yes
fpu_exception	: yes
cpuid level	: 13
wp		: yes
flags		: fpu vme de pse tsc msr pae mce cx8 apic sep mtrr pge mca cmov pat pse36 clflush dts acpi mmx fxsr sse sse2 ss ht tm pbe syscall nx rdtscp lm constant_tsc arch_perfmon pebs bts rep_good nopl xtopology nonstop_tsc aperfmperf eagerfpu pni pclmulqdq dtes64 monitor ds_cpl vmx est tm2 ssse3 cx16 xtpr pdcm pcid sse4_1 sse4_2 x2apic popcnt tsc_deadline_timer aes xsave avx f16c rdrand lahf_lm epb tpr_shadow vnmi flexpriority ept vpid fsgsbase smep erms xsaveopt dtherm ida arat pln pts
bugs		:
bogomips	: 4589.58
clflush size	: 64
cache_alignment	: 64
address sizes	: 36 bits physical, 48 bits virtual
power management:

processor	: 5
vendor_id	: GenuineIntel
cpu family	: 6
model		: 58
model name	: Intel(R) Core(TM) i7-3610QM CPU @ 2.30GHz
stepping	: 9
microcode	: 0x12
cpu MHz		: 1206.601
cache size	: 6144 KB
physical id	: 0
siblings	: 8
core id		: 1
cpu cores	: 4
apicid		: 3
initial apicid	: 3
fpu		: yes
fpu_exception	: yes
cpuid level	: 13
wp		: yes
flags		: fpu vme de pse tsc msr pae mce cx8 apic sep mtrr pge mca cmov pat pse36 clflush dts acpi mmx fxsr sse sse2 ss ht tm pbe syscall nx rdtscp lm constant_tsc arch_perfmon pebs bts rep_good nopl xtopology nonstop_tsc aperfmperf eagerfpu pni pclmulqdq dtes64 monitor ds_cpl vmx est tm2 ssse3 cx16 xtpr pdcm pcid sse4_1 sse4_2 x2apic popcnt tsc_deadline_timer aes xsave avx f16c rdrand lahf_lm epb tpr_shadow vnmi flexpriority ept vpid fsgsbase smep erms xsaveopt dtherm ida arat pln pts
bugs		:
bogomips	: 4589.58
clflush size	: 64
cache_alignment	: 64
address sizes	: 36 bits physical, 48 bits virtual
power management:

processor	: 6
vendor_id	: GenuineIntel
cpu family	: 6
model		: 58
model name	: Intel(R) Core(TM) i7-3610QM CPU @ 2.30GHz
stepping	: 9
microcode	: 0x12
cpu MHz		: 1249.457
cache size	: 6144 KB
physical id	: 0
siblings	: 8
core id		: 2
cpu cores	: 4
apicid		: 5
initial apicid	: 5
fpu		: yes
fpu_exception	: yes
cpuid level	: 13
wp		: yes
flags		: fpu vme de pse tsc msr pae mce cx8 apic sep mtrr pge mca cmov pat pse36 clflush dts acpi mmx fxsr sse sse2 ss ht tm pbe syscall nx rdtscp lm constant_tsc arch_perfmon pebs bts rep_good nopl xtopology nonstop_tsc aperfmperf eagerfpu pni pclmulqdq dtes64 monitor ds_cpl vmx est tm2 ssse3 cx16 xtpr pdcm pcid sse4_1 sse4_2 x2apic popcnt tsc_deadline_timer aes xsave avx f16c rdrand lahf_lm epb tpr_shadow vnmi flexpriority ept vpid fsgsbase smep erms xsaveopt dtherm ida arat pln pts
bugs		:
bogomips	: 4589.58
clflush size	: 64
cache_alignment	: 64
address sizes	: 36 bits physical, 48 bits virtual
power management:

processor	: 7
vendor_id	: GenuineIntel
cpu family	: 6
model		: 58
model name	: Intel(R) Core(TM) i7-3610QM CPU @ 2.30GHz
stepping	: 9
microcode	: 0x12
cpu MHz		: 1305.519
cache size	: 6144 KB
physical id	: 0
siblings	: 8
core id		: 3
cpu cores	: 4
apicid		: 7
initial apicid	: 7
fpu		: yes
fpu_exception	: yes
cpuid level	: 13
wp		: yes
flags		: fpu vme de pse tsc msr pae mce cx8 apic sep mtrr pge mca cmov pat pse36 clflush dts acpi mmx fxsr sse sse2 ss ht tm pbe syscall nx rdtscp lm constant_tsc arch_perfmon pebs bts rep_good nopl xtopology nonstop_tsc aperfmperf eagerfpu pni pclmulqdq dtes64 monitor ds_cpl vmx est tm2 ssse3 cx16 xtpr pdcm pcid sse4_1 sse4_2 x2apic popcnt tsc_deadline_timer aes xsave avx f16c rdrand lahf_lm epb tpr_shadow vnmi flexpriority ept vpid fsgsbase smep erms xsaveopt dtherm ida arat pln pts
bugs		:
bogomips	: 4589.58
clflush size	: 64
cache_alignment	: 64
address sizes	: 36 bits physical, 48 bits virtual
power management:



Memory: 4k page, physical 8057820k(141724k free), swap 0k(0k free)

vm_info: Java HotSpot(TM) 64-Bit Server VM (25.111-b14) for linux-amd64 JRE (1.8.0_111-b14), built on Sep 22 2016 16:14:03 by "java_re" with gcc 4.3.0 20080428 (Red Hat 4.3.0-8)

time: Wed Mar  1 15:06:08 2017
elapsed time: 53 seconds (0d 0h 0m 53s)

