#
# There is insufficient memory for the Java Runtime Environment to continue.
# Native memory allocation (mmap) failed to map 176685056 bytes for committing reserved memory.
# Possible reasons:
#   The system is out of physical RAM or swap space
#   In 32 bit mode, the process size limit was hit
# Possible solutions:
#   Reduce memory load on the system
#   Increase physical memory or swap space
#   Check if swap backing store is full
#   Use 64 bit Java on a 64 bit OS
#   Decrease Java heap size (-Xmx/-Xms)
#   Decrease number of Java threads
#   Decrease Java thread stack sizes (-Xss)
#   Set larger code cache with -XX:ReservedCodeCacheSize=
# This output file may be truncated or incomplete.
#
#  Out of Memory Error (os_linux.cpp:2627), pid=6950, tid=0x00007fe3c30f0700
#
# JRE version: Java(TM) SE Runtime Environment (8.0_111-b14) (build 1.8.0_111-b14)
# Java VM: Java HotSpot(TM) 64-Bit Server VM (25.111-b14 mixed mode linux-amd64 compressed oops)
# Failed to write core dump. Core dumps have been disabled. To enable core dumping, try "ulimit -c unlimited" before starting Java again
#

---------------  T H R E A D  ---------------

Current thread (0x00007fe3f81c8000):  VMThread [stack: 0x00007fe3c2ff0000,0x00007fe3c30f1000] [id=6966]

Stack: [0x00007fe3c2ff0000,0x00007fe3c30f1000],  sp=0x00007fe3c30ef000,  free space=1020k
Native frames: (J=compiled Java code, j=interpreted, Vv=VM code, C=native code)
V  [libjvm.so+0xac5c2a]  VMError::report_and_die()+0x2ba
V  [libjvm.so+0x4fc50b]  report_vm_out_of_memory(char const*, int, unsigned long, VMErrorType, char const*)+0x8b
V  [libjvm.so+0x922ae3]  os::Linux::commit_memory_impl(char*, unsigned long, bool)+0x103
V  [libjvm.so+0x923039]  os::pd_commit_memory(char*, unsigned long, unsigned long, bool)+0x29
V  [libjvm.so+0x91d33a]  os::commit_memory(char*, unsigned long, unsigned long, bool)+0x2a
V  [libjvm.so+0x991ac3]  PSVirtualSpace::expand_by(unsigned long)+0x53
V  [libjvm.so+0x992ec8]  PSYoungGen::resize_generation(unsigned long, unsigned long)+0xf8
V  [libjvm.so+0x992022]  PSYoungGen::resize(unsigned long, unsigned long)+0x22
V  [libjvm.so+0x98f2fb]  PSScavenge::invoke_no_policy()+0xf3b
V  [libjvm.so+0x98a5a5]  PSParallelCompact::invoke(bool)+0x85
V  [libjvm.so+0x482fb4]  CollectedHeap::collect_as_vm_thread(GCCause::Cause)+0x114
V  [libjvm.so+0xac70a1]  VM_CollectForMetadataAllocation::doit()+0x161
V  [libjvm.so+0xacf125]  VM_Operation::evaluate()+0x55
V  [libjvm.so+0xacd4fa]  VMThread::evaluate_operation(VM_Operation*)+0xba
V  [libjvm.so+0xacd87e]  VMThread::loop()+0x1ce
V  [libjvm.so+0xacdcf0]  VMThread::run()+0x70
V  [libjvm.so+0x924ea8]  java_start(Thread*)+0x108

VM_Operation (0x00007fe400ddab10): CollectForMetadataAllocation, mode: safepoint, requested by thread 0x00007fe3f800b000


---------------  P R O C E S S  ---------------

Java Threads: ( => current thread )
  0x00007fe3f8f1f800 JavaThread "Abandoned connection cleanup thread" daemon [_thread_blocked, id=7050, stack(0x00007fe3c03b6000,0x00007fe3c04b7000)]
  0x00007fe3f8c53800 JavaThread "Service Thread" daemon [_thread_blocked, id=6978, stack(0x00007fe3c1862000,0x00007fe3c1963000)]
  0x00007fe3f8b59000 JavaThread "C1 CompilerThread3" daemon [_thread_blocked, id=6977, stack(0x00007fe3c1963000,0x00007fe3c1a64000)]
  0x00007fe3f8bc4000 JavaThread "C2 CompilerThread2" daemon [_thread_blocked, id=6976, stack(0x00007fe3c1a64000,0x00007fe3c1b65000)]
  0x00007fe3f8bc0000 JavaThread "C2 CompilerThread1" daemon [_thread_blocked, id=6975, stack(0x00007fe3c1b65000,0x00007fe3c1c66000)]
  0x00007fe3f8bc2800 JavaThread "C2 CompilerThread0" daemon [_thread_blocked, id=6974, stack(0x00007fe3c1c66000,0x00007fe3c1d67000)]
  0x00007fe3f8208000 JavaThread "Signal Dispatcher" daemon [_thread_blocked, id=6969, stack(0x00007fe3c2a14000,0x00007fe3c2b15000)]
  0x00007fe3f81d4000 JavaThread "Finalizer" daemon [_thread_blocked, id=6968, stack(0x00007fe3c2dee000,0x00007fe3c2eef000)]
  0x00007fe3f81cf800 JavaThread "Reference Handler" daemon [_thread_blocked, id=6967, stack(0x00007fe3c2eef000,0x00007fe3c2ff0000)]
  0x00007fe3f800b000 JavaThread "main" [_thread_blocked, id=6957, stack(0x00007fe400ce1000,0x00007fe400de2000)]

Other Threads:
=>0x00007fe3f81c8000 VMThread [stack: 0x00007fe3c2ff0000,0x00007fe3c30f1000] [id=6966]
  0x00007fe3f8bda800 WatcherThread [stack: 0x00007fe3c1761000,0x00007fe3c1862000] [id=6979]

VM state:at safepoint (normal execution)

VM Mutex/Monitor currently owned by a thread:  ([mutex/lock_event])
[0x00007fe3f8007290] Threads_lock - owner thread: 0x00007fe3f81c8000
[0x00007fe3f8007790] Heap_lock - owner thread: 0x00007fe3f800b000

Heap:
 PSYoungGen      total 449024K, used 8010K [0x00000000d7000000, 0x00000000f3780000, 0x0000000100000000)
  eden space 431616K, 0% used [0x00000000d7000000,0x00000000d7000000,0x00000000f1580000)
  from space 17408K, 46% used [0x00000000f1580000,0x00000000f1d52a10,0x00000000f2680000)
  to   space 12800K, 0% used [0x00000000f2900000,0x00000000f2900000,0x00000000f3580000)
 ParOldGen       total 64512K, used 36255K [0x0000000085000000, 0x0000000088f00000, 0x00000000d7000000)
  object space 64512K, 56% used [0x0000000085000000,0x0000000087367cc0,0x0000000088f00000)
 Metaspace       used 58480K, capacity 58810K, committed 59160K, reserved 1101824K
  class space    used 6590K, capacity 6685K, committed 6704K, reserved 1048576K

Card table byte_map: [0x00007fe3fd4ae000,0x00007fe3fd887000] byte_map_base: 0x00007fe3fd086000

Marking Bits: (ParMarkBitMap*) 0x00007fe4001ba220
 Begin Bits: [0x00007fe3c8280000, 0x00007fe3ca140000)
 End Bits:   [0x00007fe3ca140000, 0x00007fe3cc000000)

Polling page: 0x00007fe400e09000

CodeCache: size=245760Kb used=19701Kb max_used=20016Kb free=226059Kb
 bounds [0x00007fe3e9000000, 0x00007fe3ea3c0000, 0x00007fe3f8000000]
 total_blobs=5805 nmethods=5283 adapters=435
 compilation: enabled

Compilation events (10 events):
Event: 113,714 Thread 0x00007fe3f8b59000 6569       3       org.springframework.beans.factory.support.AbstractBeanFactory::getBean (18 bytes)
Event: 113,714 Thread 0x00007fe3f8b59000 nmethod 6569 0x00007fe3ea123bd0 code [0x00007fe3ea123d60, 0x00007fe3ea123ff8]
Event: 113,714 Thread 0x00007fe3f8b59000 6570   !   3       com.sun.proxy.$Proxy89::annotationType (29 bytes)
Event: 113,714 Thread 0x00007fe3f8b59000 nmethod 6570 0x00007fe3e98d2050 code [0x00007fe3e98d21e0, 0x00007fe3e98d25f8]
Event: 113,715 Thread 0x00007fe3f8bc4000 nmethod 6566 0x00007fe3e9ab9550 code [0x00007fe3e9ab9700, 0x00007fe3e9ab9a30]
Event: 114,042 Thread 0x00007fe3f8bc0000 6571   !   4       java.util.Collections$SynchronizedCollection::add (25 bytes)
Event: 114,046 Thread 0x00007fe3f8bc0000 nmethod 6571 0x00007fe3e9abac90 code [0x00007fe3e9abae00, 0x00007fe3e9abb188]
Event: 114,236 Thread 0x00007fe3f8bc2800 nmethod 6550 0x00007fe3e9aba4d0 code [0x00007fe3e9aba640, 0x00007fe3e9abaa78]
Event: 114,665 Thread 0x00007fe3f8bc4000 6572       4       org.jacoco.agent.rt.internal_6da5971.asm.ByteVector::putLong (145 bytes)
Event: 114,668 Thread 0x00007fe3f8bc4000 nmethod 6572 0x00007fe3ea123750 code [0x00007fe3ea1238a0, 0x00007fe3ea123a38]

GC Heap History (10 events):
Event: 12,141 GC heap after
Heap after GC invocations=12 (full 1):
 PSYoungGen      total 210944K, used 8178K [0x00000000d7000000, 0x00000000eb000000, 0x0000000100000000)
  eden space 202752K, 0% used [0x00000000d7000000,0x00000000d7000000,0x00000000e3600000)
  from space 8192K, 99% used [0x00000000e3600000,0x00000000e3dfc800,0x00000000e3e00000)
  to   space 10240K, 0% used [0x00000000ea600000,0x00000000ea600000,0x00000000eb000000)
 ParOldGen       total 47104K, used 9141K [0x0000000085000000, 0x0000000087e00000, 0x00000000d7000000)
  object space 47104K, 19% used [0x0000000085000000,0x00000000858ed5d8,0x0000000087e00000)
 Metaspace       used 27670K, capacity 27896K, committed 28336K, reserved 1075200K
  class space    used 3090K, capacity 3138K, committed 3248K, reserved 1048576K
}
Event: 14,272 GC heap before
{Heap before GC invocations=13 (full 1):
 PSYoungGen      total 210944K, used 202544K [0x00000000d7000000, 0x00000000eb000000, 0x0000000100000000)
  eden space 202752K, 95% used [0x00000000d7000000,0x00000000e2dcfaf0,0x00000000e3600000)
  from space 8192K, 99% used [0x00000000e3600000,0x00000000e3dfc800,0x00000000e3e00000)
  to   space 10240K, 0% used [0x00000000ea600000,0x00000000ea600000,0x00000000eb000000)
 ParOldGen       total 47104K, used 9141K [0x0000000085000000, 0x0000000087e00000, 0x00000000d7000000)
  object space 47104K, 19% used [0x0000000085000000,0x00000000858ed5d8,0x0000000087e00000)
 Metaspace       used 35089K, capacity 35290K, committed 35496K, reserved 1081344K
  class space    used 3937K, capacity 4001K, committed 4016K, reserved 1048576K
Event: 14,296 GC heap after
Heap after GC invocations=13 (full 1):
 PSYoungGen      total 314368K, used 7434K [0x00000000d7000000, 0x00000000eae80000, 0x0000000100000000)
  eden space 305664K, 0% used [0x00000000d7000000,0x00000000d7000000,0x00000000e9a80000)
  from space 8704K, 85% used [0x00000000ea600000,0x00000000ead42bd0,0x00000000eae80000)
  to   space 10240K, 0% used [0x00000000e9a80000,0x00000000e9a80000,0x00000000ea480000)
 ParOldGen       total 47104K, used 11869K [0x0000000085000000, 0x0000000087e00000, 0x00000000d7000000)
  object space 47104K, 25% used [0x0000000085000000,0x0000000085b97678,0x0000000087e00000)
 Metaspace       used 35089K, capacity 35290K, committed 35496K, reserved 1081344K
  class space    used 3937K, capacity 4001K, committed 4016K, reserved 1048576K
}
Event: 14,296 GC heap before
{Heap before GC invocations=14 (full 2):
 PSYoungGen      total 314368K, used 7434K [0x00000000d7000000, 0x00000000eae80000, 0x0000000100000000)
  eden space 305664K, 0% used [0x00000000d7000000,0x00000000d7000000,0x00000000e9a80000)
  from space 8704K, 85% used [0x00000000ea600000,0x00000000ead42bd0,0x00000000eae80000)
  to   space 10240K, 0% used [0x00000000e9a80000,0x00000000e9a80000,0x00000000ea480000)
 ParOldGen       total 47104K, used 11869K [0x0000000085000000, 0x0000000087e00000, 0x00000000d7000000)
  object space 47104K, 25% used [0x0000000085000000,0x0000000085b97678,0x0000000087e00000)
 Metaspace       used 35089K, capacity 35290K, committed 35496K, reserved 1081344K
  class space    used 3937K, capacity 4001K, committed 4016K, reserved 1048576K
Event: 14,332 GC heap after
Heap after GC invocations=14 (full 2):
 PSYoungGen      total 314368K, used 0K [0x00000000d7000000, 0x00000000eae80000, 0x0000000100000000)
  eden space 305664K, 0% used [0x00000000d7000000,0x00000000d7000000,0x00000000e9a80000)
  from space 8704K, 0% used [0x00000000ea600000,0x00000000ea600000,0x00000000eae80000)
  to   space 10240K, 0% used [0x00000000e9a80000,0x00000000e9a80000,0x00000000ea480000)
 ParOldGen       total 64512K, used 15673K [0x0000000085000000, 0x0000000088f00000, 0x00000000d7000000)
  object space 64512K, 24% used [0x0000000085000000,0x0000000085f4e568,0x0000000088f00000)
 Metaspace       used 35089K, capacity 35290K, committed 35496K, reserved 1081344K
  class space    used 3937K, capacity 4001K, committed 4016K, reserved 1048576K
}
Event: 19,411 GC heap before
{Heap before GC invocations=15 (full 2):
 PSYoungGen      total 314368K, used 305664K [0x00000000d7000000, 0x00000000eae80000, 0x0000000100000000)
  eden space 305664K, 100% used [0x00000000d7000000,0x00000000e9a80000,0x00000000e9a80000)
  from space 8704K, 0% used [0x00000000ea600000,0x00000000ea600000,0x00000000eae80000)
  to   space 10240K, 0% used [0x00000000e9a80000,0x00000000e9a80000,0x00000000ea480000)
 ParOldGen       total 64512K, used 15673K [0x0000000085000000, 0x0000000088f00000, 0x00000000d7000000)
  object space 64512K, 24% used [0x0000000085000000,0x0000000085f4e568,0x0000000088f00000)
 Metaspace       used 46035K, capacity 46358K, committed 46760K, reserved 1091584K
  class space    used 5156K, capacity 5227K, committed 5296K, reserved 1048576K
Event: 19,426 GC heap after
Heap after GC invocations=15 (full 2):
 PSYoungGen      total 315904K, used 10233K [0x00000000d7000000, 0x00000000f3580000, 0x0000000100000000)
  eden space 305664K, 0% used [0x00000000d7000000,0x00000000d7000000,0x00000000e9a80000)
  from space 10240K, 99% used [0x00000000e9a80000,0x00000000ea47e610,0x00000000ea480000)
  to   space 12800K, 0% used [0x00000000f2900000,0x00000000f2900000,0x00000000f3580000)
 ParOldGen       total 64512K, used 17872K [0x0000000085000000, 0x0000000088f00000, 0x00000000d7000000)
  object space 64512K, 27% used [0x0000000085000000,0x0000000086174230,0x0000000088f00000)
 Metaspace       used 46035K, capacity 46358K, committed 46760K, reserved 1091584K
  class space    used 5156K, capacity 5227K, committed 5296K, reserved 1048576K
}
Event: 63,453 GC heap before
{Heap before GC invocations=16 (full 2):
 PSYoungGen      total 315904K, used 315897K [0x00000000d7000000, 0x00000000f3580000, 0x0000000100000000)
  eden space 305664K, 100% used [0x00000000d7000000,0x00000000e9a80000,0x00000000e9a80000)
  from space 10240K, 99% used [0x00000000e9a80000,0x00000000ea47e610,0x00000000ea480000)
  to   space 12800K, 0% used [0x00000000f2900000,0x00000000f2900000,0x00000000f3580000)
 ParOldGen       total 64512K, used 17872K [0x0000000085000000, 0x0000000088f00000, 0x00000000d7000000)
  object space 64512K, 27% used [0x0000000085000000,0x0000000086174230,0x0000000088f00000)
 Metaspace       used 55169K, capacity 55504K, committed 55976K, reserved 1099776K
  class space    used 6238K, capacity 6298K, committed 6320K, reserved 1048576K
Event: 64,459 GC heap after
Heap after GC invocations=16 (full 2):
 PSYoungGen      total 444416K, used 12778K [0x00000000d7000000, 0x00000000f3780000, 0x0000000100000000)
  eden space 431616K, 0% used [0x00000000d7000000,0x00000000d7000000,0x00000000f1580000)
  from space 12800K, 99% used [0x00000000f2900000,0x00000000f357a998,0x00000000f3580000)
  to   space 17408K, 0% used [0x00000000f1580000,0x00000000f1580000,0x00000000f2680000)
 ParOldGen       total 64512K, used 26475K [0x0000000085000000, 0x0000000088f00000, 0x00000000d7000000)
  object space 64512K, 41% used [0x0000000085000000,0x00000000869dae80,0x0000000088f00000)
 Metaspace       used 55169K, capacity 55504K, committed 55976K, reserved 1099776K
  class space    used 6238K, capacity 6298K, committed 6320K, reserved 1048576K
}
Event: 115,561 GC heap before
{Heap before GC invocations=17 (full 2):
 PSYoungGen      total 444416K, used 259182K [0x00000000d7000000, 0x00000000f3780000, 0x0000000100000000)
  eden space 431616K, 57% used [0x00000000d7000000,0x00000000e60a11c8,0x00000000f1580000)
  from space 12800K, 99% used [0x00000000f2900000,0x00000000f357a998,0x00000000f3580000)
  to   space 17408K, 0% used [0x00000000f1580000,0x00000000f1580000,0x00000000f2680000)
 ParOldGen       total 64512K, used 26475K [0x0000000085000000, 0x0000000088f00000, 0x00000000d7000000)
  object space 64512K, 41% used [0x0000000085000000,0x00000000869dae80,0x0000000088f00000)
 Metaspace       used 58480K, capacity 58810K, committed 59160K, reserved 1101824K
  class space    used 6590K, capacity 6685K, committed 6704K, reserved 1048576K

Deoptimization events (10 events):
Event: 105,378 Thread 0x00007fe3f800b000 Uncommon trap: reason=unstable_if action=reinterpret pc=0x00007fe3e937b430 method=org.springframework.util.AntPathMatcher.doMatch(Ljava/lang/String;Ljava/lang/String;ZLjava/util/Map;)Z @ 82
Event: 111,377 Thread 0x00007fe3f800b000 Uncommon trap: reason=class_check action=maybe_recompile pc=0x00007fe3ea3a3020 method=org.springframework.core.SerializableTypeWrapper$MethodInvokeTypeProvider.getType()Ljava/lang/reflect/Type; @ 36
Event: 111,638 Thread 0x00007fe3f800b000 Uncommon trap: reason=class_check action=maybe_recompile pc=0x00007fe3ea3a3020 method=org.springframework.core.SerializableTypeWrapper$MethodInvokeTypeProvider.getType()Ljava/lang/reflect/Type; @ 36
Event: 111,653 Thread 0x00007fe3f800b000 Uncommon trap: reason=class_check action=maybe_recompile pc=0x00007fe3ea3a3020 method=org.springframework.core.SerializableTypeWrapper$MethodInvokeTypeProvider.getType()Ljava/lang/reflect/Type; @ 36
Event: 111,670 Thread 0x00007fe3f800b000 Uncommon trap: reason=bimorphic action=maybe_recompile pc=0x00007fe3e9fe2c80 method=java.util.Collections$SetFromMap.contains(Ljava/lang/Object;)Z @ 5
Event: 111,871 Thread 0x00007fe3f800b000 Uncommon trap: reason=predicate action=maybe_recompile pc=0x00007fe3ea398cf0 method=org.springframework.util.StringUtils.tokenizeToStringArray(Ljava/lang/String;Ljava/lang/String;ZZ)[Ljava/lang/String; @ 60
Event: 111,895 Thread 0x00007fe3f800b000 Uncommon trap: reason=unstable_if action=reinterpret pc=0x00007fe3ea0e14c8 method=java.util.regex.Pattern$BmpCharProperty.match(Ljava/util/regex/Matcher;ILjava/lang/CharSequence;)Z @ 5
Event: 113,717 Thread 0x00007fe3f800b000 Uncommon trap: reason=unstable_if action=reinterpret pc=0x00007fe3ea28a544 method=org.springframework.security.access.prepost.PrePostAnnotationSecurityMetadataSource.findAnnotation(Ljava/lang/reflect/Method;Ljava/lang/Class;Ljava/lang/Class;)Ljava/lang/an
Event: 113,764 Thread 0x00007fe3f800b000 Uncommon trap: reason=class_check action=maybe_recompile pc=0x00007fe3e954fa94 method=org.springframework.security.access.method.DelegatingMethodSecurityMetadataSource.getAttributes(Ljava/lang/reflect/Method;Ljava/lang/Class;)Ljava/util/Collection; @ 155
Event: 113,764 Thread 0x00007fe3f800b000 Uncommon trap: reason=class_check action=maybe_recompile pc=0x00007fe3e95d45bc method=org.springframework.security.access.intercept.aopalliance.MethodSecurityMetadataSourceAdvisor$MethodSecurityMetadataSourcePointcut.matches(Ljava/lang/reflect/Method;Ljav

Internal exceptions (10 events):
Event: 113,698 Thread 0x00007fe3f800b000 Exception <a 'java/lang/ClassNotFoundException': br/com/cds/connecta/portal/controller/DashboardControllerBeanInfo> (0x00000000e5521c38) thrown at [/HUDSON3/workspace/8-2-build-linux-amd64/jdk8u111/7883/hotspot/src/share/vm/classfile/systemDictionary.cpp,
Event: 113,698 Thread 0x00007fe3f800b000 Exception <a 'java/lang/ClassNotFoundException': br/com/cds/connecta/portal/controller/DashboardControllerCustomizer> (0x00000000e5557b10) thrown at [/HUDSON3/workspace/8-2-build-linux-amd64/jdk8u111/7883/hotspot/src/share/vm/classfile/systemDictionary.cp
Event: 113,702 Thread 0x00007fe3f800b000 Exception <a 'java/lang/ClassNotFoundException': br/com/cds/connecta/portal/controller/UserControllerBeanInfo> (0x00000000e561cbf8) thrown at [/HUDSON3/workspace/8-2-build-linux-amd64/jdk8u111/7883/hotspot/src/share/vm/classfile/systemDictionary.cpp, line
Event: 113,703 Thread 0x00007fe3f800b000 Exception <a 'java/lang/ClassNotFoundException': br/com/cds/connecta/portal/controller/UserControllerCustomizer> (0x00000000e564ec38) thrown at [/HUDSON3/workspace/8-2-build-linux-amd64/jdk8u111/7883/hotspot/src/share/vm/classfile/systemDictionary.cpp, li
Event: 113,710 Thread 0x00007fe3f800b000 Exception <a 'java/lang/ClassNotFoundException': br/com/cds/connecta/portal/controller/ApplicationControllerBeanInfo> (0x00000000e576fd08) thrown at [/HUDSON3/workspace/8-2-build-linux-amd64/jdk8u111/7883/hotspot/src/share/vm/classfile/systemDictionary.cp
Event: 113,711 Thread 0x00007fe3f800b000 Exception <a 'java/lang/ClassNotFoundException': br/com/cds/connecta/framework/core/controller/AbstractBaseControllerBeanInfo> (0x00000000e57aab28) thrown at [/HUDSON3/workspace/8-2-build-linux-amd64/jdk8u111/7883/hotspot/src/share/vm/classfile/systemDict
Event: 113,711 Thread 0x00007fe3f800b000 Exception <a 'java/lang/ClassNotFoundException': br/com/cds/connecta/framework/core/controller/AbstractBaseControllerCustomizer> (0x00000000e57e67c8) thrown at [/HUDSON3/workspace/8-2-build-linux-amd64/jdk8u111/7883/hotspot/src/share/vm/classfile/systemDi
Event: 113,712 Thread 0x00007fe3f800b000 Exception <a 'java/lang/ClassNotFoundException': br/com/cds/connecta/portal/controller/ApplicationControllerCustomizer> (0x00000000e581fd98) thrown at [/HUDSON3/workspace/8-2-build-linux-amd64/jdk8u111/7883/hotspot/src/share/vm/classfile/systemDictionary.
Event: 113,716 Thread 0x00007fe3f800b000 Exception <a 'java/lang/ClassNotFoundException': br/com/cds/connecta/portal/controller/AdminControllerBeanInfo> (0x00000000e58a1258) thrown at [/HUDSON3/workspace/8-2-build-linux-amd64/jdk8u111/7883/hotspot/src/share/vm/classfile/systemDictionary.cpp, lin
Event: 113,716 Thread 0x00007fe3f800b000 Exception <a 'java/lang/ClassNotFoundException': br/com/cds/connecta/portal/controller/AdminControllerCustomizer> (0x00000000e58d3f60) thrown at [/HUDSON3/workspace/8-2-build-linux-amd64/jdk8u111/7883/hotspot/src/share/vm/classfile/systemDictionary.cpp, l

Events (10 events):
Event: 114,762 loading class org/springframework/cglib/core/ClassEmitter$2 done
Event: 114,763 loading class org/springframework/cglib/core/CodeEmitter
Event: 114,763 loading class org/springframework/cglib/core/CodeEmitter done
Event: 114,770 loading class org/springframework/cglib/core/LocalVariablesSorter
Event: 114,770 loading class org/springframework/cglib/core/LocalVariablesSorter done
Event: 114,771 loading class org/springframework/cglib/core/ClassEmitter$3
Event: 114,771 loading class org/springframework/cglib/core/ClassEmitter$3 done
Event: 114,772 loading class org/springframework/cglib/core/ReflectUtils
Event: 114,772 loading class org/springframework/cglib/core/ReflectUtils done
Event: 115,366 Executing VM operation: CollectForMetadataAllocation


Dynamic libraries:
00400000-00401000 r-xp 00000000 08:02 298814                             /opt/java/jdk1.8.0_111/jre/bin/java
00600000-00601000 rw-p 00000000 08:02 298814                             /opt/java/jdk1.8.0_111/jre/bin/java
02376000-02397000 rw-p 00000000 00:00 0                                  [heap]
85000000-88f00000 rw-p 00000000 00:00 0 
88f00000-d7000000 ---p 00000000 00:00 0 
d7000000-f3780000 rw-p 00000000 00:00 0 
fe000000-100000000 ---p 00000000 00:00 0 
100000000-10068c000 rw-p 00000000 00:00 0 
10068c000-140000000 ---p 00000000 00:00 0 
7fe38c000000-7fe38c021000 rw-p 00000000 00:00 0 
7fe38c021000-7fe390000000 ---p 00000000 00:00 0 
7fe392600000-7fe39273c000 rw-p 00000000 00:00 0 
7fe39273c000-7fe392800000 ---p 00000000 00:00 0 
7fe392800000-7fe392a00000 rw-p 00000000 00:00 0 
7fe392a00000-7fe392c00000 rw-p 00000000 00:00 0 
7fe392c00000-7fe392e00000 rw-p 00000000 00:00 0 
7fe392e00000-7fe393000000 rw-p 00000000 00:00 0 
7fe393000000-7fe393200000 rw-p 00000000 00:00 0 
7fe393200000-7fe393400000 rw-p 00000000 00:00 0 
7fe393400000-7fe393600000 rw-p 00000000 00:00 0 
7fe393600000-7fe393800000 rw-p 00000000 00:00 0 
7fe393800000-7fe393a00000 rw-p 00000000 00:00 0 
7fe393a00000-7fe393bfe000 rw-p 00000000 00:00 0 
7fe393bfe000-7fe393c00000 ---p 00000000 00:00 0 
7fe393c00000-7fe393e00000 rw-p 00000000 00:00 0 
7fe393e00000-7fe394000000 rw-p 00000000 00:00 0 
7fe394000000-7fe394021000 rw-p 00000000 00:00 0 
7fe394021000-7fe398000000 ---p 00000000 00:00 0 
7fe398000000-7fe398021000 rw-p 00000000 00:00 0 
7fe398021000-7fe39c000000 ---p 00000000 00:00 0 
7fe39c000000-7fe39cb5c000 rw-p 00000000 00:00 0 
7fe39cb5c000-7fe3a0000000 ---p 00000000 00:00 0 
7fe3a0000000-7fe3a0021000 rw-p 00000000 00:00 0 
7fe3a0021000-7fe3a4000000 ---p 00000000 00:00 0 
7fe3a4000000-7fe3a563e000 rw-p 00000000 00:00 0 
7fe3a563e000-7fe3a8000000 ---p 00000000 00:00 0 
7fe3a8000000-7fe3a9a99000 rw-p 00000000 00:00 0 
7fe3a9a99000-7fe3ac000000 ---p 00000000 00:00 0 
7fe3ac000000-7fe3ac021000 rw-p 00000000 00:00 0 
7fe3ac021000-7fe3b0000000 ---p 00000000 00:00 0 
7fe3b0000000-7fe3b206e000 rw-p 00000000 00:00 0 
7fe3b206e000-7fe3b4000000 ---p 00000000 00:00 0 
7fe3b4000000-7fe3b4021000 rw-p 00000000 00:00 0 
7fe3b4021000-7fe3b8000000 ---p 00000000 00:00 0 
7fe3b8000000-7fe3b8021000 rw-p 00000000 00:00 0 
7fe3b8021000-7fe3bc000000 ---p 00000000 00:00 0 
7fe3bc000000-7fe3bc2a7000 rw-p 00000000 00:00 0 
7fe3bc2a7000-7fe3c0000000 ---p 00000000 00:00 0 
7fe3c00b5000-7fe3c00b8000 ---p 00000000 00:00 0 
7fe3c00b8000-7fe3c03b6000 rw-p 00000000 00:00 0 
7fe3c03b6000-7fe3c03b9000 ---p 00000000 00:00 0 
7fe3c03b9000-7fe3c04b7000 rw-p 00000000 00:00 0 
7fe3c04b7000-7fe3c04c0000 r-xp 00000000 08:02 298575                     /opt/java/jdk1.8.0_111/jre/lib/amd64/libmanagement.so
7fe3c04c0000-7fe3c06bf000 ---p 00009000 08:02 298575                     /opt/java/jdk1.8.0_111/jre/lib/amd64/libmanagement.so
7fe3c06bf000-7fe3c06c0000 rw-p 00008000 08:02 298575                     /opt/java/jdk1.8.0_111/jre/lib/amd64/libmanagement.so
7fe3c06c0000-7fe3c08c0000 rw-p 00000000 00:00 0 
7fe3c08c0000-7fe3c0ac0000 rw-p 00000000 00:00 0 
7fe3c0ac0000-7fe3c0cc0000 rw-p 00000000 00:00 0 
7fe3c0cc0000-7fe3c0ec0000 rw-p 00000000 00:00 0 
7fe3c0ec0000-7fe3c10c0000 rw-p 00000000 00:00 0 
7fe3c10c0000-7fe3c12c0000 rw-p 00000000 00:00 0 
7fe3c12c0000-7fe3c14c0000 rw-p 00000000 00:00 0 
7fe3c1547000-7fe3c154c000 r--s 002f9000 08:02 298484                     /opt/java/jdk1.8.0_111/jre/lib/charsets.jar
7fe3c154c000-7fe3c155f000 r--s 00345000 08:02 298763                     /opt/java/jdk1.8.0_111/jre/lib/resources.jar
7fe3c155f000-7fe3c175f000 rw-p 00000000 00:00 0 
7fe3c175f000-7fe3c1761000 r--s 00007000 08:02 338328                     /home/nataniel/.m2/repository/org/apache/maven/surefire/surefire-junit4/2.10/surefire-junit4-2.10.jar
7fe3c1761000-7fe3c1762000 ---p 00000000 00:00 0 
7fe3c1762000-7fe3c1862000 rw-p 00000000 00:00 0 
7fe3c1862000-7fe3c1865000 ---p 00000000 00:00 0 
7fe3c1865000-7fe3c1963000 rw-p 00000000 00:00 0 
7fe3c1963000-7fe3c1966000 ---p 00000000 00:00 0 
7fe3c1966000-7fe3c1a64000 rw-p 00000000 00:00 0 
7fe3c1a64000-7fe3c1a67000 ---p 00000000 00:00 0 
7fe3c1a67000-7fe3c1b65000 rw-p 00000000 00:00 0 
7fe3c1b65000-7fe3c1b68000 ---p 00000000 00:00 0 
7fe3c1b68000-7fe3c1c66000 rw-p 00000000 00:00 0 
7fe3c1c66000-7fe3c1c69000 ---p 00000000 00:00 0 
7fe3c1c69000-7fe3c1d67000 rw-p 00000000 00:00 0 
7fe3c1d67000-7fe3c1d78000 r-xp 00000000 08:02 298564                     /opt/java/jdk1.8.0_111/jre/lib/amd64/libnio.so
7fe3c1d78000-7fe3c1f77000 ---p 00011000 08:02 298564                     /opt/java/jdk1.8.0_111/jre/lib/amd64/libnio.so
7fe3c1f77000-7fe3c1f78000 rw-p 00010000 08:02 298564                     /opt/java/jdk1.8.0_111/jre/lib/amd64/libnio.so
7fe3c1f78000-7fe3c2279000 rw-p 00000000 00:00 0 
7fe3c2279000-7fe3c228f000 r-xp 00000000 08:02 298539                     /opt/java/jdk1.8.0_111/jre/lib/amd64/libnet.so
7fe3c228f000-7fe3c248f000 ---p 00016000 08:02 298539                     /opt/java/jdk1.8.0_111/jre/lib/amd64/libnet.so
7fe3c248f000-7fe3c2490000 rw-p 00016000 08:02 298539                     /opt/java/jdk1.8.0_111/jre/lib/amd64/libnet.so
7fe3c2490000-7fe3c2493000 r--s 0001a000 08:02 298793                     /opt/java/jdk1.8.0_111/jre/lib/jce.jar
7fe3c2493000-7fe3c2497000 r--s 00097000 08:02 298483                     /opt/java/jdk1.8.0_111/jre/lib/jsse.jar
7fe3c2497000-7fe3c249d000 r--s 0003d000 08:02 333909                     /home/nataniel/.m2/repository/org/jacoco/org.jacoco.agent/0.7.7.201606060606/org.jacoco.agent-0.7.7.201606060606-runtime.jar
7fe3c249d000-7fe3c24a9000 r--s 00071000 08:02 377319                     /home/nataniel/.m2/repository/org/modelmapper/modelmapper/0.7.5/modelmapper-0.7.5.jar
7fe3c24a9000-7fe3c24ad000 r--s 00024000 08:02 340226                     /home/nataniel/.m2/repository/com/orientechnologies/orientdb-client/2.2.7/orientdb-client-2.2.7.jar
7fe3c24ad000-7fe3c24b1000 r--s 0002f000 08:02 340219                     /home/nataniel/.m2/repository/commons-beanutils/commons-beanutils-core/1.8.0/commons-beanutils-core-1.8.0.jar
7fe3c24b1000-7fe3c24b5000 r--s 00020000 08:02 340218                     /home/nataniel/.m2/repository/commons-digester/commons-digester/1.8/commons-digester-1.8.jar
7fe3c24b5000-7fe3c24bb000 r--s 00043000 08:02 340214                     /home/nataniel/.m2/repository/commons-configuration/commons-configuration/1.6/commons-configuration-1.6.jar
7fe3c24bb000-7fe3c24d4000 r--s 00127000 08:02 340213                     /home/nataniel/.m2/repository/com/carrotsearch/hppc/0.6.0/hppc-0.6.0.jar
7fe3c24d4000-7fe3c24d6000 r--s 00005000 08:02 340212                     /home/nataniel/.m2/repository/stax/stax-api/1.0.1/stax-api-1.0.1.jar
7fe3c24d6000-7fe3c24d8000 r--s 00012000 08:02 340211                     /home/nataniel/.m2/repository/org/codehaus/jettison/jettison/1.3.3/jettison-1.3.3.jar
7fe3c24d8000-7fe3c24df000 r--s 0003c000 08:02 340207                     /home/nataniel/.m2/repository/com/tinkerpop/blueprints/blueprints-core/2.6.0/blueprints-core-2.6.0.jar
7fe3c24df000-7fe3c24e3000 r--s 00019000 08:02 340205                     /home/nataniel/.m2/repository/com/googlecode/concurrentlinkedhashmap/concurrentlinkedhashmap-lru/1.4.1/concurrentlinkedhashmap-lru-1.4.1.jar
7fe3c24e3000-7fe3c24e6000 r--s 00067000 08:02 340202                     /home/nataniel/.m2/repository/org/xerial/snappy/snappy-java/1.1.0.1/snappy-java-1.1.0.1.jar
7fe3c24e6000-7fe3c2521000 r--s 00336000 08:02 340198                     /home/nataniel/.m2/repository/com/orientechnologies/orientdb-core/2.2.7/orientdb-core-2.2.7.jar
7fe3c2521000-7fe3c2524000 r--s 0001c000 08:02 340197                     /home/nataniel/.m2/repository/com/orientechnologies/orientdb-tools/2.2.7/orientdb-tools-2.2.7.jar
7fe3c2524000-7fe3c252d000 r--s 00071000 08:02 340195                     /home/nataniel/.m2/repository/com/orientechnologies/orientdb-server/2.2.7/orientdb-server-2.2.7.jar
7fe3c252d000-7fe3c2533000 r--s 00049000 08:02 340196                     /home/nataniel/.m2/repository/com/orientechnologies/orientdb-graphdb/2.2.7/orientdb-graphdb-2.2.7.jar
7fe3c2533000-7fe3c2535000 r--s 0000b000 08:02 340191                     /home/nataniel/.m2/repository/com/orientechnologies/orientdb-jdbc/2.2.7/orientdb-jdbc-2.2.7.jar
7fe3c2535000-7fe3c2536000 r--s 00002000 08:02 340190                     /home/nataniel/.m2/repository/org/slf4j/slf4j-log4j12/1.7.21/slf4j-log4j12-1.7.21.jar
7fe3c2536000-7fe3c2539000 r--s 00012000 08:02 340189                     /home/nataniel/.m2/repository/commons-httpclient/commons-httpclient/20020423/commons-httpclient-20020423.jar
7fe3c2539000-7fe3c253b000 r--s 0001e000 08:02 340184                     /home/nataniel/.m2/repository/org/codehaus/groovy/groovy-json/2.3.9/groovy-json-2.3.9.jar
7fe3c253b000-7fe3c253f000 r--s 00034000 08:02 340183                     /home/nataniel/.m2/repository/org/codehaus/groovy/groovy-xml/2.3.9/groovy-xml-2.3.9.jar
7fe3c253f000-7fe3c2589000 r--s 00406000 08:02 340181                     /home/nataniel/.m2/repository/org/codehaus/groovy/groovy/2.3.9/groovy-2.3.9.jar
7fe3c2589000-7fe3c259d000 r--s 001bf000 08:02 340180                     /home/nataniel/.m2/repository/com/predic8/soa-model-core/1.5.0/soa-model-core-1.5.0.jar
7fe3c259d000-7fe3c25a2000 r--s 00034000 08:02 340177                     /home/nataniel/.m2/repository/com/google/code/gson/gson/2.5/gson-2.5.jar
7fe3c25a2000-7fe3c25a5000 r--s 00011000 08:02 340175                     /home/nataniel/.m2/repository/commons-dbutils/commons-dbutils/1.6/commons-dbutils-1.6.jar
7fe3c25a5000-7fe3c25a8000 r--s 00018000 08:02 340172                     /home/nataniel/.m2/repository/org/apache/commons/commons-pool2/2.3/commons-pool2-2.3.jar
7fe3c25a8000-7fe3c25b4000 r--s 00077000 08:02 340171                     /home/nataniel/.m2/repository/redis/clients/jedis/2.8.0/jedis-2.8.0.jar
7fe3c25b4000-7fe3c25df000 r--s 001fc000 08:02 340169                     /home/nataniel/.m2/repository/com/google/guava/guava/18.0/guava-18.0.jar
7fe3c25df000-7fe3c25f0000 r--s 00155000 08:02 340167                     /home/nataniel/.m2/repository/net/java/dev/jna/jna-platform/4.1.0/jna-platform-4.1.0.jar
7fe3c25f0000-7fe3c25f4000 r--s 000dc000 08:02 340164                     /home/nataniel/.m2/repository/net/java/dev/jna/jna/4.1.0/jna-4.1.0.jar
7fe3c25f4000-7fe3c25f6000 r--s 0000d000 08:02 340161                     /home/nataniel/.m2/repository/com/github/dblock/waffle/waffle-jna/1.7/waffle-jna-1.7.jar
7fe3c25f6000-7fe3c25fe000 r--s 00097000 08:02 340162                     /home/nataniel/.m2/repository/org/postgresql/postgresql/9.4-1200-jdbc41/postgresql-9.4-1200-jdbc41.jar
7fe3c25fe000-7fe3c2608000 r--s 000e7000 08:02 340163                     /home/nataniel/.m2/repository/mysql/mysql-connector-java/5.1.38/mysql-connector-java-5.1.38.jar
7fe3c2608000-7fe3c260b000 r--s 00012000 08:02 340158                     /home/nataniel/.m2/repository/com/codahale/metrics/metrics-core/3.0.2/metrics-core-3.0.2.jar
7fe3c260b000-7fe3c2623000 r--s 00115000 08:02 340153                     /home/nataniel/.m2/repository/io/netty/netty/3.9.0.Final/netty-3.9.0.Final.jar
7fe3c2623000-7fe3c262e000 r--s 00089000 08:02 340154                     /home/nataniel/.m2/repository/com/datastax/cassandra/cassandra-driver-core/2.1.1/cassandra-driver-core-2.1.1.jar
7fe3c262e000-7fe3c2630000 r--s 00003000 08:02 340155                     /home/nataniel/.m2/repository/org/apache/metamodel/MetaModel-cassandra/4.3.4/MetaModel-cassandra-4.3.4.jar
7fe3c2630000-7fe3c2632000 r--s 00008000 08:02 340148                     /home/nataniel/.m2/repository/org/ow2/asm/asm-commons/4.1/asm-commons-4.1.jar
7fe3c2632000-7fe3c2633000 r--s 0000b000 08:02 340147                     /home/nataniel/.m2/repository/org/ow2/asm/asm/4.1/asm-4.1.jar
7fe3c2633000-7fe3c2636000 r--s 00026000 08:02 340146                     /home/nataniel/.m2/repository/org/antlr/antlr-runtime/3.5/antlr-runtime-3.5.jar
7fe3c2636000-7fe3c2638000 r--s 00017000 08:02 340145                     /home/nataniel/.m2/repository/com/spatial4j/spatial4j/0.4.1/spatial4j-0.4.1.jar
7fe3c2638000-7fe3c263b000 r--s 0001c000 08:02 340140                     /home/nataniel/.m2/repository/org/apache/lucene/lucene-spatial/4.10.3/lucene-spatial-4.10.3.jar
7fe3c263b000-7fe3c263e000 r--s 00018000 08:02 340139                     /home/nataniel/.m2/repository/org/apache/lucene/lucene-grouping/4.10.3/lucene-grouping-4.10.3.jar
7fe3c263e000-7fe3c2640000 r--s 0000e000 08:02 340138                     /home/nataniel/.m2/repository/org/apache/lucene/lucene-join/4.10.3/lucene-join-4.10.3.jar
7fe3c2640000-7fe3c2642000 r--s 00016000 08:02 340135                     /home/nataniel/.m2/repository/org/apache/lucene/lucene-misc/4.10.3/lucene-misc-4.10.3.jar
7fe3c2642000-7fe3c2645000 r--s 00029000 08:02 340133                     /home/nataniel/.m2/repository/org/apache/lucene/lucene-suggest/4.10.3/lucene-suggest-4.10.3.jar
7fe3c2645000-7fe3c2648000 r--s 0001b000 08:02 340132                     /home/nataniel/.m2/repository/org/apache/lucene/lucene-sandbox/4.10.3/lucene-sandbox-4.10.3.jar
7fe3c2648000-7fe3c2651000 r--s 00057000 08:02 340128                     /home/nataniel/.m2/repository/org/apache/lucene/lucene-queryparser/4.10.3/lucene-queryparser-4.10.3.jar
7fe3c2651000-7fe3c2654000 r--s 0001f000 08:02 340127                     /home/nataniel/.m2/repository/org/apache/lucene/lucene-highlighter/4.10.3/lucene-highlighter-4.10.3.jar
7fe3c2654000-7fe3c2655000 r--s 00008000 08:02 340124                     /home/nataniel/.m2/repository/org/apache/lucene/lucene-memory/4.10.3/lucene-memory-4.10.3.jar
7fe3c2655000-7fe3c2761000 r--s 00bdc000 08:02 340114                     /home/nataniel/.m2/repository/org/elasticsearch/elasticsearch/1.4.4/elasticsearch-1.4.4.jar
7fe3c2761000-7fe3c2763000 r--s 00007000 08:02 340118                     /home/nataniel/.m2/repository/org/apache/metamodel/MetaModel-elasticsearch/4.3.4/MetaModel-elasticsearch-4.3.4.jar
7fe3c2763000-7fe3c276c000 r--s 000a4000 08:02 340113                     /home/nataniel/.m2/repository/hsqldb/hsqldb/1.8.0.10/hsqldb-1.8.0.10.jar
7fe3c276c000-7fe3c276d000 r--s 00002000 08:02 340116                     /home/nataniel/.m2/repository/org/apache/metamodel/MetaModel-openoffice/4.3.4/MetaModel-openoffice-4.3.4.jar
7fe3c276d000-7fe3c276e000 r--s 00002000 08:02 340112                     /home/nataniel/.m2/repository/net/sourceforge/findbugs/annotations/1.3.2/annotations-1.3.2.jar
7fe3c276e000-7fe3c2772000 r--s 00021000 08:02 340105                     /home/nataniel/.m2/repository/org/apache/httpcomponents/httpclient-cache/4.3/httpclient-cache-4.3.jar
7fe3c2772000-7fe3c2778000 r--s 00040000 08:02 340106                     /home/nataniel/.m2/repository/org/ektorp/org.ektorp/1.4.2/org.ektorp-1.4.2.jar
7fe3c2778000-7fe3c277a000 r--s 00006000 08:02 340104                     /home/nataniel/.m2/repository/org/apache/metamodel/MetaModel-couchdb/4.3.4/MetaModel-couchdb-4.3.4.jar
7fe3c277a000-7fe3c277d000 r--s 00019000 08:02 340100                     /home/nataniel/.m2/repository/commons-pool/commons-pool/1.6/commons-pool-1.6.jar
7fe3c277d000-7fe3c277f000 r--s 00014000 08:02 340103                     /home/nataniel/.m2/repository/org/apache/metamodel/MetaModel-jdbc/4.3.4/MetaModel-jdbc-4.3.4.jar
7fe3c277f000-7fe3c27bc000 r--s 0024f000 08:02 340095                     /home/nataniel/.m2/repository/org/apache/xmlbeans/xmlbeans/2.3.0/xmlbeans-2.3.0.jar
7fe3c27bc000-7fe3c2850000 r--s 00401000 08:02 340094                     /home/nataniel/.m2/repository/org/apache/poi/poi-ooxml-schemas/3.9/poi-ooxml-schemas-3.9.jar
7fe3c2850000-7fe3c2870000 r--s 001a9000 08:02 340091                     /home/nataniel/.m2/repository/org/apache/poi/poi/3.9/poi-3.9.jar
7fe3c2870000-7fe3c287c000 r--s 000d9000 08:02 340088                     /home/nataniel/.m2/repository/org/apache/poi/poi-ooxml/3.9/poi-ooxml-3.9.jar
7fe3c287c000-7fe3c287e000 r--s 0000d000 08:02 340087                     /home/nataniel/.m2/repository/org/apache/metamodel/MetaModel-excel/4.3.4/MetaModel-excel-4.3.4.jar
7fe3c287e000-7fe3c2882000 r--s 0001e000 08:02 340086                     /home/nataniel/.m2/repository/org/apache/metamodel/MetaModel-sugarcrm/4.3.4/MetaModel-sugarcrm-4.3.4.jar
7fe3c2882000-7fe3c2886000 r--s 00042000 08:02 340084                     /home/nataniel/.m2/repository/com/force/api/force-wsc/24.0.0/force-wsc-24.0.0.jar
7fe3c2886000-7fe3c288c000 r--s 00056000 08:02 340082                     /home/nataniel/.m2/repository/com/force/api/force-partner-api/24.0.0/force-partner-api-24.0.0.jar
7fe3c288c000-7fe3c288e000 r--s 00007000 08:02 340080                     /home/nataniel/.m2/repository/org/apache/metamodel/MetaModel-salesforce/4.3.4/MetaModel-salesforce-4.3.4.jar
7fe3c288e000-7fe3c2895000 r--s 00058000 08:02 340077                     /home/nataniel/.m2/repository/org/mongodb/mongo-java-driver/2.9.1/mongo-java-driver-2.9.1.jar
7fe3c2895000-7fe3c2896000 r--s 00006000 08:02 340075                     /home/nataniel/.m2/repository/org/apache/metamodel/MetaModel-mongodb/4.3.4/MetaModel-mongodb-4.3.4.jar
7fe3c2896000-7fe3c2898000 r--s 00003000 08:02 340078                     /home/nataniel/.m2/repository/org/apache/metamodel/MetaModel-fixedwidth/4.3.4/MetaModel-fixedwidth-4.3.4.jar
7fe3c2898000-7fe3c289a000 r--s 00003000 08:02 340069                     /home/nataniel/.m2/repository/net/sf/opencsv/opencsv/2.1/opencsv-2.1.jar
7fe3c289a000-7fe3c289c000 r--s 00008000 08:02 340070                     /home/nataniel/.m2/repository/org/apache/metamodel/MetaModel-csv/4.3.4/MetaModel-csv-4.3.4.jar
7fe3c289c000-7fe3c289d000 r--s 00005000 08:02 340067                     /home/nataniel/.m2/repository/org/apache/metamodel/MetaModel-pojo/4.3.4/MetaModel-pojo-4.3.4.jar
7fe3c289d000-7fe3c289e000 r--s 00003000 08:02 340068                     /home/nataniel/.m2/repository/org/apache/metamodel/MetaModel-full/4.3.4/MetaModel-full-4.3.4.jar
7fe3c289e000-7fe3c289f000 r--s 00002000 08:02 340064                     /home/nataniel/.m2/repository/org/apache/metamodel/MetaModel-json/4.3.4/MetaModel-json-4.3.4.jar
7fe3c289f000-7fe3c28af000 r--s 000a1000 08:02 339579                     /home/nataniel/.m2/repository/org/springframework/spring-web/4.1.7.RELEASE/spring-web-4.1.7.RELEASE.jar
7fe3c28af000-7fe3c28b0000 r--s 00007000 08:02 339577                     /home/nataniel/.m2/repository/org/apache/metamodel/MetaModel-xml/4.3.4/MetaModel-xml-4.3.4.jar
7fe3c28b0000-7fe3c28b9000 r--s 0005c000 08:02 339578                     /home/nataniel/.m2/repository/org/apache/metamodel/MetaModel-core/4.3.4/MetaModel-core-4.3.4.jar
7fe3c28b9000-7fe3c28bd000 r--s 0002a000 08:02 339575                     /home/nataniel/.m2/repository/wsdl4j/wsdl4j/1.6.3/wsdl4j-1.6.3.jar
7fe3c28bd000-7fe3c28fd000 r--s 00277000 08:02 339572                     /home/nataniel/.m2/repository/org/bouncycastle/bcprov-jdk15on/1.51/bcprov-jdk15on-1.51.jar
7fe3c28fd000-7fe3c2900000 r--s 00028000 08:02 339571                     /home/nataniel/.m2/repository/com/nimbusds/nimbus-jose-jwt/3.1.2/nimbus-jose-jwt-3.1.2.jar
7fe3c2900000-7fe3c2901000 r--s 00002000 08:02 339570                     /home/nataniel/.m2/repository/com/nimbusds/lang-tag/1.4/lang-tag-1.4.jar
7fe3c2901000-7fe3c2908000 r--s 0005e000 08:02 339569                     /home/nataniel/.m2/repository/org/apache/commons/commons-lang3/3.3.1/commons-lang3-3.3.1.jar
7fe3c2908000-7fe3c2909000 r--s 00000000 08:02 339563                     /home/nataniel/.m2/repository/net/jcip/jcip-annotations/1.0/jcip-annotations-1.0.jar
7fe3c2909000-7fe3c290e000 r--s 00037000 08:02 339560                     /home/nataniel/.m2/repository/com/nimbusds/oauth2-oidc-sdk/4.5/oauth2-oidc-sdk-4.5.jar
7fe3c290e000-7fe3c2910000 r--s 0000f000 08:02 339561                     /home/nataniel/.m2/repository/com/microsoft/azure/adal4j/1.0.0/adal4j-1.0.0.jar
7fe3c2910000-7fe3c2911000 r--s 00000000 08:02 339559                     /home/nataniel/.m2/repository/javax/inject/javax.inject/1/javax.inject-1.jar
7fe3c2911000-7fe3c2912000 r--s 00006000 08:02 339558                     /home/nataniel/.m2/repository/org/codehaus/jackson/jackson-xc/1.9.2/jackson-xc-1.9.2.jar
7fe3c2912000-7fe3c2913000 r--s 00004000 08:02 339552                     /home/nataniel/.m2/repository/org/codehaus/jackson/jackson-jaxrs/1.9.2/jackson-jaxrs-1.9.2.jar
7fe3c2913000-7fe3c2915000 r--s 00004000 08:02 339550                     /home/nataniel/.m2/repository/javax/xml/stream/stax-api/1.0-2/stax-api-1.0-2.jar
7fe3c2915000-7fe3c2918000 r--s 00017000 08:02 339547                     /home/nataniel/.m2/repository/javax/xml/bind/jaxb-api/2.2.2/jaxb-api-2.2.2.jar
7fe3c2918000-7fe3c292b000 r--s 000c7000 08:02 339548                     /home/nataniel/.m2/repository/com/sun/xml/bind/jaxb-impl/2.2.3-1/jaxb-impl-2.2.3-1.jar
7fe3c292b000-7fe3c292f000 r--s 00024000 08:02 339528                     /home/nataniel/.m2/repository/com/sun/jersey/jersey-json/1.13/jersey-json-1.13.jar
7fe3c292f000-7fe3c293a000 r--s 00067000 08:02 339525                     /home/nataniel/.m2/repository/com/sun/jersey/jersey-core/1.13/jersey-core-1.13.jar
7fe3c293a000-7fe3c293e000 r--s 0001d000 08:02 339522                     /home/nataniel/.m2/repository/com/sun/jersey/jersey-client/1.13/jersey-client-1.13.jar
7fe3c293e000-7fe3c2946000 r--s 00075000 08:02 339519                     /home/nataniel/.m2/repository/javax/mail/mail/1.4.5/mail-1.4.5.jar
7fe3c2946000-7fe3c294b000 r--s 00024000 08:02 339520                     /home/nataniel/.m2/repository/com/microsoft/azure/azure-core/0.9.3/azure-core-0.9.3.jar
7fe3c294b000-7fe3c294e000 r--s 0001b000 08:02 339523                     /home/nataniel/.m2/repository/com/microsoft/azure/azure-keyvault/0.9.3/azure-keyvault-0.9.3.jar
7fe3c294e000-7fe3c2957000 r--s 000b3000 08:02 339521                     /home/nataniel/.m2/repository/com/microsoft/sqlserver/mssql-jdbc/6.1.0.jre8/mssql-jdbc-6.1.0.jre8.jar
7fe3c2957000-7fe3c297e000 r--s 00361000 08:02 339400                     /home/nataniel/.m2/repository/com/oracle/ojdbc7/12.1.0.2/ojdbc7-12.1.0.2.jar
7fe3c297e000-7fe3c2993000 r--s 000c3000 08:02 1707221                    /home/nataniel/.m2/repository/br/com/cds/connecta/framework/connecta-connectors/0.10.0-SNAPSHOT/connecta-connectors-0.10.0-SNAPSHOT.jar
7fe3c2993000-7fe3c29a1000 r--s 0007f000 08:02 338002                     /home/nataniel/.m2/repository/commons-collections/commons-collections/3.2.1/commons-collections-3.2.1.jar
7fe3c29a1000-7fe3c29a9000 r--s 00066000 08:02 338001                     /home/nataniel/.m2/repository/org/apache/velocity/velocity/1.7/velocity-1.7.jar
7fe3c29a9000-7fe3c29ab000 r--s 0000e000 08:02 338000                     /home/nataniel/.m2/repository/javax/activation/activation/1.1/activation-1.1.jar
7fe3c29ab000-7fe3c29b4000 r--s 0008c000 08:02 335433                     /home/nataniel/.m2/repository/com/sun/mail/javax.mail/1.5.6/javax.mail-1.5.6.jar
7fe3c29b4000-7fe3c29bb000 r--s 0003f000 08:02 335432                     /home/nataniel/.m2/repository/commons-codec/commons-codec/1.10/commons-codec-1.10.jar
7fe3c29bb000-7fe3c29bd000 r--s 00009000 08:02 335431                     /home/nataniel/.m2/repository/org/slf4j/slf4j-api/1.7.21/slf4j-api-1.7.21.jar
7fe3c29bd000-7fe3c29c6000 r--s 0006f000 08:02 335427                     /home/nataniel/.m2/repository/log4j/log4j/1.2.17/log4j-1.2.17.jar
7fe3c29c6000-7fe3c29c9000 r--s 00009000 08:02 335424                     /home/nataniel/.m2/repository/com/fasterxml/jackson/core/jackson-annotations/2.6.1/jackson-annotations-2.6.1.jar
7fe3c29c9000-7fe3c29da000 r--s 0010c000 08:02 335425                     /home/nataniel/.m2/repository/com/fasterxml/jackson/core/jackson-databind/2.6.1/jackson-databind-2.6.1.jar
7fe3c29da000-7fe3c29de000 r--s 0003c000 08:02 335423                     /home/nataniel/.m2/repository/com/fasterxml/jackson/core/jackson-core/2.6.1/jackson-core-2.6.1.jar
7fe3c29de000-7fe3c29fc000 r--s 00110000 08:02 335422                     /home/nataniel/.m2/repository/org/mockito/mockito-all/1.10.19/mockito-all-1.10.19.jar
7fe3c29fc000-7fe3c29fd000 r--s 0000c000 08:02 335416                     /home/nataniel/.m2/repository/org/hamcrest/hamcrest-library/1.3/hamcrest-library-1.3.jar
7fe3c29fd000-7fe3c29ff000 r--s 00009000 08:02 335417                     /home/nataniel/.m2/repository/org/hamcrest/hamcrest-core/1.3/hamcrest-core-1.3.jar
7fe3c29ff000-7fe3c2a07000 r--s 00045000 08:02 335410                     /home/nataniel/.m2/repository/junit/junit/4.12/junit-4.12.jar
7fe3c2a07000-7fe3c2a14000 r--s 0018f000 08:02 335408                     /home/nataniel/.m2/repository/com/h2database/h2/1.4.185/h2-1.4.185.jar
7fe3c2a14000-7fe3c2a17000 ---p 00000000 00:00 0 
7fe3c2a17000-7fe3c2b15000 rw-p 00000000 00:00 0 
7fe3c2b15000-7fe3c2dee000 r--p 00000000 08:02 159                        /usr/lib/locale/locale-archive
7fe3c2dee000-7fe3c2df1000 ---p 00000000 00:00 0 
7fe3c2df1000-7fe3c2eef000 rw-p 00000000 00:00 0 
7fe3c2eef000-7fe3c2ef2000 ---p 00000000 00:00 0 
7fe3c2ef2000-7fe3c2ff0000 rw-p 00000000 00:00 0 
7fe3c2ff0000-7fe3c2ff1000 ---p 00000000 00:00 0 
7fe3c2ff1000-7fe3c4000000 rw-p 00000000 00:00 0 
7fe3c4000000-7fe3c4021000 rw-p 00000000 00:00 0 
7fe3c4021000-7fe3c8000000 ---p 00000000 00:00 0 
7fe3c8000000-7fe3c8001000 r--s 00007000 08:02 335415                     /home/nataniel/.m2/repository/org/exparity/hamcrest-date/1.1.0/hamcrest-date-1.1.0.jar
7fe3c8001000-7fe3c8007000 r--s 00045000 08:02 335411                     /home/nataniel/.m2/repository/org/hamcrest/hamcrest-all/1.3/hamcrest-all-1.3.jar
7fe3c8007000-7fe3c8009000 r--s 0000c000 08:02 335407                     /home/nataniel/.m2/repository/net/minidev/json-smart/1.2/json-smart-1.2.jar
7fe3c8009000-7fe3c800c000 r--s 00015000 08:02 335404                     /home/nataniel/.m2/repository/com/jayway/jsonpath/json-path/0.9.1/json-path-0.9.1.jar
7fe3c800c000-7fe3c800d000 r--s 00005000 08:02 335402                     /home/nataniel/.m2/repository/org/noggit/noggit/0.5/noggit-0.5.jar
7fe3c800d000-7fe3c8014000 r--s 00079000 08:02 335398                     /home/nataniel/.m2/repository/org/codehaus/woodstox/wstx-asl/3.2.7/wstx-asl-3.2.7.jar
7fe3c8014000-7fe3c8020000 r--s 000b3000 08:02 335397                     /home/nataniel/.m2/repository/org/apache/zookeeper/zookeeper/3.4.5/zookeeper-3.4.5.jar
7fe3c8020000-7fe3c8026000 r--s 0003f000 08:02 335393                     /home/nataniel/.m2/repository/org/apache/httpcomponents/httpcore/4.3/httpcore-4.3.jar
7fe3c8026000-7fe3c8031000 r--s 00084000 08:02 335392                     /home/nataniel/.m2/repository/org/apache/httpcomponents/httpclient/4.3.1/httpclient-4.3.1.jar
7fe3c8031000-7fe3c8039000 r--s 0005e000 08:02 335391                     /home/nataniel/.m2/repository/org/apache/solr/solr-solrj/4.7.0/solr-solrj-4.7.0.jar
7fe3c8039000-7fe3c803f000 r--s 0002f000 08:02 335388                     /home/nataniel/.m2/repository/org/apache/lucene/lucene-queries/4.10.4/lucene-queries-4.10.4.jar
7fe3c803f000-7fe3c8043000 r--s 00028000 08:02 335384                     /home/nataniel/.m2/repository/org/apache/lucene/lucene-facet/4.10.4/lucene-facet-4.10.4.jar
7fe3c8043000-7fe3c8054000 r--s 0018f000 08:02 335386                     /home/nataniel/.m2/repository/org/apache/lucene/lucene-analyzers-common/4.10.4/lucene-analyzers-common-4.10.4.jar
7fe3c8054000-7fe3c807e000 r--s 00248000 08:02 335387                     /home/nataniel/.m2/repository/org/apache/lucene/lucene-core/4.10.4/lucene-core-4.10.4.jar
7fe3c807e000-7fe3cc000000 rw-p 00000000 00:00 0 
7fe3cc000000-7fe3cc027000 rw-p 00000000 00:00 0 
7fe3cc027000-7fe3d0000000 ---p 00000000 00:00 0 
7fe3d0000000-7fe3d0021000 rw-p 00000000 00:00 0 
7fe3d0021000-7fe3d4000000 ---p 00000000 00:00 0 
7fe3d4000000-7fe3d4021000 rw-p 00000000 00:00 0 
7fe3d4021000-7fe3d8000000 ---p 00000000 00:00 0 
7fe3d8000000-7fe3d8021000 rw-p 00000000 00:00 0 
7fe3d8021000-7fe3dc000000 ---p 00000000 00:00 0 
7fe3dc000000-7fe3dc021000 rw-p 00000000 00:00 0 
7fe3dc021000-7fe3e0000000 ---p 00000000 00:00 0 
7fe3e0000000-7fe3e0021000 rw-p 00000000 00:00 0 
7fe3e0021000-7fe3e4000000 ---p 00000000 00:00 0 
7fe3e4000000-7fe3e4021000 rw-p 00000000 00:00 0 
7fe3e4021000-7fe3e8000000 ---p 00000000 00:00 0 
7fe3e8000000-7fe3e8002000 r--s 00008000 08:02 335399                     /home/nataniel/.m2/repository/org/apache/httpcomponents/httpmime/4.3.1/httpmime-4.3.1.jar
7fe3e8002000-7fe3e8018000 r--s 000da000 08:02 335379                     /home/nataniel/.m2/repository/org/hibernate/hibernate-search-engine/5.3.0.Final/hibernate-search-engine-5.3.0.Final.jar
7fe3e8018000-7fe3e801b000 r--s 0001f000 08:02 335376                     /home/nataniel/.m2/repository/org/hibernate/hibernate-search-orm/5.3.0.Final/hibernate-search-orm-5.3.0.Final.jar
7fe3e801b000-7fe3e801d000 r--s 00003000 08:02 335377                     /home/nataniel/.m2/repository/com/fasterxml/jackson/datatype/jackson-datatype-hibernate4/2.6.1/jackson-datatype-hibernate4-2.6.1.jar
7fe3e801d000-7fe3e8021000 r--s 00035000 08:02 335374                     /home/nataniel/.m2/repository/org/codehaus/jackson/jackson-core-asl/1.9.13/jackson-core-asl-1.9.13.jar
7fe3e8021000-7fe3e802f000 r--s 000b1000 08:02 335373                     /home/nataniel/.m2/repository/org/codehaus/jackson/jackson-mapper-asl/1.9.13/jackson-mapper-asl-1.9.13.jar
7fe3e802f000-7fe3e8034000 r--s 00034000 08:02 335371                     /home/nataniel/.m2/repository/commons-beanutils/commons-beanutils/1.8.3/commons-beanutils-1.8.3.jar
7fe3e8034000-7fe3e8039000 r--s 00041000 08:02 335368                     /home/nataniel/.m2/repository/commons-lang/commons-lang/2.6/commons-lang-2.6.jar
7fe3e8039000-7fe3e803b000 r--s 0000f000 08:02 335366                     /home/nataniel/.m2/repository/commons-fileupload/commons-fileupload/1.3.1/commons-fileupload-1.3.1.jar
7fe3e803b000-7fe3e803f000 r--s 00029000 08:02 335367                     /home/nataniel/.m2/repository/commons-io/commons-io/2.3/commons-io-2.3.jar
7fe3e803f000-7fe3e8041000 r--s 00007000 08:02 335360                     /home/nataniel/.m2/repository/javax/websocket/javax.websocket-api/1.0/javax.websocket-api-1.0.jar
7fe3e8041000-7fe3e8044000 r--s 00012000 08:02 335361                     /home/nataniel/.m2/repository/javax/servlet/javax.servlet-api/3.0.1/javax.servlet-api-3.0.1.jar
7fe3e8044000-7fe3e805c000 r--s 001ac000 08:02 335358                     /home/nataniel/.m2/repository/org/aspectj/aspectjweaver/1.7.4/aspectjweaver-1.7.4.jar
7fe3e805c000-7fe3e805f000 r--s 0001a000 08:02 335359                     /home/nataniel/.m2/repository/org/glassfish/web/javax.el/2.2.5/javax.el-2.2.5.jar
7fe3e805f000-7fe3e8061000 r--s 00008000 08:02 335353                     /home/nataniel/.m2/repository/javax/el/javax.el-api/2.2.5/javax.el-api-2.2.5.jar
7fe3e8061000-7fe3e8065000 r--s 0000c000 08:02 335352                     /home/nataniel/.m2/repository/javax/validation/validation-api/1.1.0.Final/validation-api-1.1.0.Final.jar
7fe3e8065000-7fe3e8067000 r--s 0000d000 08:02 335351                     /home/nataniel/.m2/repository/com/fasterxml/classmate/1.0.0/classmate-1.0.0.jar
7fe3e8067000-7fe3e8075000 r--s 0008d000 08:02 335347                     /home/nataniel/.m2/repository/org/hibernate/hibernate-validator/5.1.3.Final/hibernate-validator-5.1.3.Final.jar
7fe3e8075000-7fe3e8078000 r--s 00010000 08:02 335343                     /home/nataniel/.m2/repository/org/hibernate/common/hibernate-commons-annotations/4.0.5.Final/hibernate-commons-annotations-4.0.5.Final.jar
7fe3e8078000-7fe3e8086000 r--s 00091000 08:02 335342                     /home/nataniel/.m2/repository/org/hibernate/hibernate-entitymanager/4.3.10.Final/hibernate-entitymanager-4.3.10.Final.jar
7fe3e8086000-7fe3e808b000 r--s 00068000 08:02 335338                     /home/nataniel/.m2/repository/antlr/antlr/2.7.7/antlr-2.7.7.jar
7fe3e808b000-7fe3e8095000 r--s 000a5000 08:02 335337                     /home/nataniel/.m2/repository/org/javassist/javassist/3.18.1-GA/javassist-3.18.1-GA.jar
7fe3e8095000-7fe3e809a000 r--s 00017000 08:02 335334                     /home/nataniel/.m2/repository/org/hibernate/javax/persistence/hibernate-jpa-2.1-api/1.0.0.Final/hibernate-jpa-2.1-api-1.0.0.Final.jar
7fe3e809a000-7fe3e80f9000 r--s 004ab000 08:02 335327                     /home/nataniel/.m2/repository/org/hibernate/hibernate-core/4.3.10.Final/hibernate-core-4.3.10.Final.jar
7fe3e80f9000-7fe3e9000000 rw-p 00000000 00:00 0 
7fe3e9000000-7fe3ea3c0000 rwxp 00000000 00:00 0 
7fe3ea3c0000-7fe3f8000000 ---p 00000000 00:00 0 
7fe3f8000000-7fe3f9c3e000 rw-p 00000000 00:00 0 
7fe3f9c3e000-7fe3fc000000 ---p 00000000 00:00 0 
7fe3fc000000-7fe3fc002000 r--s 0000c000 08:02 335346                     /home/nataniel/.m2/repository/org/jboss/logging/jboss-logging/3.1.3.GA/jboss-logging-3.1.3.GA.jar
7fe3fc002000-7fe3fc004000 r--s 00011000 08:02 335339                     /home/nataniel/.m2/repository/org/jboss/jandex/1.1.0.Final/jandex-1.1.0.Final.jar
7fe3fc004000-7fe3fc009000 r--s 00016000 08:02 333091                     /home/nataniel/.m2/repository/xml-apis/xml-apis/1.0.b2/xml-apis-1.0.b2.jar
7fe3fc009000-7fe3fc00e000 r--s 00048000 08:02 335333                     /home/nataniel/.m2/repository/dom4j/dom4j/1.6.1/dom4j-1.6.1.jar
7fe3fc00e000-7fe3fc010000 r--s 00007000 08:02 335326                     /home/nataniel/.m2/repository/org/quartz-scheduler/quartz-jobs/2.2.1/quartz-jobs-2.2.1.jar
7fe3fc010000-7fe3fc01b000 r--s 0008a000 08:02 335325                     /home/nataniel/.m2/repository/c3p0/c3p0/0.9.1.1/c3p0-0.9.1.1.jar
7fe3fc01b000-7fe3fc025000 r--s 00098000 08:02 335320                     /home/nataniel/.m2/repository/org/quartz-scheduler/quartz/2.2.1/quartz-2.2.1.jar
7fe3fc025000-7fe3fc02f000 r--s 0004a000 08:02 335319                     /home/nataniel/.m2/repository/org/springframework/security/spring-security-web/3.2.5.RELEASE/spring-security-web-3.2.5.RELEASE.jar
7fe3fc02f000-7fe3fc037000 r--s 0005c000 08:02 335318                     /home/nataniel/.m2/repository/org/springframework/security/spring-security-config/3.2.5.RELEASE/spring-security-config-3.2.5.RELEASE.jar
7fe3fc037000-7fe3fc043000 r--s 0005c000 08:02 335317                     /home/nataniel/.m2/repository/org/springframework/security/oauth/spring-security-oauth2/2.0.5.RELEASE/spring-security-oauth2-2.0.5.RELEASE.jar
7fe3fc043000-7fe3fc04e000 r--s 0004f000 08:02 335312                     /home/nataniel/.m2/repository/org/springframework/security/spring-security-core/3.2.6.RELEASE/spring-security-core-3.2.6.RELEASE.jar
7fe3fc04e000-7fe3fc053000 r--s 00027000 08:02 335311                     /home/nataniel/.m2/repository/org/springframework/spring-context-support/4.1.5.RELEASE/spring-context-support-4.1.5.RELEASE.jar
7fe3fc053000-7fe3fc05a000 r--s 00037000 08:02 335309                     /home/nataniel/.m2/repository/org/springframework/spring-tx/4.1.5.RELEASE/spring-tx-4.1.5.RELEASE.jar
7fe3fc05a000-7fe3fc061000 r--s 0003f000 08:02 335306                     /home/nataniel/.m2/repository/org/springframework/spring-messaging/4.1.5.RELEASE/spring-messaging-4.1.5.RELEASE.jar
7fe3fc061000-7fe3fc069000 r--s 00057000 08:02 335307                     /home/nataniel/.m2/repository/org/springframework/spring-websocket/4.1.5.RELEASE/spring-websocket-4.1.5.RELEASE.jar
7fe3fc069000-7fe3fc075000 r--s 0006f000 08:02 335302                     /home/nataniel/.m2/repository/org/springframework/spring-test/4.1.5.RELEASE/spring-test-4.1.5.RELEASE.jar
7fe3fc075000-7fe3fc079000 r--s 00019000 08:02 335301                     /home/nataniel/.m2/repository/org/aspectj/aspectjrt/1.8.4/aspectjrt-1.8.4.jar
7fe3fc079000-7fe3fc086000 r--s 0006e000 08:02 335296                     /home/nataniel/.m2/repository/org/springframework/data/spring-data-commons/1.9.2.RELEASE/spring-data-commons-1.9.2.RELEASE.jar
7fe3fc086000-7fe3fc08c000 r--s 00031000 08:02 335297                     /home/nataniel/.m2/repository/org/springframework/data/spring-data-jpa/1.7.2.RELEASE/spring-data-jpa-1.7.2.RELEASE.jar
7fe3fc08c000-7fe3fc096000 r--s 0005f000 08:02 335293                     /home/nataniel/.m2/repository/org/springframework/spring-jdbc/4.1.5.RELEASE/spring-jdbc-4.1.5.RELEASE.jar
7fe3fc096000-7fe3fc09f000 r--s 0004f000 08:02 335288                     /home/nataniel/.m2/repository/org/springframework/spring-aop/4.1.5.RELEASE/spring-aop-4.1.5.RELEASE.jar
7fe3fc09f000-7fe3fc0ac000 r--s 000a0000 08:02 335285                     /home/nataniel/.m2/repository/org/springframework/spring-beans/4.1.5.RELEASE/spring-beans-4.1.5.RELEASE.jar
7fe3fc0ac000-7fe3fc0bb000 r--s 000b0000 08:02 335283                     /home/nataniel/.m2/repository/org/springframework/spring-webmvc/4.1.5.RELEASE/spring-webmvc-4.1.5.RELEASE.jar
7fe3fc0bb000-7fe3fc0c0000 r--s 0003b000 08:02 335277                     /home/nataniel/.m2/repository/org/springframework/spring-expression/4.1.5.RELEASE/spring-expression-4.1.5.RELEASE.jar
7fe3fc0c0000-7fe3fc0d8000 r--s 000e3000 08:02 335276                     /home/nataniel/.m2/repository/org/springframework/spring-context/4.1.5.RELEASE/spring-context-4.1.5.RELEASE.jar
7fe3fc0d8000-7fe3fc0ed000 r--s 000e2000 08:02 335275                     /home/nataniel/.m2/repository/org/springframework/spring-core/4.1.5.RELEASE/spring-core-4.1.5.RELEASE.jar
7fe3fc0ed000-7fe3fc3f0000 rw-p 00000000 00:00 0 
7fe3fc3f0000-7fe3fc5c8000 r--s 03d2a000 08:02 298531                     /opt/java/jdk1.8.0_111/jre/lib/rt.jar
7fe3fc5c8000-7fe3fca16000 rw-p 00000000 00:00 0 
7fe3fca16000-7fe3fca17000 ---p 00000000 00:00 0 
7fe3fca17000-7fe3fcb17000 rw-p 00000000 00:00 0 
7fe3fcb17000-7fe3fcb18000 ---p 00000000 00:00 0 
7fe3fcb18000-7fe3fcc18000 rw-p 00000000 00:00 0 
7fe3fcc18000-7fe3fcc19000 ---p 00000000 00:00 0 
7fe3fcc19000-7fe3fcd19000 rw-p 00000000 00:00 0 
7fe3fcd19000-7fe3fcd1a000 ---p 00000000 00:00 0 
7fe3fcd1a000-7fe3fce1a000 rw-p 00000000 00:00 0 
7fe3fce1a000-7fe3fce1b000 ---p 00000000 00:00 0 
7fe3fce1b000-7fe3fcf1b000 rw-p 00000000 00:00 0 
7fe3fcf1b000-7fe3fcf1c000 ---p 00000000 00:00 0 
7fe3fcf1c000-7fe3fd01c000 rw-p 00000000 00:00 0 
7fe3fd01c000-7fe3fd01d000 ---p 00000000 00:00 0 
7fe3fd01d000-7fe3fd11d000 rw-p 00000000 00:00 0 
7fe3fd11d000-7fe3fd11e000 ---p 00000000 00:00 0 
7fe3fd11e000-7fe3fd23e000 rw-p 00000000 00:00 0 
7fe3fd23e000-7fe3fd4ae000 ---p 00000000 00:00 0 
7fe3fd4ae000-7fe3fd4ce000 rw-p 00000000 00:00 0 
7fe3fd4ce000-7fe3fd73e000 ---p 00000000 00:00 0 
7fe3fd73e000-7fe3fd822000 rw-p 00000000 00:00 0 
7fe3fd822000-7fe3fd886000 ---p 00000000 00:00 0 
7fe3fd886000-7fe3fd8d6000 rw-p 00000000 00:00 0 
7fe3fd8d6000-7fe3fdc47000 ---p 00000000 00:00 0 
7fe3fdc47000-7fe3fdc61000 r-xp 00000000 08:02 298562                     /opt/java/jdk1.8.0_111/jre/lib/amd64/libzip.so
7fe3fdc61000-7fe3fde61000 ---p 0001a000 08:02 298562                     /opt/java/jdk1.8.0_111/jre/lib/amd64/libzip.so
7fe3fde61000-7fe3fde62000 rw-p 0001a000 08:02 298562                     /opt/java/jdk1.8.0_111/jre/lib/amd64/libzip.so
7fe3fde62000-7fe3fde6d000 r-xp 00000000 08:02 5768534                    /lib/x86_64-linux-gnu/libnss_files-2.23.so
7fe3fde6d000-7fe3fe06c000 ---p 0000b000 08:02 5768534                    /lib/x86_64-linux-gnu/libnss_files-2.23.so
7fe3fe06c000-7fe3fe06d000 r--p 0000a000 08:02 5768534                    /lib/x86_64-linux-gnu/libnss_files-2.23.so
7fe3fe06d000-7fe3fe06e000 rw-p 0000b000 08:02 5768534                    /lib/x86_64-linux-gnu/libnss_files-2.23.so
7fe3fe06e000-7fe3fe074000 rw-p 00000000 00:00 0 
7fe3fe074000-7fe3fe07f000 r-xp 00000000 08:02 5768484                    /lib/x86_64-linux-gnu/libnss_nis-2.23.so
7fe3fe07f000-7fe3fe27e000 ---p 0000b000 08:02 5768484                    /lib/x86_64-linux-gnu/libnss_nis-2.23.so
7fe3fe27e000-7fe3fe27f000 r--p 0000a000 08:02 5768484                    /lib/x86_64-linux-gnu/libnss_nis-2.23.so
7fe3fe27f000-7fe3fe280000 rw-p 0000b000 08:02 5768484                    /lib/x86_64-linux-gnu/libnss_nis-2.23.so
7fe3fe280000-7fe3fe296000 r-xp 00000000 08:02 5768526                    /lib/x86_64-linux-gnu/libnsl-2.23.so
7fe3fe296000-7fe3fe495000 ---p 00016000 08:02 5768526                    /lib/x86_64-linux-gnu/libnsl-2.23.so
7fe3fe495000-7fe3fe496000 r--p 00015000 08:02 5768526                    /lib/x86_64-linux-gnu/libnsl-2.23.so
7fe3fe496000-7fe3fe497000 rw-p 00016000 08:02 5768526                    /lib/x86_64-linux-gnu/libnsl-2.23.so
7fe3fe497000-7fe3fe499000 rw-p 00000000 00:00 0 
7fe3fe499000-7fe3fe4a1000 r-xp 00000000 08:02 5768531                    /lib/x86_64-linux-gnu/libnss_compat-2.23.so
7fe3fe4a1000-7fe3fe6a0000 ---p 00008000 08:02 5768531                    /lib/x86_64-linux-gnu/libnss_compat-2.23.so
7fe3fe6a0000-7fe3fe6a1000 r--p 00007000 08:02 5768531                    /lib/x86_64-linux-gnu/libnss_compat-2.23.so
7fe3fe6a1000-7fe3fe6a2000 rw-p 00008000 08:02 5768531                    /lib/x86_64-linux-gnu/libnss_compat-2.23.so
7fe3fe6a2000-7fe3fe6ac000 r-xp 00000000 08:02 298600                     /opt/java/jdk1.8.0_111/jre/lib/amd64/libinstrument.so
7fe3fe6ac000-7fe3fe8ab000 ---p 0000a000 08:02 298600                     /opt/java/jdk1.8.0_111/jre/lib/amd64/libinstrument.so
7fe3fe8ab000-7fe3fe8ac000 rw-p 00009000 08:02 298600                     /opt/java/jdk1.8.0_111/jre/lib/amd64/libinstrument.so
7fe3fe8ac000-7fe3fe8d7000 r-xp 00000000 08:02 298589                     /opt/java/jdk1.8.0_111/jre/lib/amd64/libjava.so
7fe3fe8d7000-7fe3fead6000 ---p 0002b000 08:02 298589                     /opt/java/jdk1.8.0_111/jre/lib/amd64/libjava.so
7fe3fead6000-7fe3fead8000 rw-p 0002a000 08:02 298589                     /opt/java/jdk1.8.0_111/jre/lib/amd64/libjava.so
7fe3fead8000-7fe3feae5000 r-xp 00000000 08:02 298540                     /opt/java/jdk1.8.0_111/jre/lib/amd64/libverify.so
7fe3feae5000-7fe3fece4000 ---p 0000d000 08:02 298540                     /opt/java/jdk1.8.0_111/jre/lib/amd64/libverify.so
7fe3fece4000-7fe3fece6000 rw-p 0000c000 08:02 298540                     /opt/java/jdk1.8.0_111/jre/lib/amd64/libverify.so
7fe3fece6000-7fe3feced000 r-xp 00000000 08:02 5768483                    /lib/x86_64-linux-gnu/librt-2.23.so
7fe3feced000-7fe3feeec000 ---p 00007000 08:02 5768483                    /lib/x86_64-linux-gnu/librt-2.23.so
7fe3feeec000-7fe3feeed000 r--p 00006000 08:02 5768483                    /lib/x86_64-linux-gnu/librt-2.23.so
7fe3feeed000-7fe3feeee000 rw-p 00007000 08:02 5768483                    /lib/x86_64-linux-gnu/librt-2.23.so
7fe3feeee000-7fe3feff6000 r-xp 00000000 08:02 5768524                    /lib/x86_64-linux-gnu/libm-2.23.so
7fe3feff6000-7fe3ff1f5000 ---p 00108000 08:02 5768524                    /lib/x86_64-linux-gnu/libm-2.23.so
7fe3ff1f5000-7fe3ff1f6000 r--p 00107000 08:02 5768524                    /lib/x86_64-linux-gnu/libm-2.23.so
7fe3ff1f6000-7fe3ff1f7000 rw-p 00108000 08:02 5768524                    /lib/x86_64-linux-gnu/libm-2.23.so
7fe3ff1f7000-7fe3ffec4000 r-xp 00000000 08:02 298593                     /opt/java/jdk1.8.0_111/jre/lib/amd64/server/libjvm.so
7fe3ffec4000-7fe4000c3000 ---p 00ccd000 08:02 298593                     /opt/java/jdk1.8.0_111/jre/lib/amd64/server/libjvm.so
7fe4000c3000-7fe40019c000 rw-p 00ccc000 08:02 298593                     /opt/java/jdk1.8.0_111/jre/lib/amd64/server/libjvm.so
7fe40019c000-7fe4001e7000 rw-p 00000000 00:00 0 
7fe4001e7000-7fe4003a6000 r-xp 00000000 08:02 5768497                    /lib/x86_64-linux-gnu/libc-2.23.so
7fe4003a6000-7fe4005a6000 ---p 001bf000 08:02 5768497                    /lib/x86_64-linux-gnu/libc-2.23.so
7fe4005a6000-7fe4005aa000 r--p 001bf000 08:02 5768497                    /lib/x86_64-linux-gnu/libc-2.23.so
7fe4005aa000-7fe4005ac000 rw-p 001c3000 08:02 5768497                    /lib/x86_64-linux-gnu/libc-2.23.so
7fe4005ac000-7fe4005b0000 rw-p 00000000 00:00 0 
7fe4005b0000-7fe4005b3000 r-xp 00000000 08:02 5768496                    /lib/x86_64-linux-gnu/libdl-2.23.so
7fe4005b3000-7fe4007b2000 ---p 00003000 08:02 5768496                    /lib/x86_64-linux-gnu/libdl-2.23.so
7fe4007b2000-7fe4007b3000 r--p 00002000 08:02 5768496                    /lib/x86_64-linux-gnu/libdl-2.23.so
7fe4007b3000-7fe4007b4000 rw-p 00003000 08:02 5768496                    /lib/x86_64-linux-gnu/libdl-2.23.so
7fe4007b4000-7fe4007c9000 r-xp 00000000 08:02 298578                     /opt/java/jdk1.8.0_111/jre/lib/amd64/jli/libjli.so
7fe4007c9000-7fe4009c9000 ---p 00015000 08:02 298578                     /opt/java/jdk1.8.0_111/jre/lib/amd64/jli/libjli.so
7fe4009c9000-7fe4009ca000 rw-p 00015000 08:02 298578                     /opt/java/jdk1.8.0_111/jre/lib/amd64/jli/libjli.so
7fe4009ca000-7fe4009e2000 r-xp 00000000 08:02 5768525                    /lib/x86_64-linux-gnu/libpthread-2.23.so
7fe4009e2000-7fe400be1000 ---p 00018000 08:02 5768525                    /lib/x86_64-linux-gnu/libpthread-2.23.so
7fe400be1000-7fe400be2000 r--p 00017000 08:02 5768525                    /lib/x86_64-linux-gnu/libpthread-2.23.so
7fe400be2000-7fe400be3000 rw-p 00018000 08:02 5768525                    /lib/x86_64-linux-gnu/libpthread-2.23.so
7fe400be3000-7fe400be7000 rw-p 00000000 00:00 0 
7fe400be7000-7fe400c0d000 r-xp 00000000 08:02 5767197                    /lib/x86_64-linux-gnu/ld-2.23.so
7fe400c0d000-7fe400c0e000 r--s 00006000 08:02 335332                     /home/nataniel/.m2/repository/org/jboss/spec/javax/transaction/jboss-transaction-api_1.2_spec/1.0.0.Final/jboss-transaction-api_1.2_spec-1.0.0.Final.jar
7fe400c0e000-7fe400c10000 r--s 00003000 08:02 335300                     /home/nataniel/.m2/repository/org/slf4j/jcl-over-slf4j/1.7.10/jcl-over-slf4j-1.7.10.jar
7fe400c10000-7fe400ce1000 rw-p 00000000 00:00 0 
7fe400ce1000-7fe400ce4000 ---p 00000000 00:00 0 
7fe400ce4000-7fe400de6000 rw-p 00000000 00:00 0 
7fe400de6000-7fe400de7000 r--s 00002000 08:02 335328                     /home/nataniel/.m2/repository/org/jboss/logging/jboss-logging-annotations/1.2.0.Beta1/jboss-logging-annotations-1.2.0.Beta1.jar
7fe400de7000-7fe400de9000 r--s 00000000 08:02 335289                     /home/nataniel/.m2/repository/aopalliance/aopalliance/1.0/aopalliance-1.0.jar
7fe400de9000-7fe400df1000 r--s 00054000 08:02 335278                     /home/nataniel/.m2/repository/org/springframework/spring-orm/4.1.5.RELEASE/spring-orm-4.1.5.RELEASE.jar
7fe400df1000-7fe400df3000 r--s 0000e000 08:02 335279                     /home/nataniel/.m2/repository/commons-logging/commons-logging/1.2/commons-logging-1.2.jar
7fe400df3000-7fe400df8000 r--s 0001c000 08:02 1578477                    /home/nataniel/.m2/repository/br/com/cds/connecta/framework/connecta-core/0.10.0-SNAPSHOT/connecta-core-0.10.0-SNAPSHOT.jar
7fe400df8000-7fe400dfd000 r--s 00023000 08:02 338310                     /home/nataniel/.m2/repository/org/apache/maven/surefire/surefire-api/2.10/surefire-api-2.10.jar
7fe400dfd000-7fe400dff000 r--s 00007000 08:02 338306                     /home/nataniel/.m2/repository/org/apache/maven/surefire/surefire-booter/2.10/surefire-booter-2.10.jar
7fe400dff000-7fe400e00000 r--s 00004000 08:02 2097396                    /home/nataniel/NetBeansProjects/connecta-portal/target/surefire/surefirebooter7721739058483483749.jar
7fe400e00000-7fe400e08000 rw-s 00000000 08:02 13893978                   /tmp/hsperfdata_nataniel/6950
7fe400e08000-7fe400e09000 rw-p 00000000 00:00 0 
7fe400e09000-7fe400e0a000 ---p 00000000 00:00 0 
7fe400e0a000-7fe400e0c000 rw-p 00000000 00:00 0 
7fe400e0c000-7fe400e0d000 r--p 00025000 08:02 5767197                    /lib/x86_64-linux-gnu/ld-2.23.so
7fe400e0d000-7fe400e0e000 rw-p 00026000 08:02 5767197                    /lib/x86_64-linux-gnu/ld-2.23.so
7fe400e0e000-7fe400e0f000 rw-p 00000000 00:00 0 
7ffc051a1000-7ffc051c2000 rw-p 00000000 00:00 0                          [stack]
7ffc051d2000-7ffc051d4000 r--p 00000000 00:00 0                          [vvar]
7ffc051d4000-7ffc051d6000 r-xp 00000000 00:00 0                          [vdso]
ffffffffff600000-ffffffffff601000 r-xp 00000000 00:00 0                  [vsyscall]

VM Arguments:
jvm_args: -javaagent:/home/nataniel/.m2/repository/org/jacoco/org.jacoco.agent/0.7.7.201606060606/org.jacoco.agent-0.7.7.201606060606-runtime.jar=destfile=/home/nataniel/NetBeansProjects/connecta-portal/target/jacoco.exec 
java_command: /home/nataniel/NetBeansProjects/connecta-portal/target/surefire/surefirebooter7721739058483483749.jar /home/nataniel/NetBeansProjects/connecta-portal/target/surefire/surefire6356303029455241569tmp /home/nataniel/NetBeansProjects/connecta-portal/target/surefire/surefire2601110951903711314tmp
java_class_path (initial): /home/nataniel/NetBeansProjects/connecta-portal/target/surefire/surefirebooter7721739058483483749.jar:/home/nataniel/.m2/repository/org/jacoco/org.jacoco.agent/0.7.7.201606060606/org.jacoco.agent-0.7.7.201606060606-runtime.jar
Launcher Type: SUN_STANDARD

Environment Variables:
JAVA_HOME=/opt/java/jdk1.8.0_111
PATH=/usr/local/sbin:/usr/local/bin:/usr/sbin:/usr/bin:/sbin:/bin:/usr/games:/usr/local/games
USERNAME=nataniel
LD_LIBRARY_PATH=/opt/java/jdk1.8.0_111/jre/lib/amd64:/opt/java/jdk1.8.0_111/jre/lib/i386:
SHELL=/bin/bash
DISPLAY=:0

Signal Handlers:
SIGSEGV: [libjvm.so+0xac64b0], sa_mask[0]=11111111011111111101111111111110, sa_flags=SA_RESTART|SA_SIGINFO
SIGBUS: [libjvm.so+0xac64b0], sa_mask[0]=11111111011111111101111111111110, sa_flags=SA_RESTART|SA_SIGINFO
SIGFPE: [libjvm.so+0x91f950], sa_mask[0]=11111111011111111101111111111110, sa_flags=SA_RESTART|SA_SIGINFO
SIGPIPE: [libjvm.so+0x91f950], sa_mask[0]=11111111011111111101111111111110, sa_flags=SA_RESTART|SA_SIGINFO
SIGXFSZ: [libjvm.so+0x91f950], sa_mask[0]=11111111011111111101111111111110, sa_flags=SA_RESTART|SA_SIGINFO
SIGILL: [libjvm.so+0x91f950], sa_mask[0]=11111111011111111101111111111110, sa_flags=SA_RESTART|SA_SIGINFO
SIGUSR1: SIG_DFL, sa_mask[0]=00000000000000000000000000000000, sa_flags=none
SIGUSR2: [libjvm.so+0x920f80], sa_mask[0]=00100000000000000000000000000000, sa_flags=SA_RESTART|SA_SIGINFO
SIGHUP: [libjvm.so+0x922380], sa_mask[0]=11111111011111111101111111111110, sa_flags=SA_RESTART|SA_SIGINFO
SIGINT: SIG_IGN, sa_mask[0]=00000000000000000000000000000000, sa_flags=none
SIGTERM: [libjvm.so+0x922380], sa_mask[0]=11111111011111111101111111111110, sa_flags=SA_RESTART|SA_SIGINFO
SIGQUIT: [libjvm.so+0x922380], sa_mask[0]=11111111011111111101111111111110, sa_flags=SA_RESTART|SA_SIGINFO


---------------  S Y S T E M  ---------------

OS:DISTRIB_ID=LinuxMint
DISTRIB_RELEASE=18.1
DISTRIB_CODENAME=serena
DISTRIB_DESCRIPTION="Linux Mint 18.1 Serena"

uname:Linux 4.4.0-62-generic #83-Ubuntu SMP Wed Jan 18 14:10:15 UTC 2017 x86_64
libc:glibc 2.23 NPTL 2.23 
rlimit: STACK 8192k, CORE 0k, NPROC 30605, NOFILE 65536, AS infinity
load average:11,40 5,01 2,87

/proc/meminfo:
MemTotal:        8057820 kB
MemFree:          144872 kB
MemAvailable:      84656 kB
Buffers:            1588 kB
Cached:           366044 kB
SwapCached:            0 kB
Active:          7260488 kB
Inactive:         313176 kB
Active(anon):    7208032 kB
Inactive(anon):   270612 kB
Active(file):      52456 kB
Inactive(file):    42564 kB
Unevictable:         616 kB
Mlocked:             616 kB
SwapTotal:             0 kB
SwapFree:              0 kB
Dirty:               608 kB
Writeback:             0 kB
AnonPages:       7192092 kB
Mapped:           418384 kB
Shmem:            272348 kB
Slab:             107580 kB
SReclaimable:      56432 kB
SUnreclaim:        51148 kB
KernelStack:       17760 kB
PageTables:        65284 kB
NFS_Unstable:          0 kB
Bounce:                0 kB
WritebackTmp:          0 kB
CommitLimit:     4028908 kB
Committed_AS:   13661964 kB
VmallocTotal:   34359738367 kB
VmallocUsed:           0 kB
VmallocChunk:          0 kB
HardwareCorrupted:     0 kB
AnonHugePages:   2973696 kB
CmaTotal:              0 kB
CmaFree:               0 kB
HugePages_Total:       0
HugePages_Free:        0
HugePages_Rsvd:        0
HugePages_Surp:        0
Hugepagesize:       2048 kB
DirectMap4k:      290820 kB
DirectMap2M:     7981056 kB


CPU:total 8 (4 cores per cpu, 2 threads per core) family 6 model 58 stepping 9, cmov, cx8, fxsr, mmx, sse, sse2, sse3, ssse3, sse4.1, sse4.2, popcnt, avx, aes, clmul, erms, ht, tsc, tscinvbit, tscinv

/proc/cpuinfo:
processor	: 0
vendor_id	: GenuineIntel
cpu family	: 6
model		: 58
model name	: Intel(R) Core(TM) i7-3610QM CPU @ 2.30GHz
stepping	: 9
microcode	: 0x12
cpu MHz		: 1213.429
cache size	: 6144 KB
physical id	: 0
siblings	: 8
core id		: 0
cpu cores	: 4
apicid		: 0
initial apicid	: 0
fpu		: yes
fpu_exception	: yes
cpuid level	: 13
wp		: yes
flags		: fpu vme de pse tsc msr pae mce cx8 apic sep mtrr pge mca cmov pat pse36 clflush dts acpi mmx fxsr sse sse2 ss ht tm pbe syscall nx rdtscp lm constant_tsc arch_perfmon pebs bts rep_good nopl xtopology nonstop_tsc aperfmperf eagerfpu pni pclmulqdq dtes64 monitor ds_cpl vmx est tm2 ssse3 cx16 xtpr pdcm pcid sse4_1 sse4_2 x2apic popcnt tsc_deadline_timer aes xsave avx f16c rdrand lahf_lm epb tpr_shadow vnmi flexpriority ept vpid fsgsbase smep erms xsaveopt dtherm ida arat pln pts
bugs		:
bogomips	: 4589.58
clflush size	: 64
cache_alignment	: 64
address sizes	: 36 bits physical, 48 bits virtual
power management:

processor	: 1
vendor_id	: GenuineIntel
cpu family	: 6
model		: 58
model name	: Intel(R) Core(TM) i7-3610QM CPU @ 2.30GHz
stepping	: 9
microcode	: 0x12
cpu MHz		: 1285.664
cache size	: 6144 KB
physical id	: 0
siblings	: 8
core id		: 1
cpu cores	: 4
apicid		: 2
initial apicid	: 2
fpu		: yes
fpu_exception	: yes
cpuid level	: 13
wp		: yes
flags		: fpu vme de pse tsc msr pae mce cx8 apic sep mtrr pge mca cmov pat pse36 clflush dts acpi mmx fxsr sse sse2 ss ht tm pbe syscall nx rdtscp lm constant_tsc arch_perfmon pebs bts rep_good nopl xtopology nonstop_tsc aperfmperf eagerfpu pni pclmulqdq dtes64 monitor ds_cpl vmx est tm2 ssse3 cx16 xtpr pdcm pcid sse4_1 sse4_2 x2apic popcnt tsc_deadline_timer aes xsave avx f16c rdrand lahf_lm epb tpr_shadow vnmi flexpriority ept vpid fsgsbase smep erms xsaveopt dtherm ida arat pln pts
bugs		:
bogomips	: 4589.58
clflush size	: 64
cache_alignment	: 64
address sizes	: 36 bits physical, 48 bits virtual
power management:

processor	: 2
vendor_id	: GenuineIntel
cpu family	: 6
model		: 58
model name	: Intel(R) Core(TM) i7-3610QM CPU @ 2.30GHz
stepping	: 9
microcode	: 0x12
cpu MHz		: 1205.613
cache size	: 6144 KB
physical id	: 0
siblings	: 8
core id		: 2
cpu cores	: 4
apicid		: 4
initial apicid	: 4
fpu		: yes
fpu_exception	: yes
cpuid level	: 13
wp		: yes
flags		: fpu vme de pse tsc msr pae mce cx8 apic sep mtrr pge mca cmov pat pse36 clflush dts acpi mmx fxsr sse sse2 ss ht tm pbe syscall nx rdtscp lm constant_tsc arch_perfmon pebs bts rep_good nopl xtopology nonstop_tsc aperfmperf eagerfpu pni pclmulqdq dtes64 monitor ds_cpl vmx est tm2 ssse3 cx16 xtpr pdcm pcid sse4_1 sse4_2 x2apic popcnt tsc_deadline_timer aes xsave avx f16c rdrand lahf_lm epb tpr_shadow vnmi flexpriority ept vpid fsgsbase smep erms xsaveopt dtherm ida arat pln pts
bugs		:
bogomips	: 4589.58
clflush size	: 64
cache_alignment	: 64
address sizes	: 36 bits physical, 48 bits virtual
power management:

processor	: 3
vendor_id	: GenuineIntel
cpu family	: 6
model		: 58
model name	: Intel(R) Core(TM) i7-3610QM CPU @ 2.30GHz
stepping	: 9
microcode	: 0x12
cpu MHz		: 1225.468
cache size	: 6144 KB
physical id	: 0
siblings	: 8
core id		: 3
cpu cores	: 4
apicid		: 6
initial apicid	: 6
fpu		: yes
fpu_exception	: yes
cpuid level	: 13
wp		: yes
flags		: fpu vme de pse tsc msr pae mce cx8 apic sep mtrr pge mca cmov pat pse36 clflush dts acpi mmx fxsr sse sse2 ss ht tm pbe syscall nx rdtscp lm constant_tsc arch_perfmon pebs bts rep_good nopl xtopology nonstop_tsc aperfmperf eagerfpu pni pclmulqdq dtes64 monitor ds_cpl vmx est tm2 ssse3 cx16 xtpr pdcm pcid sse4_1 sse4_2 x2apic popcnt tsc_deadline_timer aes xsave avx f16c rdrand lahf_lm epb tpr_shadow vnmi flexpriority ept vpid fsgsbase smep erms xsaveopt dtherm ida arat pln pts
bugs		:
bogomips	: 4589.58
clflush size	: 64
cache_alignment	: 64
address sizes	: 36 bits physical, 48 bits virtual
power management:

processor	: 4
vendor_id	: GenuineIntel
cpu family	: 6
model		: 58
model name	: Intel(R) Core(TM) i7-3610QM CPU @ 2.30GHz
stepping	: 9
microcode	: 0x12
cpu MHz		: 1270.839
cache size	: 6144 KB
physical id	: 0
siblings	: 8
core id		: 0
cpu cores	: 4
apicid		: 1
initial apicid	: 1
fpu		: yes
fpu_exception	: yes
cpuid level	: 13
wp		: yes
flags		: fpu vme de pse tsc msr pae mce cx8 apic sep mtrr pge mca cmov pat pse36 clflush dts acpi mmx fxsr sse sse2 ss ht tm pbe syscall nx rdtscp lm constant_tsc arch_perfmon pebs bts rep_good nopl xtopology nonstop_tsc aperfmperf eagerfpu pni pclmulqdq dtes64 monitor ds_cpl vmx est tm2 ssse3 cx16 xtpr pdcm pcid sse4_1 sse4_2 x2apic popcnt tsc_deadline_timer aes xsave avx f16c rdrand lahf_lm epb tpr_shadow vnmi flexpriority ept vpid fsgsbase smep erms xsaveopt dtherm ida arat pln pts
bugs		:
bogomips	: 4589.58
clflush size	: 64
cache_alignment	: 64
address sizes	: 36 bits physical, 48 bits virtual
power management:

processor	: 5
vendor_id	: GenuineIntel
cpu family	: 6
model		: 58
model name	: Intel(R) Core(TM) i7-3610QM CPU @ 2.30GHz
stepping	: 9
microcode	: 0x12
cpu MHz		: 1207.769
cache size	: 6144 KB
physical id	: 0
siblings	: 8
core id		: 1
cpu cores	: 4
apicid		: 3
initial apicid	: 3
fpu		: yes
fpu_exception	: yes
cpuid level	: 13
wp		: yes
flags		: fpu vme de pse tsc msr pae mce cx8 apic sep mtrr pge mca cmov pat pse36 clflush dts acpi mmx fxsr sse sse2 ss ht tm pbe syscall nx rdtscp lm constant_tsc arch_perfmon pebs bts rep_good nopl xtopology nonstop_tsc aperfmperf eagerfpu pni pclmulqdq dtes64 monitor ds_cpl vmx est tm2 ssse3 cx16 xtpr pdcm pcid sse4_1 sse4_2 x2apic popcnt tsc_deadline_timer aes xsave avx f16c rdrand lahf_lm epb tpr_shadow vnmi flexpriority ept vpid fsgsbase smep erms xsaveopt dtherm ida arat pln pts
bugs		:
bogomips	: 4589.58
clflush size	: 64
cache_alignment	: 64
address sizes	: 36 bits physical, 48 bits virtual
power management:

processor	: 6
vendor_id	: GenuineIntel
cpu family	: 6
model		: 58
model name	: Intel(R) Core(TM) i7-3610QM CPU @ 2.30GHz
stepping	: 9
microcode	: 0x12
cpu MHz		: 1399.406
cache size	: 6144 KB
physical id	: 0
siblings	: 8
core id		: 2
cpu cores	: 4
apicid		: 5
initial apicid	: 5
fpu		: yes
fpu_exception	: yes
cpuid level	: 13
wp		: yes
flags		: fpu vme de pse tsc msr pae mce cx8 apic sep mtrr pge mca cmov pat pse36 clflush dts acpi mmx fxsr sse sse2 ss ht tm pbe syscall nx rdtscp lm constant_tsc arch_perfmon pebs bts rep_good nopl xtopology nonstop_tsc aperfmperf eagerfpu pni pclmulqdq dtes64 monitor ds_cpl vmx est tm2 ssse3 cx16 xtpr pdcm pcid sse4_1 sse4_2 x2apic popcnt tsc_deadline_timer aes xsave avx f16c rdrand lahf_lm epb tpr_shadow vnmi flexpriority ept vpid fsgsbase smep erms xsaveopt dtherm ida arat pln pts
bugs		:
bogomips	: 4589.58
clflush size	: 64
cache_alignment	: 64
address sizes	: 36 bits physical, 48 bits virtual
power management:

processor	: 7
vendor_id	: GenuineIntel
cpu family	: 6
model		: 58
model name	: Intel(R) Core(TM) i7-3610QM CPU @ 2.30GHz
stepping	: 9
microcode	: 0x12
cpu MHz		: 1342.984
cache size	: 6144 KB
physical id	: 0
siblings	: 8
core id		: 3
cpu cores	: 4
apicid		: 7
initial apicid	: 7
fpu		: yes
fpu_exception	: yes
cpuid level	: 13
wp		: yes
flags		: fpu vme de pse tsc msr pae mce cx8 apic sep mtrr pge mca cmov pat pse36 clflush dts acpi mmx fxsr sse sse2 ss ht tm pbe syscall nx rdtscp lm constant_tsc arch_perfmon pebs bts rep_good nopl xtopology nonstop_tsc aperfmperf eagerfpu pni pclmulqdq dtes64 monitor ds_cpl vmx est tm2 ssse3 cx16 xtpr pdcm pcid sse4_1 sse4_2 x2apic popcnt tsc_deadline_timer aes xsave avx f16c rdrand lahf_lm epb tpr_shadow vnmi flexpriority ept vpid fsgsbase smep erms xsaveopt dtherm ida arat pln pts
bugs		:
bogomips	: 4589.58
clflush size	: 64
cache_alignment	: 64
address sizes	: 36 bits physical, 48 bits virtual
power management:



Memory: 4k page, physical 8057820k(144872k free), swap 0k(0k free)

vm_info: Java HotSpot(TM) 64-Bit Server VM (25.111-b14) for linux-amd64 JRE (1.8.0_111-b14), built on Sep 22 2016 16:14:03 by "java_re" with gcc 4.3.0 20080428 (Red Hat 4.3.0-8)

time: Wed Mar  1 14:57:35 2017
elapsed time: 118 seconds (0d 0h 1m 58s)

