#
# There is insufficient memory for the Java Runtime Environment to continue.
# Native memory allocation (mmap) failed to map 132120576 bytes for committing reserved memory.
# Possible reasons:
#   The system is out of physical RAM or swap space
#   In 32 bit mode, the process size limit was hit
# Possible solutions:
#   Reduce memory load on the system
#   Increase physical memory or swap space
#   Check if swap backing store is full
#   Use 64 bit Java on a 64 bit OS
#   Decrease Java heap size (-Xmx/-Xms)
#   Decrease number of Java threads
#   Decrease Java thread stack sizes (-Xss)
#   Set larger code cache with -XX:ReservedCodeCacheSize=
# This output file may be truncated or incomplete.
#
#  Out of Memory Error (os_linux.cpp:2627), pid=23809, tid=0x00007fc5f2beb700
#
# JRE version: Java(TM) SE Runtime Environment (8.0_111-b14) (build 1.8.0_111-b14)
# Java VM: Java HotSpot(TM) 64-Bit Server VM (25.111-b14 mixed mode linux-amd64 compressed oops)
# Failed to write core dump. Core dumps have been disabled. To enable core dumping, try "ulimit -c unlimited" before starting Java again
#

---------------  T H R E A D  ---------------

Current thread (0x00007fc6281c8000):  VMThread [stack: 0x00007fc5f2aeb000,0x00007fc5f2bec000] [id=23819]

Stack: [0x00007fc5f2aeb000,0x00007fc5f2bec000],  sp=0x00007fc5f2bea2a0,  free space=1020k
Native frames: (J=compiled Java code, j=interpreted, Vv=VM code, C=native code)
V  [libjvm.so+0xac5c2a]  VMError::report_and_die()+0x2ba
V  [libjvm.so+0x4fc50b]  report_vm_out_of_memory(char const*, int, unsigned long, VMErrorType, char const*)+0x8b
V  [libjvm.so+0x922ae3]  os::Linux::commit_memory_impl(char*, unsigned long, bool)+0x103
V  [libjvm.so+0x923039]  os::pd_commit_memory(char*, unsigned long, unsigned long, bool)+0x29
V  [libjvm.so+0x91d33a]  os::commit_memory(char*, unsigned long, unsigned long, bool)+0x2a
V  [libjvm.so+0x991ac3]  PSVirtualSpace::expand_by(unsigned long)+0x53
V  [libjvm.so+0x992ec8]  PSYoungGen::resize_generation(unsigned long, unsigned long)+0xf8
V  [libjvm.so+0x992022]  PSYoungGen::resize(unsigned long, unsigned long)+0x22
V  [libjvm.so+0x98f2fb]  PSScavenge::invoke_no_policy()+0xf3b
V  [libjvm.so+0x98fa81]  PSScavenge::invoke()+0x41
V  [libjvm.so+0x9467d0]  ParallelScavengeHeap::failed_mem_allocate(unsigned long)+0x70
V  [libjvm.so+0xac7647]  VM_ParallelGCFailedAllocation::doit()+0x97
V  [libjvm.so+0xacf125]  VM_Operation::evaluate()+0x55
V  [libjvm.so+0xacd4fa]  VMThread::evaluate_operation(VM_Operation*)+0xba
V  [libjvm.so+0xacd87e]  VMThread::loop()+0x1ce
V  [libjvm.so+0xacdcf0]  VMThread::run()+0x70
V  [libjvm.so+0x924ea8]  java_start(Thread*)+0x108

VM_Operation (0x00007fc63073fb30): ParallelGCFailedAllocation, mode: safepoint, requested by thread 0x00007fc62800b000


---------------  P R O C E S S  ---------------

Java Threads: ( => current thread )
  0x00007fc629308000 JavaThread "Abandoned connection cleanup thread" daemon [_thread_blocked, id=23837, stack(0x00007fc5cbcf6000,0x00007fc5cbdf7000)]
  0x00007fc628c53800 JavaThread "Service Thread" daemon [_thread_blocked, id=23830, stack(0x00007fc5f11c6000,0x00007fc5f12c7000)]
  0x00007fc628b59000 JavaThread "C1 CompilerThread3" daemon [_thread_blocked, id=23829, stack(0x00007fc5f12c7000,0x00007fc5f13c8000)]
  0x00007fc628bc4000 JavaThread "C2 CompilerThread2" daemon [_thread_blocked, id=23828, stack(0x00007fc5f13c8000,0x00007fc5f14c9000)]
  0x00007fc628bc0000 JavaThread "C2 CompilerThread1" daemon [_thread_blocked, id=23827, stack(0x00007fc5f14c9000,0x00007fc5f15ca000)]
  0x00007fc628bc2800 JavaThread "C2 CompilerThread0" daemon [_thread_blocked, id=23826, stack(0x00007fc5f15ca000,0x00007fc5f16cb000)]
  0x00007fc628208000 JavaThread "Signal Dispatcher" daemon [_thread_blocked, id=23823, stack(0x00007fc5f250f000,0x00007fc5f2610000)]
  0x00007fc6281d4000 JavaThread "Finalizer" daemon [_thread_blocked, id=23821, stack(0x00007fc5f28e9000,0x00007fc5f29ea000)]
  0x00007fc6281cf800 JavaThread "Reference Handler" daemon [_thread_blocked, id=23820, stack(0x00007fc5f29ea000,0x00007fc5f2aeb000)]
  0x00007fc62800b000 JavaThread "main" [_thread_blocked, id=23810, stack(0x00007fc630645000,0x00007fc630746000)]

Other Threads:
=>0x00007fc6281c8000 VMThread [stack: 0x00007fc5f2aeb000,0x00007fc5f2bec000] [id=23819]
  0x00007fc628bda800 WatcherThread [stack: 0x00007fc5f10c5000,0x00007fc5f11c6000] [id=23831]

VM state:at safepoint (normal execution)

VM Mutex/Monitor currently owned by a thread:  ([mutex/lock_event])
[0x00007fc628007290] Threads_lock - owner thread: 0x00007fc6281c8000
[0x00007fc628007790] Heap_lock - owner thread: 0x00007fc62800b000

Heap:
 PSYoungGen      total 310784K, used 10229K [0x00000000d7000000, 0x00000000ea980000, 0x0000000100000000)
  eden space 300544K, 0% used [0x00000000d7000000,0x00000000d7000000,0x00000000e9580000)
  from space 10240K, 99% used [0x00000000e9580000,0x00000000e9f7d430,0x00000000e9f80000)
  to   space 9216K, 0% used [0x00000000ea080000,0x00000000ea080000,0x00000000ea980000)
 ParOldGen       total 67584K, used 17547K [0x0000000085000000, 0x0000000089200000, 0x00000000d7000000)
  object space 67584K, 25% used [0x0000000085000000,0x0000000086122ea8,0x0000000089200000)
 Metaspace       used 45649K, capacity 45942K, committed 46208K, reserved 1089536K
  class space    used 5110K, capacity 5195K, committed 5248K, reserved 1048576K

Card table byte_map: [0x00007fc62ce12000,0x00007fc62d1eb000] byte_map_base: 0x00007fc62c9ea000

Marking Bits: (ParMarkBitMap*) 0x00007fc62fb1e220
 Begin Bits: [0x00007fc5f8280000, 0x00007fc5fa140000)
 End Bits:   [0x00007fc5fa140000, 0x00007fc5fc000000)

Polling page: 0x00007fc63076d000

CodeCache: size=245760Kb used=15324Kb max_used=15358Kb free=230435Kb
 bounds [0x00007fc619000000, 0x00007fc619f20000, 0x00007fc628000000]
 total_blobs=4636 nmethods=4135 adapters=414
 compilation: enabled

Compilation events (10 events):
Event: 12,881 Thread 0x00007fc628bc0000 4701       4       sun.reflect.generics.parser.SignatureParser::parseIdentifier (115 bytes)
Event: 12,896 Thread 0x00007fc628bc0000 nmethod 4701 0x00007fc619ebd310 code [0x00007fc619ebd580, 0x00007fc619ebe058]
Event: 12,896 Thread 0x00007fc628bc0000 4707       4       java.lang.Character::isWhitespace (5 bytes)
Event: 12,897 Thread 0x00007fc628bc0000 nmethod 4707 0x00007fc619ebf650 code [0x00007fc619ebf880, 0x00007fc619ebf9d8]
Event: 12,897 Thread 0x00007fc628bc0000 4704       4       org.hibernate.annotations.common.reflection.java.JavaXAnnotatedElement::getAnnotationReader (20 bytes)
Event: 12,898 Thread 0x00007fc628bc0000 nmethod 4704 0x00007fc619ebf250 code [0x00007fc619ebf3c0, 0x00007fc619ebf4c8]
Event: 16,491 Thread 0x00007fc628bc2800 nmethod 4686 0x00007fc619edab90 code [0x00007fc619edba60, 0x00007fc619ee4a28]
Event: 16,492 Thread 0x00007fc628bc4000 nmethod 4685 0x00007fc619efbe90 code [0x00007fc619efccc0, 0x00007fc619f063a8]
Event: 17,077 Thread 0x00007fc628bc0000 4708       4       org.jacoco.agent.rt.internal_6da5971.asm.ClassWriter::visit (121 bytes)
Event: 17,157 Thread 0x00007fc628bc0000 nmethod 4708 0x00007fc619ed4810 code [0x00007fc619ed4b60, 0x00007fc619ed6638]

GC Heap History (10 events):
Event: 6,018 GC heap after
Heap after GC invocations=10 (full 0):
 PSYoungGen      total 209920K, used 2212K [0x00000000d7000000, 0x00000000e4500000, 0x0000000100000000)
  eden space 201728K, 0% used [0x00000000d7000000,0x00000000d7000000,0x00000000e3500000)
  from space 8192K, 27% used [0x00000000e3d00000,0x00000000e3f29398,0x00000000e4500000)
  to   space 8192K, 0% used [0x00000000e3500000,0x00000000e3500000,0x00000000e3d00000)
 ParOldGen       total 84992K, used 10920K [0x0000000085000000, 0x000000008a300000, 0x00000000d7000000)
  object space 84992K, 12% used [0x0000000085000000,0x0000000085aaa0c8,0x000000008a300000)
 Metaspace       used 20978K, capacity 21108K, committed 21296K, reserved 1069056K
  class space    used 2289K, capacity 2332K, committed 2432K, reserved 1048576K
}
Event: 6,018 GC heap before
{Heap before GC invocations=11 (full 1):
 PSYoungGen      total 209920K, used 2212K [0x00000000d7000000, 0x00000000e4500000, 0x0000000100000000)
  eden space 201728K, 0% used [0x00000000d7000000,0x00000000d7000000,0x00000000e3500000)
  from space 8192K, 27% used [0x00000000e3d00000,0x00000000e3f29398,0x00000000e4500000)
  to   space 8192K, 0% used [0x00000000e3500000,0x00000000e3500000,0x00000000e3d00000)
 ParOldGen       total 84992K, used 10920K [0x0000000085000000, 0x000000008a300000, 0x00000000d7000000)
  object space 84992K, 12% used [0x0000000085000000,0x0000000085aaa0c8,0x000000008a300000)
 Metaspace       used 20978K, capacity 21108K, committed 21296K, reserved 1069056K
  class space    used 2289K, capacity 2332K, committed 2432K, reserved 1048576K
Event: 6,044 GC heap after
Heap after GC invocations=11 (full 1):
 PSYoungGen      total 209920K, used 0K [0x00000000d7000000, 0x00000000e4500000, 0x0000000100000000)
  eden space 201728K, 0% used [0x00000000d7000000,0x00000000d7000000,0x00000000e3500000)
  from space 8192K, 0% used [0x00000000e3d00000,0x00000000e3d00000,0x00000000e4500000)
  to   space 8192K, 0% used [0x00000000e3500000,0x00000000e3500000,0x00000000e3d00000)
 ParOldGen       total 48128K, used 7205K [0x0000000085000000, 0x0000000087f00000, 0x00000000d7000000)
  object space 48128K, 14% used [0x0000000085000000,0x00000000857094c8,0x0000000087f00000)
 Metaspace       used 20978K, capacity 21108K, committed 21296K, reserved 1069056K
  class space    used 2289K, capacity 2332K, committed 2432K, reserved 1048576K
}
Event: 8,042 GC heap before
{Heap before GC invocations=12 (full 1):
 PSYoungGen      total 209920K, used 201728K [0x00000000d7000000, 0x00000000e4500000, 0x0000000100000000)
  eden space 201728K, 100% used [0x00000000d7000000,0x00000000e3500000,0x00000000e3500000)
  from space 8192K, 0% used [0x00000000e3d00000,0x00000000e3d00000,0x00000000e4500000)
  to   space 8192K, 0% used [0x00000000e3500000,0x00000000e3500000,0x00000000e3d00000)
 ParOldGen       total 48128K, used 7205K [0x0000000085000000, 0x0000000087f00000, 0x00000000d7000000)
  object space 48128K, 14% used [0x0000000085000000,0x00000000857094c8,0x0000000087f00000)
 Metaspace       used 27644K, capacity 27832K, committed 28032K, reserved 1075200K
  class space    used 3089K, capacity 3138K, committed 3200K, reserved 1048576K
Event: 8,070 GC heap after
Heap after GC invocations=12 (full 1):
 PSYoungGen      total 209920K, used 8180K [0x00000000d7000000, 0x00000000eaa00000, 0x0000000100000000)
  eden space 201728K, 0% used [0x00000000d7000000,0x00000000d7000000,0x00000000e3500000)
  from space 8192K, 99% used [0x00000000e3500000,0x00000000e3cfd1e8,0x00000000e3d00000)
  to   space 9728K, 0% used [0x00000000ea080000,0x00000000ea080000,0x00000000eaa00000)
 ParOldGen       total 48128K, used 8774K [0x0000000085000000, 0x0000000087f00000, 0x00000000d7000000)
  object space 48128K, 18% used [0x0000000085000000,0x0000000085891800,0x0000000087f00000)
 Metaspace       used 27644K, capacity 27832K, committed 28032K, reserved 1075200K
  class space    used 3089K, capacity 3138K, committed 3200K, reserved 1048576K
}
Event: 10,005 GC heap before
{Heap before GC invocations=13 (full 1):
 PSYoungGen      total 209920K, used 201493K [0x00000000d7000000, 0x00000000eaa00000, 0x0000000100000000)
  eden space 201728K, 95% used [0x00000000d7000000,0x00000000e2cc84c8,0x00000000e3500000)
  from space 8192K, 99% used [0x00000000e3500000,0x00000000e3cfd1e8,0x00000000e3d00000)
  to   space 9728K, 0% used [0x00000000ea080000,0x00000000ea080000,0x00000000eaa00000)
 ParOldGen       total 48128K, used 8774K [0x0000000085000000, 0x0000000087f00000, 0x00000000d7000000)
  object space 48128K, 18% used [0x0000000085000000,0x0000000085891800,0x0000000087f00000)
 Metaspace       used 35023K, capacity 35226K, committed 35496K, reserved 1081344K
  class space    used 3942K, capacity 4001K, committed 4096K, reserved 1048576K
Event: 10,031 GC heap after
Heap after GC invocations=13 (full 1):
 PSYoungGen      total 309760K, used 7722K [0x00000000d7000000, 0x00000000ea980000, 0x0000000100000000)
  eden space 300544K, 0% used [0x00000000d7000000,0x00000000d7000000,0x00000000e9580000)
  from space 9216K, 83% used [0x00000000ea080000,0x00000000ea80abc0,0x00000000ea980000)
  to   space 10240K, 0% used [0x00000000e9580000,0x00000000e9580000,0x00000000e9f80000)
 ParOldGen       total 48128K, used 11507K [0x0000000085000000, 0x0000000087f00000, 0x00000000d7000000)
  object space 48128K, 23% used [0x0000000085000000,0x0000000085b3cee8,0x0000000087f00000)
 Metaspace       used 35023K, capacity 35226K, committed 35496K, reserved 1081344K
  class space    used 3942K, capacity 4001K, committed 4096K, reserved 1048576K
}
Event: 10,031 GC heap before
{Heap before GC invocations=14 (full 2):
 PSYoungGen      total 309760K, used 7722K [0x00000000d7000000, 0x00000000ea980000, 0x0000000100000000)
  eden space 300544K, 0% used [0x00000000d7000000,0x00000000d7000000,0x00000000e9580000)
  from space 9216K, 83% used [0x00000000ea080000,0x00000000ea80abc0,0x00000000ea980000)
  to   space 10240K, 0% used [0x00000000e9580000,0x00000000e9580000,0x00000000e9f80000)
 ParOldGen       total 48128K, used 11507K [0x0000000085000000, 0x0000000087f00000, 0x00000000d7000000)
  object space 48128K, 23% used [0x0000000085000000,0x0000000085b3cee8,0x0000000087f00000)
 Metaspace       used 35023K, capacity 35226K, committed 35496K, reserved 1081344K
  class space    used 3942K, capacity 4001K, committed 4096K, reserved 1048576K
Event: 10,067 GC heap after
Heap after GC invocations=14 (full 2):
 PSYoungGen      total 309760K, used 0K [0x00000000d7000000, 0x00000000ea980000, 0x0000000100000000)
  eden space 300544K, 0% used [0x00000000d7000000,0x00000000d7000000,0x00000000e9580000)
  from space 9216K, 0% used [0x00000000ea080000,0x00000000ea080000,0x00000000ea980000)
  to   space 10240K, 0% used [0x00000000e9580000,0x00000000e9580000,0x00000000e9f80000)
 ParOldGen       total 67584K, used 15864K [0x0000000085000000, 0x0000000089200000, 0x00000000d7000000)
  object space 67584K, 23% used [0x0000000085000000,0x0000000085f7e320,0x0000000089200000)
 Metaspace       used 35023K, capacity 35226K, committed 35496K, reserved 1081344K
  class space    used 3942K, capacity 4001K, committed 4096K, reserved 1048576K
}
Event: 17,588 GC heap before
{Heap before GC invocations=15 (full 2):
 PSYoungGen      total 309760K, used 300544K [0x00000000d7000000, 0x00000000ea980000, 0x0000000100000000)
  eden space 300544K, 100% used [0x00000000d7000000,0x00000000e9580000,0x00000000e9580000)
  from space 9216K, 0% used [0x00000000ea080000,0x00000000ea080000,0x00000000ea980000)
  to   space 10240K, 0% used [0x00000000e9580000,0x00000000e9580000,0x00000000e9f80000)
 ParOldGen       total 67584K, used 15864K [0x0000000085000000, 0x0000000089200000, 0x00000000d7000000)
  object space 67584K, 23% used [0x0000000085000000,0x0000000085f7e320,0x0000000089200000)
 Metaspace       used 45649K, capacity 45942K, committed 46208K, reserved 1089536K
  class space    used 5110K, capacity 5195K, committed 5248K, reserved 1048576K

Deoptimization events (10 events):
Event: 12,327 Thread 0x00007fc62800b000 Uncommon trap: reason=unstable_if action=reinterpret pc=0x00007fc619885350 method=java.util.StringTokenizer.scanToken(I)I @ 96
Event: 12,327 Thread 0x00007fc62800b000 Uncommon trap: reason=unstable_if action=reinterpret pc=0x00007fc6194e51e4 method=java.util.StringTokenizer.scanToken(I)I @ 96
Event: 12,336 Thread 0x00007fc6297da000 Uncommon trap: reason=null_check action=make_not_entrant pc=0x00007fc61996c2e8 method=java.lang.StringCoding.deref(Ljava/lang/ThreadLocal;)Ljava/lang/Object; @ 4
Event: 12,488 Thread 0x00007fc62800b000 Uncommon trap: reason=unstable_if action=reinterpret pc=0x00007fc619149c60 method=java.lang.CharacterData.of(I)Ljava/lang/CharacterData; @ 4
Event: 12,499 Thread 0x00007fc62800b000 Uncommon trap: reason=unstable_if action=reinterpret pc=0x00007fc61999e0ec method=sun.misc.Launcher$AppClassLoader.loadClass(Ljava/lang/String;Z)Ljava/lang/Class; @ 9
Event: 12,499 Thread 0x00007fc62800b000 Uncommon trap: reason=unstable_if action=reinterpret pc=0x00007fc619369384 method=sun.misc.Launcher$AppClassLoader.loadClass(Ljava/lang/String;Z)Ljava/lang/Class; @ 9
Event: 12,499 Thread 0x00007fc62800b000 Uncommon trap: reason=unstable_if action=reinterpret pc=0x00007fc619243578 method=sun.misc.Launcher$AppClassLoader.loadClass(Ljava/lang/String;Z)Ljava/lang/Class; @ 9
Event: 12,589 Thread 0x00007fc62800b000 Uncommon trap: reason=unstable_if action=reinterpret pc=0x00007fc61987630c method=java.lang.String.indexOf([CII[CIII)I @ 27
Event: 12,590 Thread 0x00007fc62800b000 Uncommon trap: reason=unstable_if action=reinterpret pc=0x00007fc61977b424 method=java.lang.String.indexOf([CII[CIII)I @ 27
Event: 12,794 Thread 0x00007fc62800b000 Uncommon trap: reason=bimorphic action=maybe_recompile pc=0x00007fc619cfab0c method=java.util.AbstractCollection.addAll(Ljava/util/Collection;)Z @ 29

Internal exceptions (10 events):
Event: 9,491 Thread 0x00007fc62800b000 Implicit null exception at 0x00007fc6197f3835 to 0x00007fc6197f3a59
Event: 9,751 Thread 0x00007fc62800b000 Implicit null exception at 0x00007fc6195aacbb to 0x00007fc6195ab13d
Event: 10,196 Thread 0x00007fc62800b000 Exception <a 'java/lang/NullPointerException'> (0x00000000d81203d0) thrown at [/HUDSON3/workspace/8-2-build-linux-amd64/jdk8u111/7883/hotspot/src/share/vm/runtime/reflection.cpp, line 922]
Event: 11,042 Thread 0x00007fc62800b000 Exception <a 'java/security/PrivilegedActionException'> (0x00000000dcd0a160) thrown at [/HUDSON3/workspace/8-2-build-linux-amd64/jdk8u111/7883/hotspot/src/share/vm/prims/jvm.cpp, line 1386]
Event: 11,042 Thread 0x00007fc62800b000 Exception <a 'java/security/PrivilegedActionException'> (0x00000000dcd0a740) thrown at [/HUDSON3/workspace/8-2-build-linux-amd64/jdk8u111/7883/hotspot/src/share/vm/prims/jvm.cpp, line 1386]
Event: 11,043 Thread 0x00007fc62800b000 Exception <a 'java/security/PrivilegedActionException'> (0x00000000dcd19e80) thrown at [/HUDSON3/workspace/8-2-build-linux-amd64/jdk8u111/7883/hotspot/src/share/vm/prims/jvm.cpp, line 1386]
Event: 11,043 Thread 0x00007fc62800b000 Exception <a 'java/security/PrivilegedActionException'> (0x00000000dcd1a460) thrown at [/HUDSON3/workspace/8-2-build-linux-amd64/jdk8u111/7883/hotspot/src/share/vm/prims/jvm.cpp, line 1386]
Event: 11,048 Thread 0x00007fc62800b000 Exception <a 'java/security/PrivilegedActionException'> (0x00000000dce31ea0) thrown at [/HUDSON3/workspace/8-2-build-linux-amd64/jdk8u111/7883/hotspot/src/share/vm/prims/jvm.cpp, line 1386]
Event: 11,048 Thread 0x00007fc62800b000 Exception <a 'java/security/PrivilegedActionException'> (0x00000000dce32480) thrown at [/HUDSON3/workspace/8-2-build-linux-amd64/jdk8u111/7883/hotspot/src/share/vm/prims/jvm.cpp, line 1386]
Event: 12,336 Thread 0x00007fc6297da000 Implicit null exception at 0x00007fc61996bcce to 0x00007fc61996c2d1

Events (10 events):
Event: 17,586 loading class org/hibernate/jpa/internal/metamodel/SingularAttributeImpl$Version done
Event: 17,587 loading class org/hibernate/jpa/internal/metamodel/AttributeFactory$MemberResolver
Event: 17,587 loading class org/hibernate/jpa/internal/metamodel/AttributeFactory$MemberResolver done
Event: 17,587 loading class org/hibernate/jpa/internal/metamodel/AttributeFactory$AttributeContext
Event: 17,587 loading class org/hibernate/jpa/internal/metamodel/AttributeFactory$AttributeContext done
Event: 17,588 loading class org/hibernate/jpa/internal/EntityManagerMessageLogger_$logger_en_US
Event: 17,588 loading class org/hibernate/jpa/internal/EntityManagerMessageLogger_$logger_en_US done
Event: 17,588 loading class org/hibernate/jpa/internal/EntityManagerMessageLogger_$logger_en
Event: 17,588 loading class org/hibernate/jpa/internal/EntityManagerMessageLogger_$logger_en done
Event: 17,588 Executing VM operation: ParallelGCFailedAllocation


Dynamic libraries:
00400000-00401000 r-xp 00000000 08:02 298814                             /opt/java/jdk1.8.0_111/jre/bin/java
00600000-00601000 rw-p 00000000 08:02 298814                             /opt/java/jdk1.8.0_111/jre/bin/java
007fe000-0081f000 rw-p 00000000 00:00 0                                  [heap]
85000000-89200000 rw-p 00000000 00:00 0 
89200000-d7000000 ---p 00000000 00:00 0 
d7000000-ea980000 rw-p 00000000 00:00 0 
f2780000-100000000 ---p 00000000 00:00 0 
100000000-100520000 rw-p 00000000 00:00 0 
100520000-140000000 ---p 00000000 00:00 0 
7fc5b8000000-7fc5b8021000 rw-p 00000000 00:00 0 
7fc5b8021000-7fc5bc000000 ---p 00000000 00:00 0 
7fc5c0000000-7fc5c0021000 rw-p 00000000 00:00 0 
7fc5c0021000-7fc5c4000000 ---p 00000000 00:00 0 
7fc5c4000000-7fc5c4021000 rw-p 00000000 00:00 0 
7fc5c4021000-7fc5c8000000 ---p 00000000 00:00 0 
7fc5cabf5000-7fc5cadf5000 rw-p 00000000 00:00 0 
7fc5cadf5000-7fc5cadf8000 ---p 00000000 00:00 0 
7fc5cadf8000-7fc5cb0f6000 rw-p 00000000 00:00 0 
7fc5cb0f6000-7fc5cb2f6000 rw-p 00000000 00:00 0 
7fc5cb2f6000-7fc5cb4f6000 rw-p 00000000 00:00 0 
7fc5cb4f6000-7fc5cb6f6000 rw-p 00000000 00:00 0 
7fc5cb6f6000-7fc5cb8f6000 rw-p 00000000 00:00 0 
7fc5cb8f6000-7fc5cbaf6000 rw-p 00000000 00:00 0 
7fc5cbaf6000-7fc5cbcf6000 rw-p 00000000 00:00 0 
7fc5cbcf6000-7fc5cbcf9000 ---p 00000000 00:00 0 
7fc5cbcf9000-7fc5cbdf7000 rw-p 00000000 00:00 0 
7fc5cbdf7000-7fc5cbe00000 r-xp 00000000 08:02 298575                     /opt/java/jdk1.8.0_111/jre/lib/amd64/libmanagement.so
7fc5cbe00000-7fc5cbfff000 ---p 00009000 08:02 298575                     /opt/java/jdk1.8.0_111/jre/lib/amd64/libmanagement.so
7fc5cbfff000-7fc5cc000000 rw-p 00008000 08:02 298575                     /opt/java/jdk1.8.0_111/jre/lib/amd64/libmanagement.so
7fc5cc000000-7fc5cc73d000 rw-p 00000000 00:00 0 
7fc5cc73d000-7fc5d0000000 ---p 00000000 00:00 0 
7fc5d0000000-7fc5d0021000 rw-p 00000000 00:00 0 
7fc5d0021000-7fc5d4000000 ---p 00000000 00:00 0 
7fc5d4000000-7fc5d5335000 rw-p 00000000 00:00 0 
7fc5d5335000-7fc5d8000000 ---p 00000000 00:00 0 
7fc5d8000000-7fc5d9bef000 rw-p 00000000 00:00 0 
7fc5d9bef000-7fc5dc000000 ---p 00000000 00:00 0 
7fc5dc000000-7fc5dc021000 rw-p 00000000 00:00 0 
7fc5dc021000-7fc5e0000000 ---p 00000000 00:00 0 
7fc5e0000000-7fc5e1eb1000 rw-p 00000000 00:00 0 
7fc5e1eb1000-7fc5e4000000 ---p 00000000 00:00 0 
7fc5e4000000-7fc5e4021000 rw-p 00000000 00:00 0 
7fc5e4021000-7fc5e8000000 ---p 00000000 00:00 0 
7fc5e8000000-7fc5e8021000 rw-p 00000000 00:00 0 
7fc5e8021000-7fc5ec000000 ---p 00000000 00:00 0 
7fc5ec000000-7fc5ec28e000 rw-p 00000000 00:00 0 
7fc5ec28e000-7fc5f0000000 ---p 00000000 00:00 0 
7fc5f00c3000-7fc5f02c3000 rw-p 00000000 00:00 0 
7fc5f02c3000-7fc5f04c3000 rw-p 00000000 00:00 0 
7fc5f04c3000-7fc5f06c3000 rw-p 00000000 00:00 0 
7fc5f06c3000-7fc5f08c3000 rw-p 00000000 00:00 0 
7fc5f08c3000-7fc5f0ac3000 rw-p 00000000 00:00 0 
7fc5f0ac3000-7fc5f0cc3000 rw-p 00000000 00:00 0 
7fc5f0cc3000-7fc5f0ec3000 rw-p 00000000 00:00 0 
7fc5f0ec3000-7fc5f10c3000 rw-p 00000000 00:00 0 
7fc5f10c3000-7fc5f10c5000 r--s 00007000 08:02 338328                     /home/nataniel/.m2/repository/org/apache/maven/surefire/surefire-junit4/2.10/surefire-junit4-2.10.jar
7fc5f10c5000-7fc5f10c6000 ---p 00000000 00:00 0 
7fc5f10c6000-7fc5f11c6000 rw-p 00000000 00:00 0 
7fc5f11c6000-7fc5f11c9000 ---p 00000000 00:00 0 
7fc5f11c9000-7fc5f12c7000 rw-p 00000000 00:00 0 
7fc5f12c7000-7fc5f12ca000 ---p 00000000 00:00 0 
7fc5f12ca000-7fc5f13c8000 rw-p 00000000 00:00 0 
7fc5f13c8000-7fc5f13cb000 ---p 00000000 00:00 0 
7fc5f13cb000-7fc5f14c9000 rw-p 00000000 00:00 0 
7fc5f14c9000-7fc5f14cc000 ---p 00000000 00:00 0 
7fc5f14cc000-7fc5f15ca000 rw-p 00000000 00:00 0 
7fc5f15ca000-7fc5f15cd000 ---p 00000000 00:00 0 
7fc5f15cd000-7fc5f16cb000 rw-p 00000000 00:00 0 
7fc5f16cb000-7fc5f16dc000 r-xp 00000000 08:02 298564                     /opt/java/jdk1.8.0_111/jre/lib/amd64/libnio.so
7fc5f16dc000-7fc5f18db000 ---p 00011000 08:02 298564                     /opt/java/jdk1.8.0_111/jre/lib/amd64/libnio.so
7fc5f18db000-7fc5f18dc000 rw-p 00010000 08:02 298564                     /opt/java/jdk1.8.0_111/jre/lib/amd64/libnio.so
7fc5f18dc000-7fc5f1bdd000 rw-p 00000000 00:00 0 
7fc5f1bdd000-7fc5f1bf3000 r-xp 00000000 08:02 298539                     /opt/java/jdk1.8.0_111/jre/lib/amd64/libnet.so
7fc5f1bf3000-7fc5f1df3000 ---p 00016000 08:02 298539                     /opt/java/jdk1.8.0_111/jre/lib/amd64/libnet.so
7fc5f1df3000-7fc5f1df4000 rw-p 00016000 08:02 298539                     /opt/java/jdk1.8.0_111/jre/lib/amd64/libnet.so
7fc5f1df4000-7fc5f1df7000 r--s 0001a000 08:02 298793                     /opt/java/jdk1.8.0_111/jre/lib/jce.jar
7fc5f1df7000-7fc5f1dfb000 r--s 00097000 08:02 298483                     /opt/java/jdk1.8.0_111/jre/lib/jsse.jar
7fc5f1dfb000-7fc5f1e01000 r--s 0003d000 08:02 333909                     /home/nataniel/.m2/repository/org/jacoco/org.jacoco.agent/0.7.7.201606060606/org.jacoco.agent-0.7.7.201606060606-runtime.jar
7fc5f1e01000-7fc5f1e0d000 r--s 00071000 08:02 377319                     /home/nataniel/.m2/repository/org/modelmapper/modelmapper/0.7.5/modelmapper-0.7.5.jar
7fc5f1e0d000-7fc5f1e11000 r--s 00024000 08:02 340226                     /home/nataniel/.m2/repository/com/orientechnologies/orientdb-client/2.2.7/orientdb-client-2.2.7.jar
7fc5f1e11000-7fc5f1e15000 r--s 0002f000 08:02 340219                     /home/nataniel/.m2/repository/commons-beanutils/commons-beanutils-core/1.8.0/commons-beanutils-core-1.8.0.jar
7fc5f1e15000-7fc5f1e19000 r--s 00020000 08:02 340218                     /home/nataniel/.m2/repository/commons-digester/commons-digester/1.8/commons-digester-1.8.jar
7fc5f1e19000-7fc5f1e1f000 r--s 00043000 08:02 340214                     /home/nataniel/.m2/repository/commons-configuration/commons-configuration/1.6/commons-configuration-1.6.jar
7fc5f1e1f000-7fc5f1e38000 r--s 00127000 08:02 340213                     /home/nataniel/.m2/repository/com/carrotsearch/hppc/0.6.0/hppc-0.6.0.jar
7fc5f1e38000-7fc5f1e3a000 r--s 00005000 08:02 340212                     /home/nataniel/.m2/repository/stax/stax-api/1.0.1/stax-api-1.0.1.jar
7fc5f1e3a000-7fc5f1e3c000 r--s 00012000 08:02 340211                     /home/nataniel/.m2/repository/org/codehaus/jettison/jettison/1.3.3/jettison-1.3.3.jar
7fc5f1e3c000-7fc5f1e43000 r--s 0003c000 08:02 340207                     /home/nataniel/.m2/repository/com/tinkerpop/blueprints/blueprints-core/2.6.0/blueprints-core-2.6.0.jar
7fc5f1e43000-7fc5f1e47000 r--s 00019000 08:02 340205                     /home/nataniel/.m2/repository/com/googlecode/concurrentlinkedhashmap/concurrentlinkedhashmap-lru/1.4.1/concurrentlinkedhashmap-lru-1.4.1.jar
7fc5f1e47000-7fc5f1e4a000 r--s 00067000 08:02 340202                     /home/nataniel/.m2/repository/org/xerial/snappy/snappy-java/1.1.0.1/snappy-java-1.1.0.1.jar
7fc5f1e4a000-7fc5f1e85000 r--s 00336000 08:02 340198                     /home/nataniel/.m2/repository/com/orientechnologies/orientdb-core/2.2.7/orientdb-core-2.2.7.jar
7fc5f1e85000-7fc5f1e88000 r--s 0001c000 08:02 340197                     /home/nataniel/.m2/repository/com/orientechnologies/orientdb-tools/2.2.7/orientdb-tools-2.2.7.jar
7fc5f1e88000-7fc5f1e91000 r--s 00071000 08:02 340195                     /home/nataniel/.m2/repository/com/orientechnologies/orientdb-server/2.2.7/orientdb-server-2.2.7.jar
7fc5f1e91000-7fc5f1e97000 r--s 00049000 08:02 340196                     /home/nataniel/.m2/repository/com/orientechnologies/orientdb-graphdb/2.2.7/orientdb-graphdb-2.2.7.jar
7fc5f1e97000-7fc5f1e99000 r--s 0000b000 08:02 340191                     /home/nataniel/.m2/repository/com/orientechnologies/orientdb-jdbc/2.2.7/orientdb-jdbc-2.2.7.jar
7fc5f1e99000-7fc5f1e9a000 r--s 00002000 08:02 340190                     /home/nataniel/.m2/repository/org/slf4j/slf4j-log4j12/1.7.21/slf4j-log4j12-1.7.21.jar
7fc5f1e9a000-7fc5f1e9d000 r--s 00012000 08:02 340189                     /home/nataniel/.m2/repository/commons-httpclient/commons-httpclient/20020423/commons-httpclient-20020423.jar
7fc5f1e9d000-7fc5f1e9f000 r--s 0001e000 08:02 340184                     /home/nataniel/.m2/repository/org/codehaus/groovy/groovy-json/2.3.9/groovy-json-2.3.9.jar
7fc5f1e9f000-7fc5f1ea3000 r--s 00034000 08:02 340183                     /home/nataniel/.m2/repository/org/codehaus/groovy/groovy-xml/2.3.9/groovy-xml-2.3.9.jar
7fc5f1ea3000-7fc5f1eed000 r--s 00406000 08:02 340181                     /home/nataniel/.m2/repository/org/codehaus/groovy/groovy/2.3.9/groovy-2.3.9.jar
7fc5f1eed000-7fc5f1f01000 r--s 001bf000 08:02 340180                     /home/nataniel/.m2/repository/com/predic8/soa-model-core/1.5.0/soa-model-core-1.5.0.jar
7fc5f1f01000-7fc5f1f06000 r--s 00034000 08:02 340177                     /home/nataniel/.m2/repository/com/google/code/gson/gson/2.5/gson-2.5.jar
7fc5f1f06000-7fc5f1f09000 r--s 00011000 08:02 340175                     /home/nataniel/.m2/repository/commons-dbutils/commons-dbutils/1.6/commons-dbutils-1.6.jar
7fc5f1f09000-7fc5f1f0c000 r--s 00018000 08:02 340172                     /home/nataniel/.m2/repository/org/apache/commons/commons-pool2/2.3/commons-pool2-2.3.jar
7fc5f1f0c000-7fc5f1f18000 r--s 00077000 08:02 340171                     /home/nataniel/.m2/repository/redis/clients/jedis/2.8.0/jedis-2.8.0.jar
7fc5f1f18000-7fc5f1f43000 r--s 001fc000 08:02 340169                     /home/nataniel/.m2/repository/com/google/guava/guava/18.0/guava-18.0.jar
7fc5f1f43000-7fc5f1f54000 r--s 00155000 08:02 340167                     /home/nataniel/.m2/repository/net/java/dev/jna/jna-platform/4.1.0/jna-platform-4.1.0.jar
7fc5f1f54000-7fc5f1f58000 r--s 000dc000 08:02 340164                     /home/nataniel/.m2/repository/net/java/dev/jna/jna/4.1.0/jna-4.1.0.jar
7fc5f1f58000-7fc5f1f5a000 r--s 0000d000 08:02 340161                     /home/nataniel/.m2/repository/com/github/dblock/waffle/waffle-jna/1.7/waffle-jna-1.7.jar
7fc5f1f5a000-7fc5f1f62000 r--s 00097000 08:02 340162                     /home/nataniel/.m2/repository/org/postgresql/postgresql/9.4-1200-jdbc41/postgresql-9.4-1200-jdbc41.jar
7fc5f1f62000-7fc5f1f6c000 r--s 000e7000 08:02 340163                     /home/nataniel/.m2/repository/mysql/mysql-connector-java/5.1.38/mysql-connector-java-5.1.38.jar
7fc5f1f6c000-7fc5f1f6f000 r--s 00012000 08:02 340158                     /home/nataniel/.m2/repository/com/codahale/metrics/metrics-core/3.0.2/metrics-core-3.0.2.jar
7fc5f1f6f000-7fc5f1f87000 r--s 00115000 08:02 340153                     /home/nataniel/.m2/repository/io/netty/netty/3.9.0.Final/netty-3.9.0.Final.jar
7fc5f1f87000-7fc5f1f92000 r--s 00089000 08:02 340154                     /home/nataniel/.m2/repository/com/datastax/cassandra/cassandra-driver-core/2.1.1/cassandra-driver-core-2.1.1.jar
7fc5f1f92000-7fc5f1f94000 r--s 00003000 08:02 340155                     /home/nataniel/.m2/repository/org/apache/metamodel/MetaModel-cassandra/4.3.4/MetaModel-cassandra-4.3.4.jar
7fc5f1f94000-7fc5f1f96000 r--s 00008000 08:02 340148                     /home/nataniel/.m2/repository/org/ow2/asm/asm-commons/4.1/asm-commons-4.1.jar
7fc5f1f96000-7fc5f1f97000 r--s 0000b000 08:02 340147                     /home/nataniel/.m2/repository/org/ow2/asm/asm/4.1/asm-4.1.jar
7fc5f1f97000-7fc5f1f9a000 r--s 00026000 08:02 340146                     /home/nataniel/.m2/repository/org/antlr/antlr-runtime/3.5/antlr-runtime-3.5.jar
7fc5f1f9a000-7fc5f1f9c000 r--s 00017000 08:02 340145                     /home/nataniel/.m2/repository/com/spatial4j/spatial4j/0.4.1/spatial4j-0.4.1.jar
7fc5f1f9c000-7fc5f1f9f000 r--s 0001c000 08:02 340140                     /home/nataniel/.m2/repository/org/apache/lucene/lucene-spatial/4.10.3/lucene-spatial-4.10.3.jar
7fc5f1f9f000-7fc5f1fa2000 r--s 00018000 08:02 340139                     /home/nataniel/.m2/repository/org/apache/lucene/lucene-grouping/4.10.3/lucene-grouping-4.10.3.jar
7fc5f1fa2000-7fc5f1fa4000 r--s 0000e000 08:02 340138                     /home/nataniel/.m2/repository/org/apache/lucene/lucene-join/4.10.3/lucene-join-4.10.3.jar
7fc5f1fa4000-7fc5f1fa6000 r--s 00016000 08:02 340135                     /home/nataniel/.m2/repository/org/apache/lucene/lucene-misc/4.10.3/lucene-misc-4.10.3.jar
7fc5f1fa6000-7fc5f1fa9000 r--s 00029000 08:02 340133                     /home/nataniel/.m2/repository/org/apache/lucene/lucene-suggest/4.10.3/lucene-suggest-4.10.3.jar
7fc5f1fa9000-7fc5f1fac000 r--s 0001b000 08:02 340132                     /home/nataniel/.m2/repository/org/apache/lucene/lucene-sandbox/4.10.3/lucene-sandbox-4.10.3.jar
7fc5f1fac000-7fc5f1fb5000 r--s 00057000 08:02 340128                     /home/nataniel/.m2/repository/org/apache/lucene/lucene-queryparser/4.10.3/lucene-queryparser-4.10.3.jar
7fc5f1fb5000-7fc5f1fb8000 r--s 0001f000 08:02 340127                     /home/nataniel/.m2/repository/org/apache/lucene/lucene-highlighter/4.10.3/lucene-highlighter-4.10.3.jar
7fc5f1fb8000-7fc5f1fb9000 r--s 00008000 08:02 340124                     /home/nataniel/.m2/repository/org/apache/lucene/lucene-memory/4.10.3/lucene-memory-4.10.3.jar
7fc5f1fb9000-7fc5f20c5000 r--s 00bdc000 08:02 340114                     /home/nataniel/.m2/repository/org/elasticsearch/elasticsearch/1.4.4/elasticsearch-1.4.4.jar
7fc5f20c5000-7fc5f20c7000 r--s 00007000 08:02 340118                     /home/nataniel/.m2/repository/org/apache/metamodel/MetaModel-elasticsearch/4.3.4/MetaModel-elasticsearch-4.3.4.jar
7fc5f20c7000-7fc5f20d0000 r--s 000a4000 08:02 340113                     /home/nataniel/.m2/repository/hsqldb/hsqldb/1.8.0.10/hsqldb-1.8.0.10.jar
7fc5f20d0000-7fc5f20d1000 r--s 00002000 08:02 340116                     /home/nataniel/.m2/repository/org/apache/metamodel/MetaModel-openoffice/4.3.4/MetaModel-openoffice-4.3.4.jar
7fc5f20d1000-7fc5f20d2000 r--s 00002000 08:02 340112                     /home/nataniel/.m2/repository/net/sourceforge/findbugs/annotations/1.3.2/annotations-1.3.2.jar
7fc5f20d2000-7fc5f20d6000 r--s 00021000 08:02 340105                     /home/nataniel/.m2/repository/org/apache/httpcomponents/httpclient-cache/4.3/httpclient-cache-4.3.jar
7fc5f20d6000-7fc5f20dc000 r--s 00040000 08:02 340106                     /home/nataniel/.m2/repository/org/ektorp/org.ektorp/1.4.2/org.ektorp-1.4.2.jar
7fc5f20dc000-7fc5f20de000 r--s 00006000 08:02 340104                     /home/nataniel/.m2/repository/org/apache/metamodel/MetaModel-couchdb/4.3.4/MetaModel-couchdb-4.3.4.jar
7fc5f20de000-7fc5f20e1000 r--s 00019000 08:02 340100                     /home/nataniel/.m2/repository/commons-pool/commons-pool/1.6/commons-pool-1.6.jar
7fc5f20e1000-7fc5f20e3000 r--s 00014000 08:02 340103                     /home/nataniel/.m2/repository/org/apache/metamodel/MetaModel-jdbc/4.3.4/MetaModel-jdbc-4.3.4.jar
7fc5f20e3000-7fc5f2120000 r--s 0024f000 08:02 340095                     /home/nataniel/.m2/repository/org/apache/xmlbeans/xmlbeans/2.3.0/xmlbeans-2.3.0.jar
7fc5f2120000-7fc5f21b4000 r--s 00401000 08:02 340094                     /home/nataniel/.m2/repository/org/apache/poi/poi-ooxml-schemas/3.9/poi-ooxml-schemas-3.9.jar
7fc5f21b4000-7fc5f21d4000 r--s 001a9000 08:02 340091                     /home/nataniel/.m2/repository/org/apache/poi/poi/3.9/poi-3.9.jar
7fc5f21d4000-7fc5f21e0000 r--s 000d9000 08:02 340088                     /home/nataniel/.m2/repository/org/apache/poi/poi-ooxml/3.9/poi-ooxml-3.9.jar
7fc5f21e0000-7fc5f21e2000 r--s 0000d000 08:02 340087                     /home/nataniel/.m2/repository/org/apache/metamodel/MetaModel-excel/4.3.4/MetaModel-excel-4.3.4.jar
7fc5f21e2000-7fc5f21e6000 r--s 0001e000 08:02 340086                     /home/nataniel/.m2/repository/org/apache/metamodel/MetaModel-sugarcrm/4.3.4/MetaModel-sugarcrm-4.3.4.jar
7fc5f21e6000-7fc5f21ea000 r--s 00042000 08:02 340084                     /home/nataniel/.m2/repository/com/force/api/force-wsc/24.0.0/force-wsc-24.0.0.jar
7fc5f21ea000-7fc5f21f0000 r--s 00056000 08:02 340082                     /home/nataniel/.m2/repository/com/force/api/force-partner-api/24.0.0/force-partner-api-24.0.0.jar
7fc5f21f0000-7fc5f21f2000 r--s 00007000 08:02 340080                     /home/nataniel/.m2/repository/org/apache/metamodel/MetaModel-salesforce/4.3.4/MetaModel-salesforce-4.3.4.jar
7fc5f21f2000-7fc5f21f9000 r--s 00058000 08:02 340077                     /home/nataniel/.m2/repository/org/mongodb/mongo-java-driver/2.9.1/mongo-java-driver-2.9.1.jar
7fc5f21f9000-7fc5f21fa000 r--s 00006000 08:02 340075                     /home/nataniel/.m2/repository/org/apache/metamodel/MetaModel-mongodb/4.3.4/MetaModel-mongodb-4.3.4.jar
7fc5f21fa000-7fc5f21fc000 r--s 00003000 08:02 340078                     /home/nataniel/.m2/repository/org/apache/metamodel/MetaModel-fixedwidth/4.3.4/MetaModel-fixedwidth-4.3.4.jar
7fc5f21fc000-7fc5f21fe000 r--s 00003000 08:02 340069                     /home/nataniel/.m2/repository/net/sf/opencsv/opencsv/2.1/opencsv-2.1.jar
7fc5f21fe000-7fc5f2200000 r--s 00008000 08:02 340070                     /home/nataniel/.m2/repository/org/apache/metamodel/MetaModel-csv/4.3.4/MetaModel-csv-4.3.4.jar
7fc5f2200000-7fc5f2201000 r--s 00005000 08:02 340067                     /home/nataniel/.m2/repository/org/apache/metamodel/MetaModel-pojo/4.3.4/MetaModel-pojo-4.3.4.jar
7fc5f2201000-7fc5f2202000 r--s 00003000 08:02 340068                     /home/nataniel/.m2/repository/org/apache/metamodel/MetaModel-full/4.3.4/MetaModel-full-4.3.4.jar
7fc5f2202000-7fc5f2203000 r--s 00002000 08:02 340064                     /home/nataniel/.m2/repository/org/apache/metamodel/MetaModel-json/4.3.4/MetaModel-json-4.3.4.jar
7fc5f2203000-7fc5f2213000 r--s 000a1000 08:02 339579                     /home/nataniel/.m2/repository/org/springframework/spring-web/4.1.7.RELEASE/spring-web-4.1.7.RELEASE.jar
7fc5f2213000-7fc5f2214000 r--s 00007000 08:02 339577                     /home/nataniel/.m2/repository/org/apache/metamodel/MetaModel-xml/4.3.4/MetaModel-xml-4.3.4.jar
7fc5f2214000-7fc5f221d000 r--s 0005c000 08:02 339578                     /home/nataniel/.m2/repository/org/apache/metamodel/MetaModel-core/4.3.4/MetaModel-core-4.3.4.jar
7fc5f221d000-7fc5f2221000 r--s 0002a000 08:02 339575                     /home/nataniel/.m2/repository/wsdl4j/wsdl4j/1.6.3/wsdl4j-1.6.3.jar
7fc5f2221000-7fc5f2261000 r--s 00277000 08:02 339572                     /home/nataniel/.m2/repository/org/bouncycastle/bcprov-jdk15on/1.51/bcprov-jdk15on-1.51.jar
7fc5f2261000-7fc5f2264000 r--s 00028000 08:02 339571                     /home/nataniel/.m2/repository/com/nimbusds/nimbus-jose-jwt/3.1.2/nimbus-jose-jwt-3.1.2.jar
7fc5f2264000-7fc5f2265000 r--s 00002000 08:02 339570                     /home/nataniel/.m2/repository/com/nimbusds/lang-tag/1.4/lang-tag-1.4.jar
7fc5f2265000-7fc5f226c000 r--s 0005e000 08:02 339569                     /home/nataniel/.m2/repository/org/apache/commons/commons-lang3/3.3.1/commons-lang3-3.3.1.jar
7fc5f226c000-7fc5f226d000 r--s 00000000 08:02 339563                     /home/nataniel/.m2/repository/net/jcip/jcip-annotations/1.0/jcip-annotations-1.0.jar
7fc5f226d000-7fc5f2272000 r--s 00037000 08:02 339560                     /home/nataniel/.m2/repository/com/nimbusds/oauth2-oidc-sdk/4.5/oauth2-oidc-sdk-4.5.jar
7fc5f2272000-7fc5f2274000 r--s 0000f000 08:02 339561                     /home/nataniel/.m2/repository/com/microsoft/azure/adal4j/1.0.0/adal4j-1.0.0.jar
7fc5f2274000-7fc5f2275000 r--s 00000000 08:02 339559                     /home/nataniel/.m2/repository/javax/inject/javax.inject/1/javax.inject-1.jar
7fc5f2275000-7fc5f2276000 r--s 00006000 08:02 339558                     /home/nataniel/.m2/repository/org/codehaus/jackson/jackson-xc/1.9.2/jackson-xc-1.9.2.jar
7fc5f2276000-7fc5f2277000 r--s 00004000 08:02 339552                     /home/nataniel/.m2/repository/org/codehaus/jackson/jackson-jaxrs/1.9.2/jackson-jaxrs-1.9.2.jar
7fc5f2277000-7fc5f2279000 r--s 00004000 08:02 339550                     /home/nataniel/.m2/repository/javax/xml/stream/stax-api/1.0-2/stax-api-1.0-2.jar
7fc5f2279000-7fc5f227c000 r--s 00017000 08:02 339547                     /home/nataniel/.m2/repository/javax/xml/bind/jaxb-api/2.2.2/jaxb-api-2.2.2.jar
7fc5f227c000-7fc5f228f000 r--s 000c7000 08:02 339548                     /home/nataniel/.m2/repository/com/sun/xml/bind/jaxb-impl/2.2.3-1/jaxb-impl-2.2.3-1.jar
7fc5f228f000-7fc5f2293000 r--s 00024000 08:02 339528                     /home/nataniel/.m2/repository/com/sun/jersey/jersey-json/1.13/jersey-json-1.13.jar
7fc5f2293000-7fc5f229e000 r--s 00067000 08:02 339525                     /home/nataniel/.m2/repository/com/sun/jersey/jersey-core/1.13/jersey-core-1.13.jar
7fc5f229e000-7fc5f22a2000 r--s 0001d000 08:02 339522                     /home/nataniel/.m2/repository/com/sun/jersey/jersey-client/1.13/jersey-client-1.13.jar
7fc5f22a2000-7fc5f22aa000 r--s 00075000 08:02 339519                     /home/nataniel/.m2/repository/javax/mail/mail/1.4.5/mail-1.4.5.jar
7fc5f22aa000-7fc5f22af000 r--s 00024000 08:02 339520                     /home/nataniel/.m2/repository/com/microsoft/azure/azure-core/0.9.3/azure-core-0.9.3.jar
7fc5f22af000-7fc5f22b2000 r--s 0001b000 08:02 339523                     /home/nataniel/.m2/repository/com/microsoft/azure/azure-keyvault/0.9.3/azure-keyvault-0.9.3.jar
7fc5f22b2000-7fc5f22bb000 r--s 000b3000 08:02 339521                     /home/nataniel/.m2/repository/com/microsoft/sqlserver/mssql-jdbc/6.1.0.jre8/mssql-jdbc-6.1.0.jre8.jar
7fc5f22bb000-7fc5f22e2000 r--s 00361000 08:02 339400                     /home/nataniel/.m2/repository/com/oracle/ojdbc7/12.1.0.2/ojdbc7-12.1.0.2.jar
7fc5f22e2000-7fc5f22f7000 r--s 000c3000 08:02 1707221                    /home/nataniel/.m2/repository/br/com/cds/connecta/framework/connecta-connectors/0.10.0-SNAPSHOT/connecta-connectors-0.10.0-SNAPSHOT.jar
7fc5f22f7000-7fc5f2305000 r--s 0007f000 08:02 338002                     /home/nataniel/.m2/repository/commons-collections/commons-collections/3.2.1/commons-collections-3.2.1.jar
7fc5f2305000-7fc5f230d000 r--s 00066000 08:02 338001                     /home/nataniel/.m2/repository/org/apache/velocity/velocity/1.7/velocity-1.7.jar
7fc5f230d000-7fc5f230f000 r--s 0000e000 08:02 338000                     /home/nataniel/.m2/repository/javax/activation/activation/1.1/activation-1.1.jar
7fc5f230f000-7fc5f2318000 r--s 0008c000 08:02 335433                     /home/nataniel/.m2/repository/com/sun/mail/javax.mail/1.5.6/javax.mail-1.5.6.jar
7fc5f2318000-7fc5f231f000 r--s 0003f000 08:02 335432                     /home/nataniel/.m2/repository/commons-codec/commons-codec/1.10/commons-codec-1.10.jar
7fc5f231f000-7fc5f2321000 r--s 00009000 08:02 335431                     /home/nataniel/.m2/repository/org/slf4j/slf4j-api/1.7.21/slf4j-api-1.7.21.jar
7fc5f2321000-7fc5f232a000 r--s 0006f000 08:02 335427                     /home/nataniel/.m2/repository/log4j/log4j/1.2.17/log4j-1.2.17.jar
7fc5f232a000-7fc5f232d000 r--s 00009000 08:02 335424                     /home/nataniel/.m2/repository/com/fasterxml/jackson/core/jackson-annotations/2.6.1/jackson-annotations-2.6.1.jar
7fc5f232d000-7fc5f233e000 r--s 0010c000 08:02 335425                     /home/nataniel/.m2/repository/com/fasterxml/jackson/core/jackson-databind/2.6.1/jackson-databind-2.6.1.jar
7fc5f233e000-7fc5f2342000 r--s 0003c000 08:02 335423                     /home/nataniel/.m2/repository/com/fasterxml/jackson/core/jackson-core/2.6.1/jackson-core-2.6.1.jar
7fc5f2342000-7fc5f2360000 r--s 00110000 08:02 335422                     /home/nataniel/.m2/repository/org/mockito/mockito-all/1.10.19/mockito-all-1.10.19.jar
7fc5f2360000-7fc5f2361000 r--s 0000c000 08:02 335416                     /home/nataniel/.m2/repository/org/hamcrest/hamcrest-library/1.3/hamcrest-library-1.3.jar
7fc5f2361000-7fc5f2363000 r--s 00009000 08:02 335417                     /home/nataniel/.m2/repository/org/hamcrest/hamcrest-core/1.3/hamcrest-core-1.3.jar
7fc5f2363000-7fc5f2364000 r--s 00007000 08:02 335415                     /home/nataniel/.m2/repository/org/exparity/hamcrest-date/1.1.0/hamcrest-date-1.1.0.jar
7fc5f2364000-7fc5f236a000 r--s 00045000 08:02 335411                     /home/nataniel/.m2/repository/org/hamcrest/hamcrest-all/1.3/hamcrest-all-1.3.jar
7fc5f236a000-7fc5f2372000 r--s 00045000 08:02 335410                     /home/nataniel/.m2/repository/junit/junit/4.12/junit-4.12.jar
7fc5f2372000-7fc5f237f000 r--s 0018f000 08:02 335408                     /home/nataniel/.m2/repository/com/h2database/h2/1.4.185/h2-1.4.185.jar
7fc5f237f000-7fc5f2381000 r--s 0000c000 08:02 335407                     /home/nataniel/.m2/repository/net/minidev/json-smart/1.2/json-smart-1.2.jar
7fc5f2381000-7fc5f2384000 r--s 00015000 08:02 335404                     /home/nataniel/.m2/repository/com/jayway/jsonpath/json-path/0.9.1/json-path-0.9.1.jar
7fc5f2384000-7fc5f238b000 r--s 00079000 08:02 335398                     /home/nataniel/.m2/repository/org/codehaus/woodstox/wstx-asl/3.2.7/wstx-asl-3.2.7.jar
7fc5f238b000-7fc5f2397000 r--s 000b3000 08:02 335397                     /home/nataniel/.m2/repository/org/apache/zookeeper/zookeeper/3.4.5/zookeeper-3.4.5.jar
7fc5f2397000-7fc5f2399000 r--s 00008000 08:02 335399                     /home/nataniel/.m2/repository/org/apache/httpcomponents/httpmime/4.3.1/httpmime-4.3.1.jar
7fc5f2399000-7fc5f239f000 r--s 0003f000 08:02 335393                     /home/nataniel/.m2/repository/org/apache/httpcomponents/httpcore/4.3/httpcore-4.3.jar
7fc5f239f000-7fc5f23aa000 r--s 00084000 08:02 335392                     /home/nataniel/.m2/repository/org/apache/httpcomponents/httpclient/4.3.1/httpclient-4.3.1.jar
7fc5f23aa000-7fc5f23b2000 r--s 0005e000 08:02 335391                     /home/nataniel/.m2/repository/org/apache/solr/solr-solrj/4.7.0/solr-solrj-4.7.0.jar
7fc5f23b2000-7fc5f23b8000 r--s 0002f000 08:02 335388                     /home/nataniel/.m2/repository/org/apache/lucene/lucene-queries/4.10.4/lucene-queries-4.10.4.jar
7fc5f23b8000-7fc5f23bc000 r--s 00028000 08:02 335384                     /home/nataniel/.m2/repository/org/apache/lucene/lucene-facet/4.10.4/lucene-facet-4.10.4.jar
7fc5f23bc000-7fc5f23cd000 r--s 0018f000 08:02 335386                     /home/nataniel/.m2/repository/org/apache/lucene/lucene-analyzers-common/4.10.4/lucene-analyzers-common-4.10.4.jar
7fc5f23cd000-7fc5f23f7000 r--s 00248000 08:02 335387                     /home/nataniel/.m2/repository/org/apache/lucene/lucene-core/4.10.4/lucene-core-4.10.4.jar
7fc5f23f7000-7fc5f240d000 r--s 000da000 08:02 335379                     /home/nataniel/.m2/repository/org/hibernate/hibernate-search-engine/5.3.0.Final/hibernate-search-engine-5.3.0.Final.jar
7fc5f240d000-7fc5f2410000 r--s 0001f000 08:02 335376                     /home/nataniel/.m2/repository/org/hibernate/hibernate-search-orm/5.3.0.Final/hibernate-search-orm-5.3.0.Final.jar
7fc5f2410000-7fc5f2412000 r--s 00003000 08:02 335377                     /home/nataniel/.m2/repository/com/fasterxml/jackson/datatype/jackson-datatype-hibernate4/2.6.1/jackson-datatype-hibernate4-2.6.1.jar
7fc5f2412000-7fc5f2416000 r--s 00035000 08:02 335374                     /home/nataniel/.m2/repository/org/codehaus/jackson/jackson-core-asl/1.9.13/jackson-core-asl-1.9.13.jar
7fc5f2416000-7fc5f2424000 r--s 000b1000 08:02 335373                     /home/nataniel/.m2/repository/org/codehaus/jackson/jackson-mapper-asl/1.9.13/jackson-mapper-asl-1.9.13.jar
7fc5f2424000-7fc5f2429000 r--s 00034000 08:02 335371                     /home/nataniel/.m2/repository/commons-beanutils/commons-beanutils/1.8.3/commons-beanutils-1.8.3.jar
7fc5f2429000-7fc5f242e000 r--s 00041000 08:02 335368                     /home/nataniel/.m2/repository/commons-lang/commons-lang/2.6/commons-lang-2.6.jar
7fc5f242e000-7fc5f2430000 r--s 0000f000 08:02 335366                     /home/nataniel/.m2/repository/commons-fileupload/commons-fileupload/1.3.1/commons-fileupload-1.3.1.jar
7fc5f2430000-7fc5f2434000 r--s 00029000 08:02 335367                     /home/nataniel/.m2/repository/commons-io/commons-io/2.3/commons-io-2.3.jar
7fc5f2434000-7fc5f2436000 r--s 00007000 08:02 335360                     /home/nataniel/.m2/repository/javax/websocket/javax.websocket-api/1.0/javax.websocket-api-1.0.jar
7fc5f2436000-7fc5f2439000 r--s 00012000 08:02 335361                     /home/nataniel/.m2/repository/javax/servlet/javax.servlet-api/3.0.1/javax.servlet-api-3.0.1.jar
7fc5f2439000-7fc5f2451000 r--s 001ac000 08:02 335358                     /home/nataniel/.m2/repository/org/aspectj/aspectjweaver/1.7.4/aspectjweaver-1.7.4.jar
7fc5f2451000-7fc5f2454000 r--s 0001a000 08:02 335359                     /home/nataniel/.m2/repository/org/glassfish/web/javax.el/2.2.5/javax.el-2.2.5.jar
7fc5f2454000-7fc5f2456000 r--s 00008000 08:02 335353                     /home/nataniel/.m2/repository/javax/el/javax.el-api/2.2.5/javax.el-api-2.2.5.jar
7fc5f2456000-7fc5f245a000 r--s 0000c000 08:02 335352                     /home/nataniel/.m2/repository/javax/validation/validation-api/1.1.0.Final/validation-api-1.1.0.Final.jar
7fc5f245a000-7fc5f245c000 r--s 0000d000 08:02 335351                     /home/nataniel/.m2/repository/com/fasterxml/classmate/1.0.0/classmate-1.0.0.jar
7fc5f245c000-7fc5f246a000 r--s 0008d000 08:02 335347                     /home/nataniel/.m2/repository/org/hibernate/hibernate-validator/5.1.3.Final/hibernate-validator-5.1.3.Final.jar
7fc5f246a000-7fc5f246c000 r--s 0000c000 08:02 335346                     /home/nataniel/.m2/repository/org/jboss/logging/jboss-logging/3.1.3.GA/jboss-logging-3.1.3.GA.jar
7fc5f246c000-7fc5f246f000 r--s 00010000 08:02 335343                     /home/nataniel/.m2/repository/org/hibernate/common/hibernate-commons-annotations/4.0.5.Final/hibernate-commons-annotations-4.0.5.Final.jar
7fc5f246f000-7fc5f247d000 r--s 00091000 08:02 335342                     /home/nataniel/.m2/repository/org/hibernate/hibernate-entitymanager/4.3.10.Final/hibernate-entitymanager-4.3.10.Final.jar
7fc5f247d000-7fc5f2482000 r--s 00068000 08:02 335338                     /home/nataniel/.m2/repository/antlr/antlr/2.7.7/antlr-2.7.7.jar
7fc5f2482000-7fc5f248c000 r--s 000a5000 08:02 335337                     /home/nataniel/.m2/repository/org/javassist/javassist/3.18.1-GA/javassist-3.18.1-GA.jar
7fc5f248c000-7fc5f2491000 r--s 00017000 08:02 335334                     /home/nataniel/.m2/repository/org/hibernate/javax/persistence/hibernate-jpa-2.1-api/1.0.0.Final/hibernate-jpa-2.1-api-1.0.0.Final.jar
7fc5f2491000-7fc5f2496000 r--s 00016000 08:02 333091                     /home/nataniel/.m2/repository/xml-apis/xml-apis/1.0.b2/xml-apis-1.0.b2.jar
7fc5f2496000-7fc5f249b000 r--s 00048000 08:02 335333                     /home/nataniel/.m2/repository/dom4j/dom4j/1.6.1/dom4j-1.6.1.jar
7fc5f249b000-7fc5f24fa000 r--s 004ab000 08:02 335327                     /home/nataniel/.m2/repository/org/hibernate/hibernate-core/4.3.10.Final/hibernate-core-4.3.10.Final.jar
7fc5f24fa000-7fc5f2505000 r--s 0008a000 08:02 335325                     /home/nataniel/.m2/repository/c3p0/c3p0/0.9.1.1/c3p0-0.9.1.1.jar
7fc5f2505000-7fc5f250f000 r--s 00098000 08:02 335320                     /home/nataniel/.m2/repository/org/quartz-scheduler/quartz/2.2.1/quartz-2.2.1.jar
7fc5f250f000-7fc5f2512000 ---p 00000000 00:00 0 
7fc5f2512000-7fc5f2610000 rw-p 00000000 00:00 0 
7fc5f2610000-7fc5f28e9000 r--p 00000000 08:02 159                        /usr/lib/locale/locale-archive
7fc5f28e9000-7fc5f28ec000 ---p 00000000 00:00 0 
7fc5f28ec000-7fc5f29ea000 rw-p 00000000 00:00 0 
7fc5f29ea000-7fc5f29ed000 ---p 00000000 00:00 0 
7fc5f29ed000-7fc5f2aeb000 rw-p 00000000 00:00 0 
7fc5f2aeb000-7fc5f2aec000 ---p 00000000 00:00 0 
7fc5f2aec000-7fc5f4000000 rw-p 00000000 00:00 0 
7fc5f4000000-7fc5f4021000 rw-p 00000000 00:00 0 
7fc5f4021000-7fc5f8000000 ---p 00000000 00:00 0 
7fc5f8000000-7fc5f800a000 r--s 0004a000 08:02 335319                     /home/nataniel/.m2/repository/org/springframework/security/spring-security-web/3.2.5.RELEASE/spring-security-web-3.2.5.RELEASE.jar
7fc5f800a000-7fc5f8012000 r--s 0005c000 08:02 335318                     /home/nataniel/.m2/repository/org/springframework/security/spring-security-config/3.2.5.RELEASE/spring-security-config-3.2.5.RELEASE.jar
7fc5f8012000-7fc5f801e000 r--s 0005c000 08:02 335317                     /home/nataniel/.m2/repository/org/springframework/security/oauth/spring-security-oauth2/2.0.5.RELEASE/spring-security-oauth2-2.0.5.RELEASE.jar
7fc5f801e000-7fc5f8029000 r--s 0004f000 08:02 335312                     /home/nataniel/.m2/repository/org/springframework/security/spring-security-core/3.2.6.RELEASE/spring-security-core-3.2.6.RELEASE.jar
7fc5f8029000-7fc5f802e000 r--s 00027000 08:02 335311                     /home/nataniel/.m2/repository/org/springframework/spring-context-support/4.1.5.RELEASE/spring-context-support-4.1.5.RELEASE.jar
7fc5f802e000-7fc5f8035000 r--s 00037000 08:02 335309                     /home/nataniel/.m2/repository/org/springframework/spring-tx/4.1.5.RELEASE/spring-tx-4.1.5.RELEASE.jar
7fc5f8035000-7fc5f803c000 r--s 0003f000 08:02 335306                     /home/nataniel/.m2/repository/org/springframework/spring-messaging/4.1.5.RELEASE/spring-messaging-4.1.5.RELEASE.jar
7fc5f803c000-7fc5f8044000 r--s 00057000 08:02 335307                     /home/nataniel/.m2/repository/org/springframework/spring-websocket/4.1.5.RELEASE/spring-websocket-4.1.5.RELEASE.jar
7fc5f8044000-7fc5f8050000 r--s 0006f000 08:02 335302                     /home/nataniel/.m2/repository/org/springframework/spring-test/4.1.5.RELEASE/spring-test-4.1.5.RELEASE.jar
7fc5f8050000-7fc5f8054000 r--s 00019000 08:02 335301                     /home/nataniel/.m2/repository/org/aspectj/aspectjrt/1.8.4/aspectjrt-1.8.4.jar
7fc5f8054000-7fc5f8061000 r--s 0006e000 08:02 335296                     /home/nataniel/.m2/repository/org/springframework/data/spring-data-commons/1.9.2.RELEASE/spring-data-commons-1.9.2.RELEASE.jar
7fc5f8061000-7fc5f8067000 r--s 00031000 08:02 335297                     /home/nataniel/.m2/repository/org/springframework/data/spring-data-jpa/1.7.2.RELEASE/spring-data-jpa-1.7.2.RELEASE.jar
7fc5f8067000-7fc5f8071000 r--s 0005f000 08:02 335293                     /home/nataniel/.m2/repository/org/springframework/spring-jdbc/4.1.5.RELEASE/spring-jdbc-4.1.5.RELEASE.jar
7fc5f8071000-7fc5f807e000 r--s 000a0000 08:02 335285                     /home/nataniel/.m2/repository/org/springframework/spring-beans/4.1.5.RELEASE/spring-beans-4.1.5.RELEASE.jar
7fc5f807e000-7fc5fc000000 rw-p 00000000 00:00 0 
7fc5fc000000-7fc5fc021000 rw-p 00000000 00:00 0 
7fc5fc021000-7fc600000000 ---p 00000000 00:00 0 
7fc600000000-7fc600021000 rw-p 00000000 00:00 0 
7fc600021000-7fc604000000 ---p 00000000 00:00 0 
7fc604000000-7fc604021000 rw-p 00000000 00:00 0 
7fc604021000-7fc608000000 ---p 00000000 00:00 0 
7fc608000000-7fc608021000 rw-p 00000000 00:00 0 
7fc608021000-7fc60c000000 ---p 00000000 00:00 0 
7fc60c000000-7fc60c021000 rw-p 00000000 00:00 0 
7fc60c021000-7fc610000000 ---p 00000000 00:00 0 
7fc610000000-7fc610021000 rw-p 00000000 00:00 0 
7fc610021000-7fc614000000 ---p 00000000 00:00 0 
7fc614000000-7fc614021000 rw-p 00000000 00:00 0 
7fc614021000-7fc618000000 ---p 00000000 00:00 0 
7fc618000000-7fc618001000 r--s 00005000 08:02 335402                     /home/nataniel/.m2/repository/org/noggit/noggit/0.5/noggit-0.5.jar
7fc618001000-7fc618003000 r--s 00011000 08:02 335339                     /home/nataniel/.m2/repository/org/jboss/jandex/1.1.0.Final/jandex-1.1.0.Final.jar
7fc618003000-7fc61800c000 r--s 0004f000 08:02 335288                     /home/nataniel/.m2/repository/org/springframework/spring-aop/4.1.5.RELEASE/spring-aop-4.1.5.RELEASE.jar
7fc61800c000-7fc618024000 r--s 000e3000 08:02 335276                     /home/nataniel/.m2/repository/org/springframework/spring-context/4.1.5.RELEASE/spring-context-4.1.5.RELEASE.jar
7fc618024000-7fc619000000 rw-p 00000000 00:00 0 
7fc619000000-7fc619f20000 rwxp 00000000 00:00 0 
7fc619f20000-7fc628000000 ---p 00000000 00:00 0 
7fc628000000-7fc629cc9000 rw-p 00000000 00:00 0 
7fc629cc9000-7fc62c000000 ---p 00000000 00:00 0 
7fc62c000000-7fc62c002000 r--s 00007000 08:02 335326                     /home/nataniel/.m2/repository/org/quartz-scheduler/quartz-jobs/2.2.1/quartz-jobs-2.2.1.jar
7fc62c002000-7fc62c011000 r--s 000b0000 08:02 335283                     /home/nataniel/.m2/repository/org/springframework/spring-webmvc/4.1.5.RELEASE/spring-webmvc-4.1.5.RELEASE.jar
7fc62c011000-7fc62c016000 r--s 0003b000 08:02 335277                     /home/nataniel/.m2/repository/org/springframework/spring-expression/4.1.5.RELEASE/spring-expression-4.1.5.RELEASE.jar
7fc62c016000-7fc62c02b000 r--s 000e2000 08:02 335275                     /home/nataniel/.m2/repository/org/springframework/spring-core/4.1.5.RELEASE/spring-core-4.1.5.RELEASE.jar
7fc62c02b000-7fc62c12c000 rw-p 00000000 00:00 0 
7fc62c12c000-7fc62c304000 r--s 03d2a000 08:02 298531                     /opt/java/jdk1.8.0_111/jre/lib/rt.jar
7fc62c304000-7fc62c37a000 rw-p 00000000 00:00 0 
7fc62c37a000-7fc62c37b000 ---p 00000000 00:00 0 
7fc62c37b000-7fc62c47b000 rw-p 00000000 00:00 0 
7fc62c47b000-7fc62c47c000 ---p 00000000 00:00 0 
7fc62c47c000-7fc62c57c000 rw-p 00000000 00:00 0 
7fc62c57c000-7fc62c57d000 ---p 00000000 00:00 0 
7fc62c57d000-7fc62c67d000 rw-p 00000000 00:00 0 
7fc62c67d000-7fc62c67e000 ---p 00000000 00:00 0 
7fc62c67e000-7fc62c77e000 rw-p 00000000 00:00 0 
7fc62c77e000-7fc62c77f000 ---p 00000000 00:00 0 
7fc62c77f000-7fc62c87f000 rw-p 00000000 00:00 0 
7fc62c87f000-7fc62c880000 ---p 00000000 00:00 0 
7fc62c880000-7fc62c980000 rw-p 00000000 00:00 0 
7fc62c980000-7fc62c981000 ---p 00000000 00:00 0 
7fc62c981000-7fc62ca81000 rw-p 00000000 00:00 0 
7fc62ca81000-7fc62ca82000 ---p 00000000 00:00 0 
7fc62ca82000-7fc62cba3000 rw-p 00000000 00:00 0 
7fc62cba3000-7fc62ce12000 ---p 00000000 00:00 0 
7fc62ce12000-7fc62ce33000 rw-p 00000000 00:00 0 
7fc62ce33000-7fc62d0a2000 ---p 00000000 00:00 0 
7fc62d0a2000-7fc62d13f000 rw-p 00000000 00:00 0 
7fc62d13f000-7fc62d1ea000 ---p 00000000 00:00 0 
7fc62d1ea000-7fc62d228000 rw-p 00000000 00:00 0 
7fc62d228000-7fc62d5ab000 ---p 00000000 00:00 0 
7fc62d5ab000-7fc62d5c5000 r-xp 00000000 08:02 298562                     /opt/java/jdk1.8.0_111/jre/lib/amd64/libzip.so
7fc62d5c5000-7fc62d7c5000 ---p 0001a000 08:02 298562                     /opt/java/jdk1.8.0_111/jre/lib/amd64/libzip.so
7fc62d7c5000-7fc62d7c6000 rw-p 0001a000 08:02 298562                     /opt/java/jdk1.8.0_111/jre/lib/amd64/libzip.so
7fc62d7c6000-7fc62d7d1000 r-xp 00000000 08:02 5768534                    /lib/x86_64-linux-gnu/libnss_files-2.23.so
7fc62d7d1000-7fc62d9d0000 ---p 0000b000 08:02 5768534                    /lib/x86_64-linux-gnu/libnss_files-2.23.so
7fc62d9d0000-7fc62d9d1000 r--p 0000a000 08:02 5768534                    /lib/x86_64-linux-gnu/libnss_files-2.23.so
7fc62d9d1000-7fc62d9d2000 rw-p 0000b000 08:02 5768534                    /lib/x86_64-linux-gnu/libnss_files-2.23.so
7fc62d9d2000-7fc62d9d8000 rw-p 00000000 00:00 0 
7fc62d9d8000-7fc62d9e3000 r-xp 00000000 08:02 5768484                    /lib/x86_64-linux-gnu/libnss_nis-2.23.so
7fc62d9e3000-7fc62dbe2000 ---p 0000b000 08:02 5768484                    /lib/x86_64-linux-gnu/libnss_nis-2.23.so
7fc62dbe2000-7fc62dbe3000 r--p 0000a000 08:02 5768484                    /lib/x86_64-linux-gnu/libnss_nis-2.23.so
7fc62dbe3000-7fc62dbe4000 rw-p 0000b000 08:02 5768484                    /lib/x86_64-linux-gnu/libnss_nis-2.23.so
7fc62dbe4000-7fc62dbfa000 r-xp 00000000 08:02 5768526                    /lib/x86_64-linux-gnu/libnsl-2.23.so
7fc62dbfa000-7fc62ddf9000 ---p 00016000 08:02 5768526                    /lib/x86_64-linux-gnu/libnsl-2.23.so
7fc62ddf9000-7fc62ddfa000 r--p 00015000 08:02 5768526                    /lib/x86_64-linux-gnu/libnsl-2.23.so
7fc62ddfa000-7fc62ddfb000 rw-p 00016000 08:02 5768526                    /lib/x86_64-linux-gnu/libnsl-2.23.so
7fc62ddfb000-7fc62ddfd000 rw-p 00000000 00:00 0 
7fc62ddfd000-7fc62de05000 r-xp 00000000 08:02 5768531                    /lib/x86_64-linux-gnu/libnss_compat-2.23.so
7fc62de05000-7fc62e004000 ---p 00008000 08:02 5768531                    /lib/x86_64-linux-gnu/libnss_compat-2.23.so
7fc62e004000-7fc62e005000 r--p 00007000 08:02 5768531                    /lib/x86_64-linux-gnu/libnss_compat-2.23.so
7fc62e005000-7fc62e006000 rw-p 00008000 08:02 5768531                    /lib/x86_64-linux-gnu/libnss_compat-2.23.so
7fc62e006000-7fc62e010000 r-xp 00000000 08:02 298600                     /opt/java/jdk1.8.0_111/jre/lib/amd64/libinstrument.so
7fc62e010000-7fc62e20f000 ---p 0000a000 08:02 298600                     /opt/java/jdk1.8.0_111/jre/lib/amd64/libinstrument.so
7fc62e20f000-7fc62e210000 rw-p 00009000 08:02 298600                     /opt/java/jdk1.8.0_111/jre/lib/amd64/libinstrument.so
7fc62e210000-7fc62e23b000 r-xp 00000000 08:02 298589                     /opt/java/jdk1.8.0_111/jre/lib/amd64/libjava.so
7fc62e23b000-7fc62e43a000 ---p 0002b000 08:02 298589                     /opt/java/jdk1.8.0_111/jre/lib/amd64/libjava.so
7fc62e43a000-7fc62e43c000 rw-p 0002a000 08:02 298589                     /opt/java/jdk1.8.0_111/jre/lib/amd64/libjava.so
7fc62e43c000-7fc62e449000 r-xp 00000000 08:02 298540                     /opt/java/jdk1.8.0_111/jre/lib/amd64/libverify.so
7fc62e449000-7fc62e648000 ---p 0000d000 08:02 298540                     /opt/java/jdk1.8.0_111/jre/lib/amd64/libverify.so
7fc62e648000-7fc62e64a000 rw-p 0000c000 08:02 298540                     /opt/java/jdk1.8.0_111/jre/lib/amd64/libverify.so
7fc62e64a000-7fc62e651000 r-xp 00000000 08:02 5768483                    /lib/x86_64-linux-gnu/librt-2.23.so
7fc62e651000-7fc62e850000 ---p 00007000 08:02 5768483                    /lib/x86_64-linux-gnu/librt-2.23.so
7fc62e850000-7fc62e851000 r--p 00006000 08:02 5768483                    /lib/x86_64-linux-gnu/librt-2.23.so
7fc62e851000-7fc62e852000 rw-p 00007000 08:02 5768483                    /lib/x86_64-linux-gnu/librt-2.23.so
7fc62e852000-7fc62e95a000 r-xp 00000000 08:02 5768524                    /lib/x86_64-linux-gnu/libm-2.23.so
7fc62e95a000-7fc62eb59000 ---p 00108000 08:02 5768524                    /lib/x86_64-linux-gnu/libm-2.23.so
7fc62eb59000-7fc62eb5a000 r--p 00107000 08:02 5768524                    /lib/x86_64-linux-gnu/libm-2.23.so
7fc62eb5a000-7fc62eb5b000 rw-p 00108000 08:02 5768524                    /lib/x86_64-linux-gnu/libm-2.23.so
7fc62eb5b000-7fc62f828000 r-xp 00000000 08:02 298593                     /opt/java/jdk1.8.0_111/jre/lib/amd64/server/libjvm.so
7fc62f828000-7fc62fa27000 ---p 00ccd000 08:02 298593                     /opt/java/jdk1.8.0_111/jre/lib/amd64/server/libjvm.so
7fc62fa27000-7fc62fb00000 rw-p 00ccc000 08:02 298593                     /opt/java/jdk1.8.0_111/jre/lib/amd64/server/libjvm.so
7fc62fb00000-7fc62fb4b000 rw-p 00000000 00:00 0 
7fc62fb4b000-7fc62fd0a000 r-xp 00000000 08:02 5768497                    /lib/x86_64-linux-gnu/libc-2.23.so
7fc62fd0a000-7fc62ff0a000 ---p 001bf000 08:02 5768497                    /lib/x86_64-linux-gnu/libc-2.23.so
7fc62ff0a000-7fc62ff0e000 r--p 001bf000 08:02 5768497                    /lib/x86_64-linux-gnu/libc-2.23.so
7fc62ff0e000-7fc62ff10000 rw-p 001c3000 08:02 5768497                    /lib/x86_64-linux-gnu/libc-2.23.so
7fc62ff10000-7fc62ff14000 rw-p 00000000 00:00 0 
7fc62ff14000-7fc62ff17000 r-xp 00000000 08:02 5768496                    /lib/x86_64-linux-gnu/libdl-2.23.so
7fc62ff17000-7fc630116000 ---p 00003000 08:02 5768496                    /lib/x86_64-linux-gnu/libdl-2.23.so
7fc630116000-7fc630117000 r--p 00002000 08:02 5768496                    /lib/x86_64-linux-gnu/libdl-2.23.so
7fc630117000-7fc630118000 rw-p 00003000 08:02 5768496                    /lib/x86_64-linux-gnu/libdl-2.23.so
7fc630118000-7fc63012d000 r-xp 00000000 08:02 298578                     /opt/java/jdk1.8.0_111/jre/lib/amd64/jli/libjli.so
7fc63012d000-7fc63032d000 ---p 00015000 08:02 298578                     /opt/java/jdk1.8.0_111/jre/lib/amd64/jli/libjli.so
7fc63032d000-7fc63032e000 rw-p 00015000 08:02 298578                     /opt/java/jdk1.8.0_111/jre/lib/amd64/jli/libjli.so
7fc63032e000-7fc630346000 r-xp 00000000 08:02 5768525                    /lib/x86_64-linux-gnu/libpthread-2.23.so
7fc630346000-7fc630545000 ---p 00018000 08:02 5768525                    /lib/x86_64-linux-gnu/libpthread-2.23.so
7fc630545000-7fc630546000 r--p 00017000 08:02 5768525                    /lib/x86_64-linux-gnu/libpthread-2.23.so
7fc630546000-7fc630547000 rw-p 00018000 08:02 5768525                    /lib/x86_64-linux-gnu/libpthread-2.23.so
7fc630547000-7fc63054b000 rw-p 00000000 00:00 0 
7fc63054b000-7fc630571000 r-xp 00000000 08:02 5767197                    /lib/x86_64-linux-gnu/ld-2.23.so
7fc630571000-7fc630572000 r--s 00006000 08:02 335332                     /home/nataniel/.m2/repository/org/jboss/spec/javax/transaction/jboss-transaction-api_1.2_spec/1.0.0.Final/jboss-transaction-api_1.2_spec-1.0.0.Final.jar
7fc630572000-7fc630574000 r--s 00003000 08:02 335300                     /home/nataniel/.m2/repository/org/slf4j/jcl-over-slf4j/1.7.10/jcl-over-slf4j-1.7.10.jar
7fc630574000-7fc630645000 rw-p 00000000 00:00 0 
7fc630645000-7fc630648000 ---p 00000000 00:00 0 
7fc630648000-7fc63074a000 rw-p 00000000 00:00 0 
7fc63074a000-7fc63074b000 r--s 00002000 08:02 335328                     /home/nataniel/.m2/repository/org/jboss/logging/jboss-logging-annotations/1.2.0.Beta1/jboss-logging-annotations-1.2.0.Beta1.jar
7fc63074b000-7fc63074d000 r--s 00000000 08:02 335289                     /home/nataniel/.m2/repository/aopalliance/aopalliance/1.0/aopalliance-1.0.jar
7fc63074d000-7fc630755000 r--s 00054000 08:02 335278                     /home/nataniel/.m2/repository/org/springframework/spring-orm/4.1.5.RELEASE/spring-orm-4.1.5.RELEASE.jar
7fc630755000-7fc630757000 r--s 0000e000 08:02 335279                     /home/nataniel/.m2/repository/commons-logging/commons-logging/1.2/commons-logging-1.2.jar
7fc630757000-7fc63075c000 r--s 0001c000 08:02 1578477                    /home/nataniel/.m2/repository/br/com/cds/connecta/framework/connecta-core/0.10.0-SNAPSHOT/connecta-core-0.10.0-SNAPSHOT.jar
7fc63075c000-7fc630761000 r--s 00023000 08:02 338310                     /home/nataniel/.m2/repository/org/apache/maven/surefire/surefire-api/2.10/surefire-api-2.10.jar
7fc630761000-7fc630763000 r--s 00007000 08:02 338306                     /home/nataniel/.m2/repository/org/apache/maven/surefire/surefire-booter/2.10/surefire-booter-2.10.jar
7fc630763000-7fc630764000 r--s 00004000 08:02 2097397                    /home/nataniel/NetBeansProjects/connecta-portal/target/surefire/surefirebooter1448527276826547012.jar
7fc630764000-7fc63076c000 rw-s 00000000 08:02 13763091                   /tmp/hsperfdata_nataniel/23809
7fc63076c000-7fc63076d000 rw-p 00000000 00:00 0 
7fc63076d000-7fc63076e000 ---p 00000000 00:00 0 
7fc63076e000-7fc630770000 rw-p 00000000 00:00 0 
7fc630770000-7fc630771000 r--p 00025000 08:02 5767197                    /lib/x86_64-linux-gnu/ld-2.23.so
7fc630771000-7fc630772000 rw-p 00026000 08:02 5767197                    /lib/x86_64-linux-gnu/ld-2.23.so
7fc630772000-7fc630773000 rw-p 00000000 00:00 0 
7ffd69a1d000-7ffd69a3e000 rw-p 00000000 00:00 0                          [stack]
7ffd69b2f000-7ffd69b31000 r--p 00000000 00:00 0                          [vvar]
7ffd69b31000-7ffd69b33000 r-xp 00000000 00:00 0                          [vdso]
ffffffffff600000-ffffffffff601000 r-xp 00000000 00:00 0                  [vsyscall]

VM Arguments:
jvm_args: -javaagent:/home/nataniel/.m2/repository/org/jacoco/org.jacoco.agent/0.7.7.201606060606/org.jacoco.agent-0.7.7.201606060606-runtime.jar=destfile=/home/nataniel/NetBeansProjects/connecta-portal/target/jacoco.exec 
java_command: /home/nataniel/NetBeansProjects/connecta-portal/target/surefire/surefirebooter1448527276826547012.jar /home/nataniel/NetBeansProjects/connecta-portal/target/surefire/surefire7242439789924753875tmp /home/nataniel/NetBeansProjects/connecta-portal/target/surefire/surefire6834858258043288211tmp
java_class_path (initial): /home/nataniel/NetBeansProjects/connecta-portal/target/surefire/surefirebooter1448527276826547012.jar:/home/nataniel/.m2/repository/org/jacoco/org.jacoco.agent/0.7.7.201606060606/org.jacoco.agent-0.7.7.201606060606-runtime.jar
Launcher Type: SUN_STANDARD

Environment Variables:
JAVA_HOME=/opt/java/jdk1.8.0_111
PATH=/usr/local/sbin:/usr/local/bin:/usr/sbin:/usr/bin:/sbin:/bin:/usr/games:/usr/local/games
USERNAME=nataniel
LD_LIBRARY_PATH=/opt/java/jdk1.8.0_111/jre/lib/amd64:/opt/java/jdk1.8.0_111/jre/lib/i386:
SHELL=/bin/bash
DISPLAY=:0

Signal Handlers:
SIGSEGV: [libjvm.so+0xac64b0], sa_mask[0]=11111111011111111101111111111110, sa_flags=SA_RESTART|SA_SIGINFO
SIGBUS: [libjvm.so+0xac64b0], sa_mask[0]=11111111011111111101111111111110, sa_flags=SA_RESTART|SA_SIGINFO
SIGFPE: [libjvm.so+0x91f950], sa_mask[0]=11111111011111111101111111111110, sa_flags=SA_RESTART|SA_SIGINFO
SIGPIPE: [libjvm.so+0x91f950], sa_mask[0]=11111111011111111101111111111110, sa_flags=SA_RESTART|SA_SIGINFO
SIGXFSZ: [libjvm.so+0x91f950], sa_mask[0]=11111111011111111101111111111110, sa_flags=SA_RESTART|SA_SIGINFO
SIGILL: [libjvm.so+0x91f950], sa_mask[0]=11111111011111111101111111111110, sa_flags=SA_RESTART|SA_SIGINFO
SIGUSR1: SIG_DFL, sa_mask[0]=00000000000000000000000000000000, sa_flags=none
SIGUSR2: [libjvm.so+0x920f80], sa_mask[0]=00100000000000000000000000000000, sa_flags=SA_RESTART|SA_SIGINFO
SIGHUP: [libjvm.so+0x922380], sa_mask[0]=11111111011111111101111111111110, sa_flags=SA_RESTART|SA_SIGINFO
SIGINT: SIG_IGN, sa_mask[0]=00000000000000000000000000000000, sa_flags=none
SIGTERM: [libjvm.so+0x922380], sa_mask[0]=11111111011111111101111111111110, sa_flags=SA_RESTART|SA_SIGINFO
SIGQUIT: [libjvm.so+0x922380], sa_mask[0]=11111111011111111101111111111110, sa_flags=SA_RESTART|SA_SIGINFO


---------------  S Y S T E M  ---------------

OS:DISTRIB_ID=LinuxMint
DISTRIB_RELEASE=18.1
DISTRIB_CODENAME=serena
DISTRIB_DESCRIPTION="Linux Mint 18.1 Serena"

uname:Linux 4.4.0-62-generic #83-Ubuntu SMP Wed Jan 18 14:10:15 UTC 2017 x86_64
libc:glibc 2.23 NPTL 2.23 
rlimit: STACK 8192k, CORE 0k, NPROC 30605, NOFILE 65536, AS infinity
load average:12,40 4,16 1,98

/proc/meminfo:
MemTotal:        8057820 kB
MemFree:          120316 kB
MemAvailable:      48644 kB
Buffers:            2988 kB
Cached:           232608 kB
SwapCached:            0 kB
Active:          7404008 kB
Inactive:         197464 kB
Active(anon):    7369416 kB
Inactive(anon):   168824 kB
Active(file):      34592 kB
Inactive(file):    28640 kB
Unevictable:         900 kB
Mlocked:             900 kB
SwapTotal:             0 kB
SwapFree:              0 kB
Dirty:               276 kB
Writeback:             0 kB
AnonPages:       7350488 kB
Mapped:           277828 kB
Shmem:            171792 kB
Slab:             117356 kB
SReclaimable:      65312 kB
SUnreclaim:        52044 kB
KernelStack:       16944 kB
PageTables:        60336 kB
NFS_Unstable:          0 kB
Bounce:                0 kB
WritebackTmp:          0 kB
CommitLimit:     4028908 kB
Committed_AS:   13819148 kB
VmallocTotal:   34359738367 kB
VmallocUsed:           0 kB
VmallocChunk:          0 kB
HardwareCorrupted:     0 kB
AnonHugePages:   3614720 kB
CmaTotal:              0 kB
CmaFree:               0 kB
HugePages_Total:       0
HugePages_Free:        0
HugePages_Rsvd:        0
HugePages_Surp:        0
Hugepagesize:       2048 kB
DirectMap4k:      309252 kB
DirectMap2M:     7962624 kB


CPU:total 8 (4 cores per cpu, 2 threads per core) family 6 model 58 stepping 9, cmov, cx8, fxsr, mmx, sse, sse2, sse3, ssse3, sse4.1, sse4.2, popcnt, avx, aes, clmul, erms, ht, tsc, tscinvbit, tscinv

/proc/cpuinfo:
processor	: 0
vendor_id	: GenuineIntel
cpu family	: 6
model		: 58
model name	: Intel(R) Core(TM) i7-3610QM CPU @ 2.30GHz
stepping	: 9
microcode	: 0x12
cpu MHz		: 1230.769
cache size	: 6144 KB
physical id	: 0
siblings	: 8
core id		: 0
cpu cores	: 4
apicid		: 0
initial apicid	: 0
fpu		: yes
fpu_exception	: yes
cpuid level	: 13
wp		: yes
flags		: fpu vme de pse tsc msr pae mce cx8 apic sep mtrr pge mca cmov pat pse36 clflush dts acpi mmx fxsr sse sse2 ss ht tm pbe syscall nx rdtscp lm constant_tsc arch_perfmon pebs bts rep_good nopl xtopology nonstop_tsc aperfmperf eagerfpu pni pclmulqdq dtes64 monitor ds_cpl vmx est tm2 ssse3 cx16 xtpr pdcm pcid sse4_1 sse4_2 x2apic popcnt tsc_deadline_timer aes xsave avx f16c rdrand lahf_lm epb tpr_shadow vnmi flexpriority ept vpid fsgsbase smep erms xsaveopt dtherm ida arat pln pts
bugs		:
bogomips	: 4589.60
clflush size	: 64
cache_alignment	: 64
address sizes	: 36 bits physical, 48 bits virtual
power management:

processor	: 1
vendor_id	: GenuineIntel
cpu family	: 6
model		: 58
model name	: Intel(R) Core(TM) i7-3610QM CPU @ 2.30GHz
stepping	: 9
microcode	: 0x12
cpu MHz		: 1245.593
cache size	: 6144 KB
physical id	: 0
siblings	: 8
core id		: 1
cpu cores	: 4
apicid		: 2
initial apicid	: 2
fpu		: yes
fpu_exception	: yes
cpuid level	: 13
wp		: yes
flags		: fpu vme de pse tsc msr pae mce cx8 apic sep mtrr pge mca cmov pat pse36 clflush dts acpi mmx fxsr sse sse2 ss ht tm pbe syscall nx rdtscp lm constant_tsc arch_perfmon pebs bts rep_good nopl xtopology nonstop_tsc aperfmperf eagerfpu pni pclmulqdq dtes64 monitor ds_cpl vmx est tm2 ssse3 cx16 xtpr pdcm pcid sse4_1 sse4_2 x2apic popcnt tsc_deadline_timer aes xsave avx f16c rdrand lahf_lm epb tpr_shadow vnmi flexpriority ept vpid fsgsbase smep erms xsaveopt dtherm ida arat pln pts
bugs		:
bogomips	: 4589.60
clflush size	: 64
cache_alignment	: 64
address sizes	: 36 bits physical, 48 bits virtual
power management:

processor	: 2
vendor_id	: GenuineIntel
cpu family	: 6
model		: 58
model name	: Intel(R) Core(TM) i7-3610QM CPU @ 2.30GHz
stepping	: 9
microcode	: 0x12
cpu MHz		: 1217.921
cache size	: 6144 KB
physical id	: 0
siblings	: 8
core id		: 2
cpu cores	: 4
apicid		: 4
initial apicid	: 4
fpu		: yes
fpu_exception	: yes
cpuid level	: 13
wp		: yes
flags		: fpu vme de pse tsc msr pae mce cx8 apic sep mtrr pge mca cmov pat pse36 clflush dts acpi mmx fxsr sse sse2 ss ht tm pbe syscall nx rdtscp lm constant_tsc arch_perfmon pebs bts rep_good nopl xtopology nonstop_tsc aperfmperf eagerfpu pni pclmulqdq dtes64 monitor ds_cpl vmx est tm2 ssse3 cx16 xtpr pdcm pcid sse4_1 sse4_2 x2apic popcnt tsc_deadline_timer aes xsave avx f16c rdrand lahf_lm epb tpr_shadow vnmi flexpriority ept vpid fsgsbase smep erms xsaveopt dtherm ida arat pln pts
bugs		:
bogomips	: 4589.60
clflush size	: 64
cache_alignment	: 64
address sizes	: 36 bits physical, 48 bits virtual
power management:

processor	: 3
vendor_id	: GenuineIntel
cpu family	: 6
model		: 58
model name	: Intel(R) Core(TM) i7-3610QM CPU @ 2.30GHz
stepping	: 9
microcode	: 0x12
cpu MHz		: 1252.242
cache size	: 6144 KB
physical id	: 0
siblings	: 8
core id		: 3
cpu cores	: 4
apicid		: 6
initial apicid	: 6
fpu		: yes
fpu_exception	: yes
cpuid level	: 13
wp		: yes
flags		: fpu vme de pse tsc msr pae mce cx8 apic sep mtrr pge mca cmov pat pse36 clflush dts acpi mmx fxsr sse sse2 ss ht tm pbe syscall nx rdtscp lm constant_tsc arch_perfmon pebs bts rep_good nopl xtopology nonstop_tsc aperfmperf eagerfpu pni pclmulqdq dtes64 monitor ds_cpl vmx est tm2 ssse3 cx16 xtpr pdcm pcid sse4_1 sse4_2 x2apic popcnt tsc_deadline_timer aes xsave avx f16c rdrand lahf_lm epb tpr_shadow vnmi flexpriority ept vpid fsgsbase smep erms xsaveopt dtherm ida arat pln pts
bugs		:
bogomips	: 4589.60
clflush size	: 64
cache_alignment	: 64
address sizes	: 36 bits physical, 48 bits virtual
power management:

processor	: 4
vendor_id	: GenuineIntel
cpu family	: 6
model		: 58
model name	: Intel(R) Core(TM) i7-3610QM CPU @ 2.30GHz
stepping	: 9
microcode	: 0x12
cpu MHz		: 1212.261
cache size	: 6144 KB
physical id	: 0
siblings	: 8
core id		: 0
cpu cores	: 4
apicid		: 1
initial apicid	: 1
fpu		: yes
fpu_exception	: yes
cpuid level	: 13
wp		: yes
flags		: fpu vme de pse tsc msr pae mce cx8 apic sep mtrr pge mca cmov pat pse36 clflush dts acpi mmx fxsr sse sse2 ss ht tm pbe syscall nx rdtscp lm constant_tsc arch_perfmon pebs bts rep_good nopl xtopology nonstop_tsc aperfmperf eagerfpu pni pclmulqdq dtes64 monitor ds_cpl vmx est tm2 ssse3 cx16 xtpr pdcm pcid sse4_1 sse4_2 x2apic popcnt tsc_deadline_timer aes xsave avx f16c rdrand lahf_lm epb tpr_shadow vnmi flexpriority ept vpid fsgsbase smep erms xsaveopt dtherm ida arat pln pts
bugs		:
bogomips	: 4589.60
clflush size	: 64
cache_alignment	: 64
address sizes	: 36 bits physical, 48 bits virtual
power management:

processor	: 5
vendor_id	: GenuineIntel
cpu family	: 6
model		: 58
model name	: Intel(R) Core(TM) i7-3610QM CPU @ 2.30GHz
stepping	: 9
microcode	: 0x12
cpu MHz		: 1276.859
cache size	: 6144 KB
physical id	: 0
siblings	: 8
core id		: 1
cpu cores	: 4
apicid		: 3
initial apicid	: 3
fpu		: yes
fpu_exception	: yes
cpuid level	: 13
wp		: yes
flags		: fpu vme de pse tsc msr pae mce cx8 apic sep mtrr pge mca cmov pat pse36 clflush dts acpi mmx fxsr sse sse2 ss ht tm pbe syscall nx rdtscp lm constant_tsc arch_perfmon pebs bts rep_good nopl xtopology nonstop_tsc aperfmperf eagerfpu pni pclmulqdq dtes64 monitor ds_cpl vmx est tm2 ssse3 cx16 xtpr pdcm pcid sse4_1 sse4_2 x2apic popcnt tsc_deadline_timer aes xsave avx f16c rdrand lahf_lm epb tpr_shadow vnmi flexpriority ept vpid fsgsbase smep erms xsaveopt dtherm ida arat pln pts
bugs		:
bogomips	: 4589.60
clflush size	: 64
cache_alignment	: 64
address sizes	: 36 bits physical, 48 bits virtual
power management:

processor	: 6
vendor_id	: GenuineIntel
cpu family	: 6
model		: 58
model name	: Intel(R) Core(TM) i7-3610QM CPU @ 2.30GHz
stepping	: 9
microcode	: 0x12
cpu MHz		: 1227.175
cache size	: 6144 KB
physical id	: 0
siblings	: 8
core id		: 2
cpu cores	: 4
apicid		: 5
initial apicid	: 5
fpu		: yes
fpu_exception	: yes
cpuid level	: 13
wp		: yes
flags		: fpu vme de pse tsc msr pae mce cx8 apic sep mtrr pge mca cmov pat pse36 clflush dts acpi mmx fxsr sse sse2 ss ht tm pbe syscall nx rdtscp lm constant_tsc arch_perfmon pebs bts rep_good nopl xtopology nonstop_tsc aperfmperf eagerfpu pni pclmulqdq dtes64 monitor ds_cpl vmx est tm2 ssse3 cx16 xtpr pdcm pcid sse4_1 sse4_2 x2apic popcnt tsc_deadline_timer aes xsave avx f16c rdrand lahf_lm epb tpr_shadow vnmi flexpriority ept vpid fsgsbase smep erms xsaveopt dtherm ida arat pln pts
bugs		:
bogomips	: 4589.60
clflush size	: 64
cache_alignment	: 64
address sizes	: 36 bits physical, 48 bits virtual
power management:

processor	: 7
vendor_id	: GenuineIntel
cpu family	: 6
model		: 58
model name	: Intel(R) Core(TM) i7-3610QM CPU @ 2.30GHz
stepping	: 9
microcode	: 0x12
cpu MHz		: 1216.035
cache size	: 6144 KB
physical id	: 0
siblings	: 8
core id		: 3
cpu cores	: 4
apicid		: 7
initial apicid	: 7
fpu		: yes
fpu_exception	: yes
cpuid level	: 13
wp		: yes
flags		: fpu vme de pse tsc msr pae mce cx8 apic sep mtrr pge mca cmov pat pse36 clflush dts acpi mmx fxsr sse sse2 ss ht tm pbe syscall nx rdtscp lm constant_tsc arch_perfmon pebs bts rep_good nopl xtopology nonstop_tsc aperfmperf eagerfpu pni pclmulqdq dtes64 monitor ds_cpl vmx est tm2 ssse3 cx16 xtpr pdcm pcid sse4_1 sse4_2 x2apic popcnt tsc_deadline_timer aes xsave avx f16c rdrand lahf_lm epb tpr_shadow vnmi flexpriority ept vpid fsgsbase smep erms xsaveopt dtherm ida arat pln pts
bugs		:
bogomips	: 4589.60
clflush size	: 64
cache_alignment	: 64
address sizes	: 36 bits physical, 48 bits virtual
power management:



Memory: 4k page, physical 8057820k(120316k free), swap 0k(0k free)

vm_info: Java HotSpot(TM) 64-Bit Server VM (25.111-b14) for linux-amd64 JRE (1.8.0_111-b14), built on Sep 22 2016 16:14:03 by "java_re" with gcc 4.3.0 20080428 (Red Hat 4.3.0-8)

time: Fri Feb 24 15:34:25 2017
elapsed time: 34 seconds (0d 0h 0m 34s)

